[1.129s] Invoking command in '/home/santiago/ros2_ws/phantom_ws/src/pincher_control': PYTHONPATH=/home/santiago/ros2_ws/phantom_ws/build/pincher_control/prefix_override:/usr/lib/python3/dist-packages/colcon_core/task/python/colcon_distutils_commands:/home/santiago/ros2_ws/phantom_ws/install/pincher_control/lib/python3.10/site-packages:${PYTHONPATH} /usr/bin/python3 -W ignore:setup.py install is deprecated -W ignore:easy_install command is deprecated setup.py egg_info --egg-base ../../build/pincher_control build --build-base /home/santiago/ros2_ws/phantom_ws/build/pincher_control/build install --record /home/santiago/ros2_ws/phantom_ws/build/pincher_control/install.log --single-version-externally-managed install_data
[1.619s] running egg_info
[1.619s] writing ../../build/pincher_control/pincher_control.egg-info/PKG-INFO
[1.619s] writing dependency_links to ../../build/pincher_control/pincher_control.egg-info/dependency_links.txt
[1.619s] writing entry points to ../../build/pincher_control/pincher_control.egg-info/entry_points.txt
[1.621s] writing requirements to ../../build/pincher_control/pincher_control.egg-info/requires.txt
[1.621s] writing top-level names to ../../build/pincher_control/pincher_control.egg-info/top_level.txt
[1.624s] reading manifest file '../../build/pincher_control/pincher_control.egg-info/SOURCES.txt'
[1.625s] writing manifest file '../../build/pincher_control/pincher_control.egg-info/SOURCES.txt'
[1.625s] running build
[1.625s] running build_py
[1.627s] running install
[1.627s] running install_lib
[1.630s] running install_data
[1.630s] running install_egg_info
[1.634s] removing '/home/santiago/ros2_ws/phantom_ws/install/pincher_control/lib/python3.10/site-packages/pincher_control-0.0.0-py3.10.egg-info' (and everything under it)
[1.635s] Copying ../../build/pincher_control/pincher_control.egg-info to /home/santiago/ros2_ws/phantom_ws/install/pincher_control/lib/python3.10/site-packages/pincher_control-0.0.0-py3.10.egg-info
[1.637s] running install_scripts
[1.686s] Installing control_servo script to /home/santiago/ros2_ws/phantom_ws/install/pincher_control/lib/pincher_control
[1.686s] writing list of installed files to '/home/santiago/ros2_ws/phantom_ws/build/pincher_control/install.log'
[1.735s] Invoked command in '/home/santiago/ros2_ws/phantom_ws/src/pincher_control' returned '0': PYTHONPATH=/home/santiago/ros2_ws/phantom_ws/build/pincher_control/prefix_override:/usr/lib/python3/dist-packages/colcon_core/task/python/colcon_distutils_commands:/home/santiago/ros2_ws/phantom_ws/install/pincher_control/lib/python3.10/site-packages:${PYTHONPATH} /usr/bin/python3 -W ignore:setup.py install is deprecated -W ignore:easy_install command is deprecated setup.py egg_info --egg-base ../../build/pincher_control build --build-base /home/santiago/ros2_ws/phantom_ws/build/pincher_control/build install --record /home/santiago/ros2_ws/phantom_ws/build/pincher_control/install.log --single-version-externally-managed install_data
