[1.953s] Invoking command in '/home/santiago/ros2_ws/phantom_ws/src/pincher_control': PYTHONPATH=/home/santiago/ros2_ws/phantom_ws/build/pincher_control/prefix_override:/usr/lib/python3/dist-packages/colcon_core/task/python/colcon_distutils_commands:/home/santiago/ros2_ws/phantom_ws/install/pincher_control/lib/python3.10/site-packages:${PYTHONPATH} /usr/bin/python3 -W ignore:setup.py install is deprecated -W ignore:easy_install command is deprecated setup.py egg_info --egg-base ../../build/pincher_control build --build-base /home/santiago/ros2_ws/phantom_ws/build/pincher_control/build install --record /home/santiago/ros2_ws/phantom_ws/build/pincher_control/install.log --single-version-externally-managed install_data
[2.339s] running egg_info
[2.340s] writing ../../build/pincher_control/pincher_control.egg-info/PKG-INFO
[2.341s] writing dependency_links to ../../build/pincher_control/pincher_control.egg-info/dependency_links.txt
[2.341s] writing entry points to ../../build/pincher_control/pincher_control.egg-info/entry_points.txt
[2.342s] writing requirements to ../../build/pincher_control/pincher_control.egg-info/requires.txt
[2.345s] writing top-level names to ../../build/pincher_control/pincher_control.egg-info/top_level.txt
[2.345s] reading manifest file '../../build/pincher_control/pincher_control.egg-info/SOURCES.txt'
[2.346s] writing manifest file '../../build/pincher_control/pincher_control.egg-info/SOURCES.txt'
[2.347s] running build
[2.347s] running build_py
[2.347s] running install
[2.348s] running install_lib
[2.350s] running install_data
[2.350s] running install_egg_info
[2.352s] removing '/home/santiago/ros2_ws/phantom_ws/install/pincher_control/lib/python3.10/site-packages/pincher_control-0.0.0-py3.10.egg-info' (and everything under it)
[2.353s] Copying ../../build/pincher_control/pincher_control.egg-info to /home/santiago/ros2_ws/phantom_ws/install/pincher_control/lib/python3.10/site-packages/pincher_control-0.0.0-py3.10.egg-info
[2.353s] running install_scripts
[2.381s] Installing control_servo script to /home/santiago/ros2_ws/phantom_ws/install/pincher_control/lib/pincher_control
[2.381s] writing list of installed files to '/home/santiago/ros2_ws/phantom_ws/build/pincher_control/install.log'
[2.411s] Invoked command in '/home/santiago/ros2_ws/phantom_ws/src/pincher_control' returned '0': PYTHONPATH=/home/santiago/ros2_ws/phantom_ws/build/pincher_control/prefix_override:/usr/lib/python3/dist-packages/colcon_core/task/python/colcon_distutils_commands:/home/santiago/ros2_ws/phantom_ws/install/pincher_control/lib/python3.10/site-packages:${PYTHONPATH} /usr/bin/python3 -W ignore:setup.py install is deprecated -W ignore:easy_install command is deprecated setup.py egg_info --egg-base ../../build/pincher_control build --build-base /home/santiago/ros2_ws/phantom_ws/build/pincher_control/build install --record /home/santiago/ros2_ws/phantom_ws/build/pincher_control/install.log --single-version-externally-managed install_data
