[0.639s] Invoking command in '/home/santiago/ros2_ws/phantom_ws/src/pincher_control': PYTHONPATH=/home/santiago/ros2_ws/phantom_ws/build/pincher_control/prefix_override:/usr/lib/python3/dist-packages/colcon_core/task/python/colcon_distutils_commands:/home/santiago/ros2_ws/phantom_ws/install/pincher_control/lib/python3.10/site-packages:${PYTHONPATH} /usr/bin/python3 -W ignore:setup.py install is deprecated -W ignore:easy_install command is deprecated setup.py egg_info --egg-base ../../build/pincher_control build --build-base /home/santiago/ros2_ws/phantom_ws/build/pincher_control/build install --record /home/santiago/ros2_ws/phantom_ws/build/pincher_control/install.log --single-version-externally-managed install_data
[0.908s] running egg_info
[0.909s] writing ../../build/pincher_control/pincher_control.egg-info/PKG-INFO
[0.910s] writing dependency_links to ../../build/pincher_control/pincher_control.egg-info/dependency_links.txt
[0.911s] writing entry points to ../../build/pincher_control/pincher_control.egg-info/entry_points.txt
[0.912s] writing requirements to ../../build/pincher_control/pincher_control.egg-info/requires.txt
[0.912s] writing top-level names to ../../build/pincher_control/pincher_control.egg-info/top_level.txt
[0.915s] reading manifest file '../../build/pincher_control/pincher_control.egg-info/SOURCES.txt'
[0.916s] writing manifest file '../../build/pincher_control/pincher_control.egg-info/SOURCES.txt'
[0.916s] running build
[0.916s] running build_py
[0.917s] copying pincher_control/control_servo.py -> /home/santiago/ros2_ws/phantom_ws/build/pincher_control/build/lib/pincher_control
[0.918s] running install
[0.918s] running install_lib
[0.920s] copying /home/santiago/ros2_ws/phantom_ws/build/pincher_control/build/lib/pincher_control/control_servo.py -> /home/santiago/ros2_ws/phantom_ws/install/pincher_control/lib/python3.10/site-packages/pincher_control
[0.920s] byte-compiling /home/santiago/ros2_ws/phantom_ws/install/pincher_control/lib/python3.10/site-packages/pincher_control/control_servo.py to control_servo.cpython-310.pyc
[0.925s] running install_data
[0.925s] running install_egg_info
[0.927s] removing '/home/santiago/ros2_ws/phantom_ws/install/pincher_control/lib/python3.10/site-packages/pincher_control-0.0.0-py3.10.egg-info' (and everything under it)
[0.930s] Copying ../../build/pincher_control/pincher_control.egg-info to /home/santiago/ros2_ws/phantom_ws/install/pincher_control/lib/python3.10/site-packages/pincher_control-0.0.0-py3.10.egg-info
[0.930s] running install_scripts
[0.959s] Installing control_servo script to /home/santiago/ros2_ws/phantom_ws/install/pincher_control/lib/pincher_control
[0.959s] writing list of installed files to '/home/santiago/ros2_ws/phantom_ws/build/pincher_control/install.log'
[0.982s] Invoked command in '/home/santiago/ros2_ws/phantom_ws/src/pincher_control' returned '0': PYTHONPATH=/home/santiago/ros2_ws/phantom_ws/build/pincher_control/prefix_override:/usr/lib/python3/dist-packages/colcon_core/task/python/colcon_distutils_commands:/home/santiago/ros2_ws/phantom_ws/install/pincher_control/lib/python3.10/site-packages:${PYTHONPATH} /usr/bin/python3 -W ignore:setup.py install is deprecated -W ignore:easy_install command is deprecated setup.py egg_info --egg-base ../../build/pincher_control build --build-base /home/santiago/ros2_ws/phantom_ws/build/pincher_control/build install --record /home/santiago/ros2_ws/phantom_ws/build/pincher_control/install.log --single-version-externally-managed install_data
