[1.289s] Invoking command in '/home/santiago/ros2_ws/phantom_ws/src/pincher_control': PYTHONPATH=/home/santiago/ros2_ws/phantom_ws/build/pincher_control/prefix_override:/usr/lib/python3/dist-packages/colcon_core/task/python/colcon_distutils_commands:/home/santiago/ros2_ws/phantom_ws/install/pincher_control/lib/python3.10/site-packages:${PYTHONPATH} /usr/bin/python3 -W ignore:setup.py install is deprecated -W ignore:easy_install command is deprecated setup.py egg_info --egg-base ../../build/pincher_control build --build-base /home/santiago/ros2_ws/phantom_ws/build/pincher_control/build install --record /home/santiago/ros2_ws/phantom_ws/build/pincher_control/install.log --single-version-externally-managed install_data
[1.669s] running egg_info
[1.671s] creating ../../build/pincher_control/pincher_control.egg-info
[1.672s] writing ../../build/pincher_control/pincher_control.egg-info/PKG-INFO
[1.672s] writing dependency_links to ../../build/pincher_control/pincher_control.egg-info/dependency_links.txt
[1.672s] writing entry points to ../../build/pincher_control/pincher_control.egg-info/entry_points.txt
[1.672s] writing requirements to ../../build/pincher_control/pincher_control.egg-info/requires.txt
[1.672s] writing top-level names to ../../build/pincher_control/pincher_control.egg-info/top_level.txt
[1.673s] writing manifest file '../../build/pincher_control/pincher_control.egg-info/SOURCES.txt'
[1.675s] reading manifest file '../../build/pincher_control/pincher_control.egg-info/SOURCES.txt'
[1.677s] writing manifest file '../../build/pincher_control/pincher_control.egg-info/SOURCES.txt'
[1.677s] running build
[1.677s] running build_py
[1.677s] creating /home/santiago/ros2_ws/phantom_ws/build/pincher_control/build
[1.677s] creating /home/santiago/ros2_ws/phantom_ws/build/pincher_control/build/lib
[1.677s] creating /home/santiago/ros2_ws/phantom_ws/build/pincher_control/build/lib/pincher_control
[1.677s] copying pincher_control/__init__.py -> /home/santiago/ros2_ws/phantom_ws/build/pincher_control/build/lib/pincher_control
[1.678s] copying pincher_control/control.py -> /home/santiago/ros2_ws/phantom_ws/build/pincher_control/build/lib/pincher_control
[1.678s] copying pincher_control/ventana.py -> /home/santiago/ros2_ws/phantom_ws/build/pincher_control/build/lib/pincher_control
[1.679s] copying pincher_control/control_servo.py -> /home/santiago/ros2_ws/phantom_ws/build/pincher_control/build/lib/pincher_control
[1.679s] running install
[1.680s] running install_lib
[1.681s] creating /home/santiago/ros2_ws/phantom_ws/install/pincher_control/lib/python3.10/site-packages/pincher_control
[1.681s] copying /home/santiago/ros2_ws/phantom_ws/build/pincher_control/build/lib/pincher_control/__init__.py -> /home/santiago/ros2_ws/phantom_ws/install/pincher_control/lib/python3.10/site-packages/pincher_control
[1.682s] copying /home/santiago/ros2_ws/phantom_ws/build/pincher_control/build/lib/pincher_control/control.py -> /home/santiago/ros2_ws/phantom_ws/install/pincher_control/lib/python3.10/site-packages/pincher_control
[1.682s] copying /home/santiago/ros2_ws/phantom_ws/build/pincher_control/build/lib/pincher_control/ventana.py -> /home/santiago/ros2_ws/phantom_ws/install/pincher_control/lib/python3.10/site-packages/pincher_control
[1.682s] copying /home/santiago/ros2_ws/phantom_ws/build/pincher_control/build/lib/pincher_control/control_servo.py -> /home/santiago/ros2_ws/phantom_ws/install/pincher_control/lib/python3.10/site-packages/pincher_control
[1.683s] byte-compiling /home/santiago/ros2_ws/phantom_ws/install/pincher_control/lib/python3.10/site-packages/pincher_control/__init__.py to __init__.cpython-310.pyc
[1.683s] byte-compiling /home/santiago/ros2_ws/phantom_ws/install/pincher_control/lib/python3.10/site-packages/pincher_control/control.py to control.cpython-310.pyc
[1.686s] byte-compiling /home/santiago/ros2_ws/phantom_ws/install/pincher_control/lib/python3.10/site-packages/pincher_control/ventana.py to ventana.cpython-310.pyc
[1.687s] byte-compiling /home/santiago/ros2_ws/phantom_ws/install/pincher_control/lib/python3.10/site-packages/pincher_control/control_servo.py to control_servo.cpython-310.pyc
[1.693s] running install_data
[1.693s] creating /home/santiago/ros2_ws/phantom_ws/install/pincher_control/share/ament_index
[1.693s] creating /home/santiago/ros2_ws/phantom_ws/install/pincher_control/share/ament_index/resource_index
[1.693s] creating /home/santiago/ros2_ws/phantom_ws/install/pincher_control/share/ament_index/resource_index/packages
[1.693s] copying resource/pincher_control -> /home/santiago/ros2_ws/phantom_ws/install/pincher_control/share/ament_index/resource_index/packages
[1.693s] copying package.xml -> /home/santiago/ros2_ws/phantom_ws/install/pincher_control/share/pincher_control
[1.694s] running install_egg_info
[1.694s] Copying ../../build/pincher_control/pincher_control.egg-info to /home/santiago/ros2_ws/phantom_ws/install/pincher_control/lib/python3.10/site-packages/pincher_control-0.0.0-py3.10.egg-info
[1.694s] running install_scripts
[1.782s] Installing control_servo script to /home/santiago/ros2_ws/phantom_ws/install/pincher_control/lib/pincher_control
[1.784s] writing list of installed files to '/home/santiago/ros2_ws/phantom_ws/build/pincher_control/install.log'
[1.933s] Invoked command in '/home/santiago/ros2_ws/phantom_ws/src/pincher_control' returned '0': PYTHONPATH=/home/santiago/ros2_ws/phantom_ws/build/pincher_control/prefix_override:/usr/lib/python3/dist-packages/colcon_core/task/python/colcon_distutils_commands:/home/santiago/ros2_ws/phantom_ws/install/pincher_control/lib/python3.10/site-packages:${PYTHONPATH} /usr/bin/python3 -W ignore:setup.py install is deprecated -W ignore:easy_install command is deprecated setup.py egg_info --egg-base ../../build/pincher_control build --build-base /home/santiago/ros2_ws/phantom_ws/build/pincher_control/build install --record /home/santiago/ros2_ws/phantom_ws/build/pincher_control/install.log --single-version-externally-managed install_data
