[0.013s] Invoking command in '/home/santiago/ros2_ws/phantom_ws/build/phantomx_pincher_demos': AMENT_PREFIX_PATH=/home/santiago/ros2_ws/phantom_ws/install/phantomx_pincher:/home/santiago/ros2_ws/phantom_ws/install/phantomx_pincher_moveit_config:/home/santiago/ros2_ws/phantom_ws/install/phantomx_pincher_description:${AMENT_PREFIX_PATH} CMAKE_PREFIX_PATH=/home/santiago/ros2_ws/phantom_ws/install/phantomx_pincher:/home/santiago/ros2_ws/phantom_ws/install/phantomx_pincher_moveit_config:/home/santiago/ros2_ws/phantom_ws/install/phantomx_pincher_description:/opt/ros/humble IGN_GAZEBO_RESOURCE_PATH=/home/santiago/ros2_ws/phantom_ws/install/phantomx_pincher_description/share/phantomx_pincher_description /usr/bin/cmake /home/santiago/ros2_ws/phantom_ws/src/phantomx_pincher/phantomx_pincher_demos -DCMAKE_INSTALL_PREFIX=/home/santiago/ros2_ws/phantom_ws/install/phantomx_pincher_demos
[0.097s] -- The C compiler identification is GNU 11.4.0
[0.169s] -- The CXX compiler identification is GNU 11.4.0
[0.180s] -- Detecting C compiler ABI info
[0.281s] -- Detecting C compiler ABI info - done
[0.288s] -- Check for working C compiler: /usr/bin/cc - skipped
[0.288s] -- Detecting C compile features
[0.288s] -- Detecting C compile features - done
[0.291s] -- Detecting CXX compiler ABI info
[0.405s] -- Detecting CXX compiler ABI info - done
[0.413s] -- Check for working CXX compiler: /usr/bin/c++ - skipped
[0.413s] -- Detecting CXX compile features
[0.414s] -- Detecting CXX compile features - done
[0.416s] -- Found ament_cmake: 1.3.11 (/opt/ros/humble/share/ament_cmake/cmake)
[0.602s] -- Found Python3: /usr/bin/python3 (found version "3.10.12") found components: Interpreter 
[0.695s] -- Found phantomx_pincher: 1.0.0 (/home/santiago/ros2_ws/phantom_ws/install/phantomx_pincher/share/phantomx_pincher/cmake)
[0.766s] -- Configuring done
[0.768s] -- Generating done
[0.772s] -- Build files have been written to: /home/santiago/ros2_ws/phantom_ws/build/phantomx_pincher_demos
[0.777s] Invoked command in '/home/santiago/ros2_ws/phantom_ws/build/phantomx_pincher_demos' returned '0': AMENT_PREFIX_PATH=/home/santiago/ros2_ws/phantom_ws/install/phantomx_pincher:/home/santiago/ros2_ws/phantom_ws/install/phantomx_pincher_moveit_config:/home/santiago/ros2_ws/phantom_ws/install/phantomx_pincher_description:${AMENT_PREFIX_PATH} CMAKE_PREFIX_PATH=/home/santiago/ros2_ws/phantom_ws/install/phantomx_pincher:/home/santiago/ros2_ws/phantom_ws/install/phantomx_pincher_moveit_config:/home/santiago/ros2_ws/phantom_ws/install/phantomx_pincher_description:/opt/ros/humble IGN_GAZEBO_RESOURCE_PATH=/home/santiago/ros2_ws/phantom_ws/install/phantomx_pincher_description/share/phantomx_pincher_description /usr/bin/cmake /home/santiago/ros2_ws/phantom_ws/src/phantomx_pincher/phantomx_pincher_demos -DCMAKE_INSTALL_PREFIX=/home/santiago/ros2_ws/phantom_ws/install/phantomx_pincher_demos
[0.778s] Invoking command in '/home/santiago/ros2_ws/phantom_ws/build/phantomx_pincher_demos': AMENT_PREFIX_PATH=/home/santiago/ros2_ws/phantom_ws/install/phantomx_pincher:/home/santiago/ros2_ws/phantom_ws/install/phantomx_pincher_moveit_config:/home/santiago/ros2_ws/phantom_ws/install/phantomx_pincher_description:${AMENT_PREFIX_PATH} CMAKE_PREFIX_PATH=/home/santiago/ros2_ws/phantom_ws/install/phantomx_pincher:/home/santiago/ros2_ws/phantom_ws/install/phantomx_pincher_moveit_config:/home/santiago/ros2_ws/phantom_ws/install/phantomx_pincher_description:/opt/ros/humble IGN_GAZEBO_RESOURCE_PATH=/home/santiago/ros2_ws/phantom_ws/install/phantomx_pincher_description/share/phantomx_pincher_description /usr/bin/cmake --build /home/santiago/ros2_ws/phantom_ws/build/phantomx_pincher_demos -- -j4 -l4
[0.829s] Invoked command in '/home/santiago/ros2_ws/phantom_ws/build/phantomx_pincher_demos' returned '0': AMENT_PREFIX_PATH=/home/santiago/ros2_ws/phantom_ws/install/phantomx_pincher:/home/santiago/ros2_ws/phantom_ws/install/phantomx_pincher_moveit_config:/home/santiago/ros2_ws/phantom_ws/install/phantomx_pincher_description:${AMENT_PREFIX_PATH} CMAKE_PREFIX_PATH=/home/santiago/ros2_ws/phantom_ws/install/phantomx_pincher:/home/santiago/ros2_ws/phantom_ws/install/phantomx_pincher_moveit_config:/home/santiago/ros2_ws/phantom_ws/install/phantomx_pincher_description:/opt/ros/humble IGN_GAZEBO_RESOURCE_PATH=/home/santiago/ros2_ws/phantom_ws/install/phantomx_pincher_description/share/phantomx_pincher_description /usr/bin/cmake --build /home/santiago/ros2_ws/phantom_ws/build/phantomx_pincher_demos -- -j4 -l4
[0.830s] Invoking command in '/home/santiago/ros2_ws/phantom_ws/build/phantomx_pincher_demos': AMENT_PREFIX_PATH=/home/santiago/ros2_ws/phantom_ws/install/phantomx_pincher:/home/santiago/ros2_ws/phantom_ws/install/phantomx_pincher_moveit_config:/home/santiago/ros2_ws/phantom_ws/install/phantomx_pincher_description:${AMENT_PREFIX_PATH} CMAKE_PREFIX_PATH=/home/santiago/ros2_ws/phantom_ws/install/phantomx_pincher:/home/santiago/ros2_ws/phantom_ws/install/phantomx_pincher_moveit_config:/home/santiago/ros2_ws/phantom_ws/install/phantomx_pincher_description:/opt/ros/humble IGN_GAZEBO_RESOURCE_PATH=/home/santiago/ros2_ws/phantom_ws/install/phantomx_pincher_description/share/phantomx_pincher_description /usr/bin/cmake --install /home/santiago/ros2_ws/phantom_ws/build/phantomx_pincher_demos
[0.839s] -- Install configuration: ""
[0.839s] -- Installing: /home/santiago/ros2_ws/phantom_ws/install/phantomx_pincher_demos/share/phantomx_pincher_demos/launch
[0.839s] -- Installing: /home/santiago/ros2_ws/phantom_ws/install/phantomx_pincher_demos/share/phantomx_pincher_demos/launch/demo_moon_camera_sensors.launch.py
[0.839s] -- Installing: /home/santiago/ros2_ws/phantom_ws/install/phantomx_pincher_demos/share/phantomx_pincher_demos/launch/demo_orbit_pick_and_place.launch.py
[0.839s] -- Installing: /home/santiago/ros2_ws/phantom_ws/install/phantomx_pincher_demos/share/phantomx_pincher_demos/launch/demo_rover_peg_in_hole.launch.py
[0.839s] -- Installing: /home/santiago/ros2_ws/phantom_ws/install/phantomx_pincher_demos/share/phantomx_pincher_demos/rviz
[0.839s] -- Installing: /home/santiago/ros2_ws/phantom_ws/install/phantomx_pincher_demos/share/phantomx_pincher_demos/rviz/demo_rover_peg_in_hole.rviz
[0.840s] -- Installing: /home/santiago/ros2_ws/phantom_ws/install/phantomx_pincher_demos/share/phantomx_pincher_demos/rviz/demo_orbit_pick_and_place.rviz
[0.840s] -- Installing: /home/santiago/ros2_ws/phantom_ws/install/phantomx_pincher_demos/share/phantomx_pincher_demos/rviz/demo_moon_camera_sensors.rviz
[0.840s] -- Installing: /home/santiago/ros2_ws/phantom_ws/install/phantomx_pincher_demos/share/phantomx_pincher_demos/worlds
[0.840s] -- Installing: /home/santiago/ros2_ws/phantom_ws/install/phantomx_pincher_demos/share/phantomx_pincher_demos/worlds/orbit_pick_and_place.sdf
[0.840s] -- Installing: /home/santiago/ros2_ws/phantom_ws/install/phantomx_pincher_demos/share/phantomx_pincher_demos/worlds/moon_camera_sensors.sdf
[0.840s] -- Installing: /home/santiago/ros2_ws/phantom_ws/install/phantomx_pincher_demos/share/phantomx_pincher_demos/worlds/rover_peg_in_hole.sdf
[0.842s] -- Installing: /home/santiago/ros2_ws/phantom_ws/install/phantomx_pincher_demos/share/phantomx_pincher_demos/assets
[0.842s] -- Installing: /home/santiago/ros2_ws/phantom_ws/install/phantomx_pincher_demos/share/phantomx_pincher_demos/assets/suzanne.stl
[0.842s] -- Installing: /home/santiago/ros2_ws/phantom_ws/install/phantomx_pincher_demos/share/phantomx_pincher_demos/assets/module_holes.stl
[0.842s] -- Installing: /home/santiago/ros2_ws/phantom_ws/install/phantomx_pincher_demos/lib/phantomx_pincher_demos/demo_observe_scene.py
[0.843s] -- Installing: /home/santiago/ros2_ws/phantom_ws/install/phantomx_pincher_demos/lib/phantomx_pincher_demos/demo_peg_in_hole.py
[0.843s] -- Installing: /home/santiago/ros2_ws/phantom_ws/install/phantomx_pincher_demos/lib/phantomx_pincher_demos/demo_pick_and_place.py
[0.843s] -- Installing: /home/santiago/ros2_ws/phantom_ws/install/phantomx_pincher_demos/lib/phantomx_pincher_demos/ex_collision_mesh.py
[0.843s] -- Installing: /home/santiago/ros2_ws/phantom_ws/install/phantomx_pincher_demos/lib/phantomx_pincher_demos/ex_collision_primitive.py
[0.843s] -- Installing: /home/santiago/ros2_ws/phantom_ws/install/phantomx_pincher_demos/lib/phantomx_pincher_demos/ex_gripper.py
[0.843s] -- Installing: /home/santiago/ros2_ws/phantom_ws/install/phantomx_pincher_demos/lib/phantomx_pincher_demos/ex_joint_goal.py
[0.843s] -- Installing: /home/santiago/ros2_ws/phantom_ws/install/phantomx_pincher_demos/lib/phantomx_pincher_demos/ex_pose_goal.py
[0.843s] -- Installing: /home/santiago/ros2_ws/phantom_ws/install/phantomx_pincher_demos/lib/phantomx_pincher_demos/ex_servo.py
[0.843s] -- Installing: /home/santiago/ros2_ws/phantom_ws/install/phantomx_pincher_demos/lib/phantomx_pincher_demos/template.py
[0.843s] -- Installing: /home/santiago/ros2_ws/phantom_ws/install/phantomx_pincher_demos/share/ament_index/resource_index/package_run_dependencies/phantomx_pincher_demos
[0.843s] -- Installing: /home/santiago/ros2_ws/phantom_ws/install/phantomx_pincher_demos/share/ament_index/resource_index/parent_prefix_path/phantomx_pincher_demos
[0.843s] -- Installing: /home/santiago/ros2_ws/phantom_ws/install/phantomx_pincher_demos/share/phantomx_pincher_demos/environment/ament_prefix_path.sh
[0.846s] -- Installing: /home/santiago/ros2_ws/phantom_ws/install/phantomx_pincher_demos/share/phantomx_pincher_demos/environment/ament_prefix_path.dsv
[0.846s] -- Installing: /home/santiago/ros2_ws/phantom_ws/install/phantomx_pincher_demos/share/phantomx_pincher_demos/environment/path.sh
[0.846s] -- Installing: /home/santiago/ros2_ws/phantom_ws/install/phantomx_pincher_demos/share/phantomx_pincher_demos/environment/path.dsv
[0.846s] -- Installing: /home/santiago/ros2_ws/phantom_ws/install/phantomx_pincher_demos/share/phantomx_pincher_demos/local_setup.bash
[0.846s] -- Installing: /home/santiago/ros2_ws/phantom_ws/install/phantomx_pincher_demos/share/phantomx_pincher_demos/local_setup.sh
[0.846s] -- Installing: /home/santiago/ros2_ws/phantom_ws/install/phantomx_pincher_demos/share/phantomx_pincher_demos/local_setup.zsh
[0.846s] -- Installing: /home/santiago/ros2_ws/phantom_ws/install/phantomx_pincher_demos/share/phantomx_pincher_demos/local_setup.dsv
[0.846s] -- Installing: /home/santiago/ros2_ws/phantom_ws/install/phantomx_pincher_demos/share/phantomx_pincher_demos/package.dsv
[0.846s] -- Installing: /home/santiago/ros2_ws/phantom_ws/install/phantomx_pincher_demos/share/ament_index/resource_index/packages/phantomx_pincher_demos
[0.846s] -- Installing: /home/santiago/ros2_ws/phantom_ws/install/phantomx_pincher_demos/share/phantomx_pincher_demos/cmake/phantomx_pincher_demosConfig.cmake
[0.846s] -- Installing: /home/santiago/ros2_ws/phantom_ws/install/phantomx_pincher_demos/share/phantomx_pincher_demos/cmake/phantomx_pincher_demosConfig-version.cmake
[0.853s] -- Installing: /home/santiago/ros2_ws/phantom_ws/install/phantomx_pincher_demos/share/phantomx_pincher_demos/package.xml
[0.856s] Invoked command in '/home/santiago/ros2_ws/phantom_ws/build/phantomx_pincher_demos' returned '0': AMENT_PREFIX_PATH=/home/santiago/ros2_ws/phantom_ws/install/phantomx_pincher:/home/santiago/ros2_ws/phantom_ws/install/phantomx_pincher_moveit_config:/home/santiago/ros2_ws/phantom_ws/install/phantomx_pincher_description:${AMENT_PREFIX_PATH} CMAKE_PREFIX_PATH=/home/santiago/ros2_ws/phantom_ws/install/phantomx_pincher:/home/santiago/ros2_ws/phantom_ws/install/phantomx_pincher_moveit_config:/home/santiago/ros2_ws/phantom_ws/install/phantomx_pincher_description:/opt/ros/humble IGN_GAZEBO_RESOURCE_PATH=/home/santiago/ros2_ws/phantom_ws/install/phantomx_pincher_description/share/phantomx_pincher_description /usr/bin/cmake --install /home/santiago/ros2_ws/phantom_ws/build/phantomx_pincher_demos
