[0.762s] Invoking command in '/home/santiago/ros2_ws/phantom_ws/src/pincher_control': PYTHONPATH=/home/santiago/ros2_ws/phantom_ws/build/pincher_control/prefix_override:/usr/lib/python3/dist-packages/colcon_core/task/python/colcon_distutils_commands:/home/santiago/ros2_ws/phantom_ws/install/pincher_control/lib/python3.10/site-packages:${PYTHONPATH} /usr/bin/python3 -W ignore:setup.py install is deprecated -W ignore:easy_install command is deprecated setup.py egg_info --egg-base ../../build/pincher_control build --build-base /home/santiago/ros2_ws/phantom_ws/build/pincher_control/build install --record /home/santiago/ros2_ws/phantom_ws/build/pincher_control/install.log --single-version-externally-managed install_data
[0.993s] running egg_info
[0.995s] writing ../../build/pincher_control/pincher_control.egg-info/PKG-INFO
[0.995s] writing dependency_links to ../../build/pincher_control/pincher_control.egg-info/dependency_links.txt
[0.995s] writing entry points to ../../build/pincher_control/pincher_control.egg-info/entry_points.txt
[0.996s] writing requirements to ../../build/pincher_control/pincher_control.egg-info/requires.txt
[0.996s] writing top-level names to ../../build/pincher_control/pincher_control.egg-info/top_level.txt
[0.998s] reading manifest file '../../build/pincher_control/pincher_control.egg-info/SOURCES.txt'
[0.999s] writing manifest file '../../build/pincher_control/pincher_control.egg-info/SOURCES.txt'
[1.000s] running build
[1.000s] running build_py
[1.000s] copying pincher_control/control_servo.py -> /home/santiago/ros2_ws/phantom_ws/build/pincher_control/build/lib/pincher_control
[1.000s] running install
[1.001s] running install_lib
[1.002s] copying /home/santiago/ros2_ws/phantom_ws/build/pincher_control/build/lib/pincher_control/control_servo.py -> /home/santiago/ros2_ws/phantom_ws/install/pincher_control/lib/python3.10/site-packages/pincher_control
[1.003s] byte-compiling /home/santiago/ros2_ws/phantom_ws/install/pincher_control/lib/python3.10/site-packages/pincher_control/control_servo.py to control_servo.cpython-310.pyc
[1.007s] running install_data
[1.007s] running install_egg_info
[1.009s] removing '/home/santiago/ros2_ws/phantom_ws/install/pincher_control/lib/python3.10/site-packages/pincher_control-0.0.0-py3.10.egg-info' (and everything under it)
[1.012s] Copying ../../build/pincher_control/pincher_control.egg-info to /home/santiago/ros2_ws/phantom_ws/install/pincher_control/lib/python3.10/site-packages/pincher_control-0.0.0-py3.10.egg-info
[1.013s] running install_scripts
[1.035s] Installing control_servo script to /home/santiago/ros2_ws/phantom_ws/install/pincher_control/lib/pincher_control
[1.035s] writing list of installed files to '/home/santiago/ros2_ws/phantom_ws/build/pincher_control/install.log'
[1.066s] Invoked command in '/home/santiago/ros2_ws/phantom_ws/src/pincher_control' returned '0': PYTHONPATH=/home/santiago/ros2_ws/phantom_ws/build/pincher_control/prefix_override:/usr/lib/python3/dist-packages/colcon_core/task/python/colcon_distutils_commands:/home/santiago/ros2_ws/phantom_ws/install/pincher_control/lib/python3.10/site-packages:${PYTHONPATH} /usr/bin/python3 -W ignore:setup.py install is deprecated -W ignore:easy_install command is deprecated setup.py egg_info --egg-base ../../build/pincher_control build --build-base /home/santiago/ros2_ws/phantom_ws/build/pincher_control/build install --record /home/santiago/ros2_ws/phantom_ws/build/pincher_control/install.log --single-version-externally-managed install_data
