[0.111s] DEBUG:colcon:Command line arguments: ['/usr/bin/colcon', 'build']
[0.112s] DEBUG:colcon:Parsed command line arguments: Namespace(log_base=None, log_level=None, verb_name='build', build_base='build', install_base='install', merge_install=False, symlink_install=False, test_result_base=None, continue_on_error=False, executor='parallel', parallel_workers=4, event_handlers=None, ignore_user_meta=False, metas=['./colcon.meta'], base_paths=['.'], packages_ignore=None, packages_ignore_regex=None, paths=None, packages_up_to=None, packages_up_to_regex=None, packages_above=None, packages_above_and_dependencies=None, packages_above_depth=None, packages_select_by_dep=None, packages_skip_by_dep=None, packages_skip_up_to=None, packages_select_build_failed=False, packages_skip_build_finished=False, packages_select_test_failures=False, packages_skip_test_passed=False, packages_select=None, packages_skip=None, packages_select_regex=None, packages_skip_regex=None, packages_start=None, packages_end=None, allow_overriding=[], cmake_args=None, cmake_target=None, cmake_target_skip_unavailable=False, cmake_clean_cache=False, cmake_clean_first=False, cmake_force_configure=False, ament_cmake_args=None, catkin_cmake_args=None, catkin_skip_building_tests=False, verb_parser=<colcon_defaults.argument_parser.defaults.DefaultArgumentsDecorator object at 0x7d21bbc48340>, verb_extension=<colcon_core.verb.build.BuildVerb object at 0x7d21bbc172e0>, main=<bound method BuildVerb.main of <colcon_core.verb.build.BuildVerb object at 0x7d21bbc172e0>>)
[0.265s] Level 1:colcon.colcon_core.package_discovery:discover_packages(colcon_meta) check parameters
[0.265s] Level 1:colcon.colcon_core.package_discovery:discover_packages(recursive) check parameters
[0.265s] Level 1:colcon.colcon_core.package_discovery:discover_packages(ignore) check parameters
[0.265s] Level 1:colcon.colcon_core.package_discovery:discover_packages(path) check parameters
[0.265s] Level 1:colcon.colcon_core.package_discovery:discover_packages(colcon_meta) discover
[0.265s] Level 1:colcon.colcon_core.package_discovery:discover_packages(recursive) discover
[0.265s] INFO:colcon.colcon_core.package_discovery:Crawling recursively for packages in '/home/santiago/ros2_ws/phantom_ws'
[0.265s] Level 1:colcon.colcon_core.package_identification:_identify(.) by extensions ['ignore', 'ignore_ament_install']
[0.265s] Level 1:colcon.colcon_core.package_identification:_identify(.) by extension 'ignore'
[0.265s] Level 1:colcon.colcon_core.package_identification:_identify(.) by extension 'ignore_ament_install'
[0.265s] Level 1:colcon.colcon_core.package_identification:_identify(.) by extensions ['colcon_pkg']
[0.265s] Level 1:colcon.colcon_core.package_identification:_identify(.) by extension 'colcon_pkg'
[0.265s] Level 1:colcon.colcon_core.package_identification:_identify(.) by extensions ['colcon_meta']
[0.265s] Level 1:colcon.colcon_core.package_identification:_identify(.) by extension 'colcon_meta'
[0.266s] Level 1:colcon.colcon_core.package_identification:_identify(.) by extensions ['ros']
[0.266s] Level 1:colcon.colcon_core.package_identification:_identify(.) by extension 'ros'
[0.278s] Level 1:colcon.colcon_core.package_identification:_identify(.) by extensions ['cmake', 'python']
[0.278s] Level 1:colcon.colcon_core.package_identification:_identify(.) by extension 'cmake'
[0.278s] Level 1:colcon.colcon_core.package_identification:_identify(.) by extension 'python'
[0.278s] Level 1:colcon.colcon_core.package_identification:_identify(.) by extensions ['python_setup_py']
[0.278s] Level 1:colcon.colcon_core.package_identification:_identify(.) by extension 'python_setup_py'
[0.278s] Level 1:colcon.colcon_core.package_identification:_identify(build) by extensions ['ignore', 'ignore_ament_install']
[0.278s] Level 1:colcon.colcon_core.package_identification:_identify(build) by extension 'ignore'
[0.278s] Level 1:colcon.colcon_core.package_identification:_identify(build) ignored
[0.278s] Level 1:colcon.colcon_core.package_identification:_identify(install) by extensions ['ignore', 'ignore_ament_install']
[0.278s] Level 1:colcon.colcon_core.package_identification:_identify(install) by extension 'ignore'
[0.278s] Level 1:colcon.colcon_core.package_identification:_identify(install) ignored
[0.279s] Level 1:colcon.colcon_core.package_identification:_identify(log) by extensions ['ignore', 'ignore_ament_install']
[0.279s] Level 1:colcon.colcon_core.package_identification:_identify(log) by extension 'ignore'
[0.279s] Level 1:colcon.colcon_core.package_identification:_identify(log) ignored
[0.279s] Level 1:colcon.colcon_core.package_identification:_identify(src) by extensions ['ignore', 'ignore_ament_install']
[0.279s] Level 1:colcon.colcon_core.package_identification:_identify(src) by extension 'ignore'
[0.279s] Level 1:colcon.colcon_core.package_identification:_identify(src) by extension 'ignore_ament_install'
[0.279s] Level 1:colcon.colcon_core.package_identification:_identify(src) by extensions ['colcon_pkg']
[0.279s] Level 1:colcon.colcon_core.package_identification:_identify(src) by extension 'colcon_pkg'
[0.279s] Level 1:colcon.colcon_core.package_identification:_identify(src) by extensions ['colcon_meta']
[0.279s] Level 1:colcon.colcon_core.package_identification:_identify(src) by extension 'colcon_meta'
[0.279s] Level 1:colcon.colcon_core.package_identification:_identify(src) by extensions ['ros']
[0.279s] Level 1:colcon.colcon_core.package_identification:_identify(src) by extension 'ros'
[0.279s] Level 1:colcon.colcon_core.package_identification:_identify(src) by extensions ['cmake', 'python']
[0.279s] Level 1:colcon.colcon_core.package_identification:_identify(src) by extension 'cmake'
[0.279s] Level 1:colcon.colcon_core.package_identification:_identify(src) by extension 'python'
[0.279s] Level 1:colcon.colcon_core.package_identification:_identify(src) by extensions ['python_setup_py']
[0.279s] Level 1:colcon.colcon_core.package_identification:_identify(src) by extension 'python_setup_py'
[0.279s] Level 1:colcon.colcon_core.package_identification:_identify(src/build) by extensions ['ignore', 'ignore_ament_install']
[0.279s] Level 1:colcon.colcon_core.package_identification:_identify(src/build) by extension 'ignore'
[0.279s] Level 1:colcon.colcon_core.package_identification:_identify(src/build) ignored
[0.279s] Level 1:colcon.colcon_core.package_identification:_identify(src/install) by extensions ['ignore', 'ignore_ament_install']
[0.279s] Level 1:colcon.colcon_core.package_identification:_identify(src/install) by extension 'ignore'
[0.279s] Level 1:colcon.colcon_core.package_identification:_identify(src/install) ignored
[0.279s] Level 1:colcon.colcon_core.package_identification:_identify(src/log) by extensions ['ignore', 'ignore_ament_install']
[0.280s] Level 1:colcon.colcon_core.package_identification:_identify(src/log) by extension 'ignore'
[0.280s] Level 1:colcon.colcon_core.package_identification:_identify(src/log) ignored
[0.280s] Level 1:colcon.colcon_core.package_identification:_identify(src/phantomx_pincher) by extensions ['ignore', 'ignore_ament_install']
[0.280s] Level 1:colcon.colcon_core.package_identification:_identify(src/phantomx_pincher) by extension 'ignore'
[0.280s] Level 1:colcon.colcon_core.package_identification:_identify(src/phantomx_pincher) by extension 'ignore_ament_install'
[0.280s] Level 1:colcon.colcon_core.package_identification:_identify(src/phantomx_pincher) by extensions ['colcon_pkg']
[0.280s] Level 1:colcon.colcon_core.package_identification:_identify(src/phantomx_pincher) by extension 'colcon_pkg'
[0.280s] Level 1:colcon.colcon_core.package_identification:_identify(src/phantomx_pincher) by extensions ['colcon_meta']
[0.280s] Level 1:colcon.colcon_core.package_identification:_identify(src/phantomx_pincher) by extension 'colcon_meta'
[0.280s] Level 1:colcon.colcon_core.package_identification:_identify(src/phantomx_pincher) by extensions ['ros']
[0.280s] Level 1:colcon.colcon_core.package_identification:_identify(src/phantomx_pincher) by extension 'ros'
[0.280s] Level 1:colcon.colcon_core.package_identification:_identify(src/phantomx_pincher) by extensions ['cmake', 'python']
[0.280s] Level 1:colcon.colcon_core.package_identification:_identify(src/phantomx_pincher) by extension 'cmake'
[0.280s] Level 1:colcon.colcon_core.package_identification:_identify(src/phantomx_pincher) by extension 'python'
[0.280s] Level 1:colcon.colcon_core.package_identification:_identify(src/phantomx_pincher) by extensions ['python_setup_py']
[0.280s] Level 1:colcon.colcon_core.package_identification:_identify(src/phantomx_pincher) by extension 'python_setup_py'
[0.280s] Level 1:colcon.colcon_core.package_identification:_identify(src/phantomx_pincher/phantomx_pincher) by extensions ['ignore', 'ignore_ament_install']
[0.280s] Level 1:colcon.colcon_core.package_identification:_identify(src/phantomx_pincher/phantomx_pincher) by extension 'ignore'
[0.280s] Level 1:colcon.colcon_core.package_identification:_identify(src/phantomx_pincher/phantomx_pincher) by extension 'ignore_ament_install'
[0.280s] Level 1:colcon.colcon_core.package_identification:_identify(src/phantomx_pincher/phantomx_pincher) by extensions ['colcon_pkg']
[0.280s] Level 1:colcon.colcon_core.package_identification:_identify(src/phantomx_pincher/phantomx_pincher) by extension 'colcon_pkg'
[0.280s] Level 1:colcon.colcon_core.package_identification:_identify(src/phantomx_pincher/phantomx_pincher) by extensions ['colcon_meta']
[0.280s] Level 1:colcon.colcon_core.package_identification:_identify(src/phantomx_pincher/phantomx_pincher) by extension 'colcon_meta'
[0.280s] Level 1:colcon.colcon_core.package_identification:_identify(src/phantomx_pincher/phantomx_pincher) by extensions ['ros']
[0.280s] Level 1:colcon.colcon_core.package_identification:_identify(src/phantomx_pincher/phantomx_pincher) by extension 'ros'
[0.282s] DEBUG:colcon.colcon_core.package_identification:Package 'src/phantomx_pincher/phantomx_pincher' with type 'ros.ament_cmake' and name 'phantomx_pincher'
[0.283s] Level 1:colcon.colcon_core.package_identification:_identify(src/phantomx_pincher/phantomx_pincher_demos) by extensions ['ignore', 'ignore_ament_install']
[0.283s] Level 1:colcon.colcon_core.package_identification:_identify(src/phantomx_pincher/phantomx_pincher_demos) by extension 'ignore'
[0.283s] Level 1:colcon.colcon_core.package_identification:_identify(src/phantomx_pincher/phantomx_pincher_demos) by extension 'ignore_ament_install'
[0.283s] Level 1:colcon.colcon_core.package_identification:_identify(src/phantomx_pincher/phantomx_pincher_demos) by extensions ['colcon_pkg']
[0.283s] Level 1:colcon.colcon_core.package_identification:_identify(src/phantomx_pincher/phantomx_pincher_demos) by extension 'colcon_pkg'
[0.283s] Level 1:colcon.colcon_core.package_identification:_identify(src/phantomx_pincher/phantomx_pincher_demos) by extensions ['colcon_meta']
[0.283s] Level 1:colcon.colcon_core.package_identification:_identify(src/phantomx_pincher/phantomx_pincher_demos) by extension 'colcon_meta'
[0.283s] Level 1:colcon.colcon_core.package_identification:_identify(src/phantomx_pincher/phantomx_pincher_demos) by extensions ['ros']
[0.283s] Level 1:colcon.colcon_core.package_identification:_identify(src/phantomx_pincher/phantomx_pincher_demos) by extension 'ros'
[0.284s] DEBUG:colcon.colcon_core.package_identification:Package 'src/phantomx_pincher/phantomx_pincher_demos' with type 'ros.ament_cmake' and name 'phantomx_pincher_demos'
[0.284s] Level 1:colcon.colcon_core.package_identification:_identify(src/phantomx_pincher/phantomx_pincher_description) by extensions ['ignore', 'ignore_ament_install']
[0.284s] Level 1:colcon.colcon_core.package_identification:_identify(src/phantomx_pincher/phantomx_pincher_description) by extension 'ignore'
[0.284s] Level 1:colcon.colcon_core.package_identification:_identify(src/phantomx_pincher/phantomx_pincher_description) by extension 'ignore_ament_install'
[0.284s] Level 1:colcon.colcon_core.package_identification:_identify(src/phantomx_pincher/phantomx_pincher_description) by extensions ['colcon_pkg']
[0.284s] Level 1:colcon.colcon_core.package_identification:_identify(src/phantomx_pincher/phantomx_pincher_description) by extension 'colcon_pkg'
[0.284s] Level 1:colcon.colcon_core.package_identification:_identify(src/phantomx_pincher/phantomx_pincher_description) by extensions ['colcon_meta']
[0.284s] Level 1:colcon.colcon_core.package_identification:_identify(src/phantomx_pincher/phantomx_pincher_description) by extension 'colcon_meta'
[0.284s] Level 1:colcon.colcon_core.package_identification:_identify(src/phantomx_pincher/phantomx_pincher_description) by extensions ['ros']
[0.284s] Level 1:colcon.colcon_core.package_identification:_identify(src/phantomx_pincher/phantomx_pincher_description) by extension 'ros'
[0.285s] DEBUG:colcon.colcon_core.package_identification:Package 'src/phantomx_pincher/phantomx_pincher_description' with type 'ros.ament_cmake' and name 'phantomx_pincher_description'
[0.285s] Level 1:colcon.colcon_core.package_identification:_identify(src/phantomx_pincher/phantomx_pincher_moveit_config) by extensions ['ignore', 'ignore_ament_install']
[0.285s] Level 1:colcon.colcon_core.package_identification:_identify(src/phantomx_pincher/phantomx_pincher_moveit_config) by extension 'ignore'
[0.285s] Level 1:colcon.colcon_core.package_identification:_identify(src/phantomx_pincher/phantomx_pincher_moveit_config) by extension 'ignore_ament_install'
[0.285s] Level 1:colcon.colcon_core.package_identification:_identify(src/phantomx_pincher/phantomx_pincher_moveit_config) by extensions ['colcon_pkg']
[0.285s] Level 1:colcon.colcon_core.package_identification:_identify(src/phantomx_pincher/phantomx_pincher_moveit_config) by extension 'colcon_pkg'
[0.285s] Level 1:colcon.colcon_core.package_identification:_identify(src/phantomx_pincher/phantomx_pincher_moveit_config) by extensions ['colcon_meta']
[0.285s] Level 1:colcon.colcon_core.package_identification:_identify(src/phantomx_pincher/phantomx_pincher_moveit_config) by extension 'colcon_meta'
[0.285s] Level 1:colcon.colcon_core.package_identification:_identify(src/phantomx_pincher/phantomx_pincher_moveit_config) by extensions ['ros']
[0.285s] Level 1:colcon.colcon_core.package_identification:_identify(src/phantomx_pincher/phantomx_pincher_moveit_config) by extension 'ros'
[0.286s] DEBUG:colcon.colcon_core.package_identification:Package 'src/phantomx_pincher/phantomx_pincher_moveit_config' with type 'ros.ament_cmake' and name 'phantomx_pincher_moveit_config'
[0.286s] Level 1:colcon.colcon_core.package_identification:_identify(src/pincher_control) by extensions ['ignore', 'ignore_ament_install']
[0.286s] Level 1:colcon.colcon_core.package_identification:_identify(src/pincher_control) by extension 'ignore'
[0.286s] Level 1:colcon.colcon_core.package_identification:_identify(src/pincher_control) by extension 'ignore_ament_install'
[0.286s] Level 1:colcon.colcon_core.package_identification:_identify(src/pincher_control) by extensions ['colcon_pkg']
[0.286s] Level 1:colcon.colcon_core.package_identification:_identify(src/pincher_control) by extension 'colcon_pkg'
[0.286s] Level 1:colcon.colcon_core.package_identification:_identify(src/pincher_control) by extensions ['colcon_meta']
[0.286s] Level 1:colcon.colcon_core.package_identification:_identify(src/pincher_control) by extension 'colcon_meta'
[0.286s] Level 1:colcon.colcon_core.package_identification:_identify(src/pincher_control) by extensions ['ros']
[0.286s] Level 1:colcon.colcon_core.package_identification:_identify(src/pincher_control) by extension 'ros'
[0.286s] DEBUG:colcon.colcon_core.package_identification:Package 'src/pincher_control' with type 'ros.ament_python' and name 'pincher_control'
[0.287s] Level 1:colcon.colcon_core.package_discovery:discover_packages(recursive) using defaults
[0.287s] Level 1:colcon.colcon_core.package_discovery:discover_packages(ignore) discover
[0.287s] Level 1:colcon.colcon_core.package_discovery:discover_packages(ignore) using defaults
[0.287s] Level 1:colcon.colcon_core.package_discovery:discover_packages(path) discover
[0.287s] Level 1:colcon.colcon_core.package_discovery:discover_packages(path) using defaults
[0.319s] Level 1:colcon.colcon_core.package_discovery:discover_packages(prefix_path) check parameters
[0.319s] Level 1:colcon.colcon_core.package_discovery:discover_packages(prefix_path) discover
[0.321s] DEBUG:colcon.colcon_installed_package_information.package_discovery:Found 5 installed packages in /home/santiago/ros2_ws/phantom_ws/install
[0.322s] DEBUG:colcon.colcon_installed_package_information.package_discovery:Found 296 installed packages in /opt/ros/humble
[0.323s] Level 1:colcon.colcon_core.package_discovery:discover_packages(prefix_path) using defaults
[0.356s] Level 5:colcon.colcon_core.verb:set package 'phantomx_pincher_description' build argument 'cmake_args' from command line to 'None'
[0.356s] Level 5:colcon.colcon_core.verb:set package 'phantomx_pincher_description' build argument 'cmake_target' from command line to 'None'
[0.356s] Level 5:colcon.colcon_core.verb:set package 'phantomx_pincher_description' build argument 'cmake_target_skip_unavailable' from command line to 'False'
[0.356s] Level 5:colcon.colcon_core.verb:set package 'phantomx_pincher_description' build argument 'cmake_clean_cache' from command line to 'False'
[0.356s] Level 5:colcon.colcon_core.verb:set package 'phantomx_pincher_description' build argument 'cmake_clean_first' from command line to 'False'
[0.357s] Level 5:colcon.colcon_core.verb:set package 'phantomx_pincher_description' build argument 'cmake_force_configure' from command line to 'False'
[0.357s] Level 5:colcon.colcon_core.verb:set package 'phantomx_pincher_description' build argument 'ament_cmake_args' from command line to 'None'
[0.357s] Level 5:colcon.colcon_core.verb:set package 'phantomx_pincher_description' build argument 'catkin_cmake_args' from command line to 'None'
[0.357s] Level 5:colcon.colcon_core.verb:set package 'phantomx_pincher_description' build argument 'catkin_skip_building_tests' from command line to 'False'
[0.357s] DEBUG:colcon.colcon_core.verb:Building package 'phantomx_pincher_description' with the following arguments: {'ament_cmake_args': None, 'build_base': '/home/santiago/ros2_ws/phantom_ws/build/phantomx_pincher_description', 'catkin_cmake_args': None, 'catkin_skip_building_tests': False, 'cmake_args': None, 'cmake_clean_cache': False, 'cmake_clean_first': False, 'cmake_force_configure': False, 'cmake_target': None, 'cmake_target_skip_unavailable': False, 'install_base': '/home/santiago/ros2_ws/phantom_ws/install/phantomx_pincher_description', 'merge_install': False, 'path': '/home/santiago/ros2_ws/phantom_ws/src/phantomx_pincher/phantomx_pincher_description', 'symlink_install': False, 'test_result_base': None}
[0.357s] Level 5:colcon.colcon_core.verb:set package 'pincher_control' build argument 'cmake_args' from command line to 'None'
[0.357s] Level 5:colcon.colcon_core.verb:set package 'pincher_control' build argument 'cmake_target' from command line to 'None'
[0.357s] Level 5:colcon.colcon_core.verb:set package 'pincher_control' build argument 'cmake_target_skip_unavailable' from command line to 'False'
[0.357s] Level 5:colcon.colcon_core.verb:set package 'pincher_control' build argument 'cmake_clean_cache' from command line to 'False'
[0.357s] Level 5:colcon.colcon_core.verb:set package 'pincher_control' build argument 'cmake_clean_first' from command line to 'False'
[0.357s] Level 5:colcon.colcon_core.verb:set package 'pincher_control' build argument 'cmake_force_configure' from command line to 'False'
[0.357s] Level 5:colcon.colcon_core.verb:set package 'pincher_control' build argument 'ament_cmake_args' from command line to 'None'
[0.357s] Level 5:colcon.colcon_core.verb:set package 'pincher_control' build argument 'catkin_cmake_args' from command line to 'None'
[0.357s] Level 5:colcon.colcon_core.verb:set package 'pincher_control' build argument 'catkin_skip_building_tests' from command line to 'False'
[0.357s] DEBUG:colcon.colcon_core.verb:Building package 'pincher_control' with the following arguments: {'ament_cmake_args': None, 'build_base': '/home/santiago/ros2_ws/phantom_ws/build/pincher_control', 'catkin_cmake_args': None, 'catkin_skip_building_tests': False, 'cmake_args': None, 'cmake_clean_cache': False, 'cmake_clean_first': False, 'cmake_force_configure': False, 'cmake_target': None, 'cmake_target_skip_unavailable': False, 'install_base': '/home/santiago/ros2_ws/phantom_ws/install/pincher_control', 'merge_install': False, 'path': '/home/santiago/ros2_ws/phantom_ws/src/pincher_control', 'symlink_install': False, 'test_result_base': None}
[0.357s] Level 5:colcon.colcon_core.verb:set package 'phantomx_pincher_moveit_config' build argument 'cmake_args' from command line to 'None'
[0.357s] Level 5:colcon.colcon_core.verb:set package 'phantomx_pincher_moveit_config' build argument 'cmake_target' from command line to 'None'
[0.357s] Level 5:colcon.colcon_core.verb:set package 'phantomx_pincher_moveit_config' build argument 'cmake_target_skip_unavailable' from command line to 'False'
[0.357s] Level 5:colcon.colcon_core.verb:set package 'phantomx_pincher_moveit_config' build argument 'cmake_clean_cache' from command line to 'False'
[0.357s] Level 5:colcon.colcon_core.verb:set package 'phantomx_pincher_moveit_config' build argument 'cmake_clean_first' from command line to 'False'
[0.357s] Level 5:colcon.colcon_core.verb:set package 'phantomx_pincher_moveit_config' build argument 'cmake_force_configure' from command line to 'False'
[0.357s] Level 5:colcon.colcon_core.verb:set package 'phantomx_pincher_moveit_config' build argument 'ament_cmake_args' from command line to 'None'
[0.357s] Level 5:colcon.colcon_core.verb:set package 'phantomx_pincher_moveit_config' build argument 'catkin_cmake_args' from command line to 'None'
[0.357s] Level 5:colcon.colcon_core.verb:set package 'phantomx_pincher_moveit_config' build argument 'catkin_skip_building_tests' from command line to 'False'
[0.357s] DEBUG:colcon.colcon_core.verb:Building package 'phantomx_pincher_moveit_config' with the following arguments: {'ament_cmake_args': None, 'build_base': '/home/santiago/ros2_ws/phantom_ws/build/phantomx_pincher_moveit_config', 'catkin_cmake_args': None, 'catkin_skip_building_tests': False, 'cmake_args': None, 'cmake_clean_cache': False, 'cmake_clean_first': False, 'cmake_force_configure': False, 'cmake_target': None, 'cmake_target_skip_unavailable': False, 'install_base': '/home/santiago/ros2_ws/phantom_ws/install/phantomx_pincher_moveit_config', 'merge_install': False, 'path': '/home/santiago/ros2_ws/phantom_ws/src/phantomx_pincher/phantomx_pincher_moveit_config', 'symlink_install': False, 'test_result_base': None}
[0.358s] Level 5:colcon.colcon_core.verb:set package 'phantomx_pincher' build argument 'cmake_args' from command line to 'None'
[0.358s] Level 5:colcon.colcon_core.verb:set package 'phantomx_pincher' build argument 'cmake_target' from command line to 'None'
[0.358s] Level 5:colcon.colcon_core.verb:set package 'phantomx_pincher' build argument 'cmake_target_skip_unavailable' from command line to 'False'
[0.358s] Level 5:colcon.colcon_core.verb:set package 'phantomx_pincher' build argument 'cmake_clean_cache' from command line to 'False'
[0.358s] Level 5:colcon.colcon_core.verb:set package 'phantomx_pincher' build argument 'cmake_clean_first' from command line to 'False'
[0.358s] Level 5:colcon.colcon_core.verb:set package 'phantomx_pincher' build argument 'cmake_force_configure' from command line to 'False'
[0.358s] Level 5:colcon.colcon_core.verb:set package 'phantomx_pincher' build argument 'ament_cmake_args' from command line to 'None'
[0.358s] Level 5:colcon.colcon_core.verb:set package 'phantomx_pincher' build argument 'catkin_cmake_args' from command line to 'None'
[0.358s] Level 5:colcon.colcon_core.verb:set package 'phantomx_pincher' build argument 'catkin_skip_building_tests' from command line to 'False'
[0.358s] DEBUG:colcon.colcon_core.verb:Building package 'phantomx_pincher' with the following arguments: {'ament_cmake_args': None, 'build_base': '/home/santiago/ros2_ws/phantom_ws/build/phantomx_pincher', 'catkin_cmake_args': None, 'catkin_skip_building_tests': False, 'cmake_args': None, 'cmake_clean_cache': False, 'cmake_clean_first': False, 'cmake_force_configure': False, 'cmake_target': None, 'cmake_target_skip_unavailable': False, 'install_base': '/home/santiago/ros2_ws/phantom_ws/install/phantomx_pincher', 'merge_install': False, 'path': '/home/santiago/ros2_ws/phantom_ws/src/phantomx_pincher/phantomx_pincher', 'symlink_install': False, 'test_result_base': None}
[0.358s] Level 5:colcon.colcon_core.verb:set package 'phantomx_pincher_demos' build argument 'cmake_args' from command line to 'None'
[0.358s] Level 5:colcon.colcon_core.verb:set package 'phantomx_pincher_demos' build argument 'cmake_target' from command line to 'None'
[0.358s] Level 5:colcon.colcon_core.verb:set package 'phantomx_pincher_demos' build argument 'cmake_target_skip_unavailable' from command line to 'False'
[0.358s] Level 5:colcon.colcon_core.verb:set package 'phantomx_pincher_demos' build argument 'cmake_clean_cache' from command line to 'False'
[0.358s] Level 5:colcon.colcon_core.verb:set package 'phantomx_pincher_demos' build argument 'cmake_clean_first' from command line to 'False'
[0.358s] Level 5:colcon.colcon_core.verb:set package 'phantomx_pincher_demos' build argument 'cmake_force_configure' from command line to 'False'
[0.358s] Level 5:colcon.colcon_core.verb:set package 'phantomx_pincher_demos' build argument 'ament_cmake_args' from command line to 'None'
[0.358s] Level 5:colcon.colcon_core.verb:set package 'phantomx_pincher_demos' build argument 'catkin_cmake_args' from command line to 'None'
[0.358s] Level 5:colcon.colcon_core.verb:set package 'phantomx_pincher_demos' build argument 'catkin_skip_building_tests' from command line to 'False'
[0.358s] DEBUG:colcon.colcon_core.verb:Building package 'phantomx_pincher_demos' with the following arguments: {'ament_cmake_args': None, 'build_base': '/home/santiago/ros2_ws/phantom_ws/build/phantomx_pincher_demos', 'catkin_cmake_args': None, 'catkin_skip_building_tests': False, 'cmake_args': None, 'cmake_clean_cache': False, 'cmake_clean_first': False, 'cmake_force_configure': False, 'cmake_target': None, 'cmake_target_skip_unavailable': False, 'install_base': '/home/santiago/ros2_ws/phantom_ws/install/phantomx_pincher_demos', 'merge_install': False, 'path': '/home/santiago/ros2_ws/phantom_ws/src/phantomx_pincher/phantomx_pincher_demos', 'symlink_install': False, 'test_result_base': None}
[0.358s] INFO:colcon.colcon_core.executor:Executing jobs using 'parallel' executor
[0.360s] DEBUG:colcon.colcon_parallel_executor.executor.parallel:run_until_complete
[0.361s] INFO:colcon.colcon_ros.task.ament_cmake.build:Building ROS package in '/home/santiago/ros2_ws/phantom_ws/src/phantomx_pincher/phantomx_pincher_description' with build type 'ament_cmake'
[0.361s] INFO:colcon.colcon_cmake.task.cmake.build:Building CMake package in '/home/santiago/ros2_ws/phantom_ws/src/phantomx_pincher/phantomx_pincher_description'
[0.364s] INFO:colcon.colcon_core.plugin_system:Skipping extension 'colcon_core.shell.bat': Not used on non-Windows systems
[0.364s] INFO:colcon.colcon_core.shell:Skip shell extension 'powershell' for command environment: Not usable outside of PowerShell
[0.364s] DEBUG:colcon.colcon_core.shell:Skip shell extension 'dsv' for command environment
[0.368s] INFO:colcon.colcon_ros.task.ament_python.build:Building ROS package in '/home/santiago/ros2_ws/phantom_ws/src/pincher_control' with build type 'ament_python'
[0.369s] Level 1:colcon.colcon_core.shell:create_environment_hook('pincher_control', 'ament_prefix_path')
[0.369s] INFO:colcon.colcon_core.shell:Creating environment hook '/home/santiago/ros2_ws/phantom_ws/install/pincher_control/share/pincher_control/hook/ament_prefix_path.ps1'
[0.370s] INFO:colcon.colcon_core.shell:Creating environment descriptor '/home/santiago/ros2_ws/phantom_ws/install/pincher_control/share/pincher_control/hook/ament_prefix_path.dsv'
[0.371s] INFO:colcon.colcon_core.shell:Creating environment hook '/home/santiago/ros2_ws/phantom_ws/install/pincher_control/share/pincher_control/hook/ament_prefix_path.sh'
[0.372s] INFO:colcon.colcon_core.shell:Skip shell extension 'powershell' for command environment: Not usable outside of PowerShell
[0.372s] DEBUG:colcon.colcon_core.shell:Skip shell extension 'dsv' for command environment
[0.390s] DEBUG:colcon.colcon_core.event_handler.log_command:Invoking command in '/home/santiago/ros2_ws/phantom_ws/build/phantomx_pincher_description': CMAKE_PREFIX_PATH=${CMAKE_PREFIX_PATH}:/home/santiago/ros2_ws/phantom_ws/install/pincher_control:/opt/ros/humble /usr/bin/cmake --build /home/santiago/ros2_ws/phantom_ws/build/phantomx_pincher_description -- -j4 -l4
[0.645s] INFO:colcon.colcon_core.task.python.build:Building Python package in '/home/santiago/ros2_ws/phantom_ws/src/pincher_control'
[0.645s] INFO:colcon.colcon_core.shell:Skip shell extension 'powershell' for command environment: Not usable outside of PowerShell
[0.645s] DEBUG:colcon.colcon_core.shell:Skip shell extension 'dsv' for command environment
[0.652s] DEBUG:colcon.colcon_core.event_handler.log_command:Invoked command in '/home/santiago/ros2_ws/phantom_ws/build/phantomx_pincher_description' returned '0': CMAKE_PREFIX_PATH=${CMAKE_PREFIX_PATH}:/home/santiago/ros2_ws/phantom_ws/install/pincher_control:/opt/ros/humble /usr/bin/cmake --build /home/santiago/ros2_ws/phantom_ws/build/phantomx_pincher_description -- -j4 -l4
[0.667s] DEBUG:colcon.colcon_core.event_handler.log_command:Invoking command in '/home/santiago/ros2_ws/phantom_ws/build/phantomx_pincher_description': CMAKE_PREFIX_PATH=${CMAKE_PREFIX_PATH}:/home/santiago/ros2_ws/phantom_ws/install/pincher_control:/opt/ros/humble /usr/bin/cmake --install /home/santiago/ros2_ws/phantom_ws/build/phantomx_pincher_description
[0.687s] Level 1:colcon.colcon_core.environment:create_environment_scripts_only(phantomx_pincher_description)
[0.689s] Level 1:colcon.colcon_core.environment:checking '/home/santiago/ros2_ws/phantom_ws/install/phantomx_pincher_description' for CMake module files
[0.690s] Level 1:colcon.colcon_core.environment:checking '/home/santiago/ros2_ws/phantom_ws/install/phantomx_pincher_description' for CMake config files
[0.690s] Level 1:colcon.colcon_core.shell:create_environment_hook('phantomx_pincher_description', 'cmake_prefix_path')
[0.690s] INFO:colcon.colcon_core.shell:Creating environment hook '/home/santiago/ros2_ws/phantom_ws/install/phantomx_pincher_description/share/phantomx_pincher_description/hook/cmake_prefix_path.ps1'
[0.691s] INFO:colcon.colcon_core.shell:Creating environment descriptor '/home/santiago/ros2_ws/phantom_ws/install/phantomx_pincher_description/share/phantomx_pincher_description/hook/cmake_prefix_path.dsv'
[0.691s] INFO:colcon.colcon_core.shell:Creating environment hook '/home/santiago/ros2_ws/phantom_ws/install/phantomx_pincher_description/share/phantomx_pincher_description/hook/cmake_prefix_path.sh'
[0.692s] Level 1:colcon.colcon_core.environment:checking '/home/santiago/ros2_ws/phantom_ws/install/phantomx_pincher_description/lib'
[0.692s] Level 1:colcon.colcon_core.environment:checking '/home/santiago/ros2_ws/phantom_ws/install/phantomx_pincher_description/bin'
[0.692s] Level 1:colcon.colcon_core.environment:checking '/home/santiago/ros2_ws/phantom_ws/install/phantomx_pincher_description/lib/pkgconfig/phantomx_pincher_description.pc'
[0.693s] Level 1:colcon.colcon_core.environment:checking '/home/santiago/ros2_ws/phantom_ws/install/phantomx_pincher_description/lib/python3.10/site-packages'
[0.693s] Level 1:colcon.colcon_core.environment:checking '/home/santiago/ros2_ws/phantom_ws/install/phantomx_pincher_description/bin'
[0.693s] INFO:colcon.colcon_core.shell:Creating package script '/home/santiago/ros2_ws/phantom_ws/install/phantomx_pincher_description/share/phantomx_pincher_description/package.ps1'
[0.694s] INFO:colcon.colcon_core.shell:Creating package descriptor '/home/santiago/ros2_ws/phantom_ws/install/phantomx_pincher_description/share/phantomx_pincher_description/package.dsv'
[0.695s] INFO:colcon.colcon_core.shell:Creating package script '/home/santiago/ros2_ws/phantom_ws/install/phantomx_pincher_description/share/phantomx_pincher_description/package.sh'
[0.696s] DEBUG:colcon.colcon_core.event_handler.log_command:Invoked command in '/home/santiago/ros2_ws/phantom_ws/build/phantomx_pincher_description' returned '0': CMAKE_PREFIX_PATH=${CMAKE_PREFIX_PATH}:/home/santiago/ros2_ws/phantom_ws/install/pincher_control:/opt/ros/humble /usr/bin/cmake --install /home/santiago/ros2_ws/phantom_ws/build/phantomx_pincher_description
[0.696s] INFO:colcon.colcon_core.shell:Creating package script '/home/santiago/ros2_ws/phantom_ws/install/phantomx_pincher_description/share/phantomx_pincher_description/package.bash'
[0.697s] INFO:colcon.colcon_core.shell:Creating package script '/home/santiago/ros2_ws/phantom_ws/install/phantomx_pincher_description/share/phantomx_pincher_description/package.zsh'
[0.698s] Level 1:colcon.colcon_core.environment:create_file_with_runtime_dependencies(/home/santiago/ros2_ws/phantom_ws/install/phantomx_pincher_description/share/colcon-core/packages/phantomx_pincher_description)
[0.699s] Level 1:colcon.colcon_core.environment:create_environment_scripts_only(phantomx_pincher_description)
[0.700s] Level 1:colcon.colcon_core.environment:checking '/home/santiago/ros2_ws/phantom_ws/install/phantomx_pincher_description' for CMake module files
[0.700s] Level 1:colcon.colcon_core.environment:checking '/home/santiago/ros2_ws/phantom_ws/install/phantomx_pincher_description' for CMake config files
[0.700s] Level 1:colcon.colcon_core.shell:create_environment_hook('phantomx_pincher_description', 'cmake_prefix_path')
[0.701s] INFO:colcon.colcon_core.shell:Creating environment hook '/home/santiago/ros2_ws/phantom_ws/install/phantomx_pincher_description/share/phantomx_pincher_description/hook/cmake_prefix_path.ps1'
[0.701s] INFO:colcon.colcon_core.shell:Creating environment descriptor '/home/santiago/ros2_ws/phantom_ws/install/phantomx_pincher_description/share/phantomx_pincher_description/hook/cmake_prefix_path.dsv'
[0.702s] INFO:colcon.colcon_core.shell:Creating environment hook '/home/santiago/ros2_ws/phantom_ws/install/phantomx_pincher_description/share/phantomx_pincher_description/hook/cmake_prefix_path.sh'
[0.703s] Level 1:colcon.colcon_core.environment:checking '/home/santiago/ros2_ws/phantom_ws/install/phantomx_pincher_description/lib'
[0.703s] Level 1:colcon.colcon_core.environment:checking '/home/santiago/ros2_ws/phantom_ws/install/phantomx_pincher_description/bin'
[0.703s] Level 1:colcon.colcon_core.environment:checking '/home/santiago/ros2_ws/phantom_ws/install/phantomx_pincher_description/lib/pkgconfig/phantomx_pincher_description.pc'
[0.703s] Level 1:colcon.colcon_core.environment:checking '/home/santiago/ros2_ws/phantom_ws/install/phantomx_pincher_description/lib/python3.10/site-packages'
[0.704s] Level 1:colcon.colcon_core.environment:checking '/home/santiago/ros2_ws/phantom_ws/install/phantomx_pincher_description/bin'
[0.704s] INFO:colcon.colcon_core.shell:Creating package script '/home/santiago/ros2_ws/phantom_ws/install/phantomx_pincher_description/share/phantomx_pincher_description/package.ps1'
[0.704s] INFO:colcon.colcon_core.shell:Creating package descriptor '/home/santiago/ros2_ws/phantom_ws/install/phantomx_pincher_description/share/phantomx_pincher_description/package.dsv'
[0.705s] INFO:colcon.colcon_core.shell:Creating package script '/home/santiago/ros2_ws/phantom_ws/install/phantomx_pincher_description/share/phantomx_pincher_description/package.sh'
[0.706s] INFO:colcon.colcon_core.shell:Creating package script '/home/santiago/ros2_ws/phantom_ws/install/phantomx_pincher_description/share/phantomx_pincher_description/package.bash'
[0.707s] INFO:colcon.colcon_core.shell:Creating package script '/home/santiago/ros2_ws/phantom_ws/install/phantomx_pincher_description/share/phantomx_pincher_description/package.zsh'
[0.707s] Level 1:colcon.colcon_core.environment:create_file_with_runtime_dependencies(/home/santiago/ros2_ws/phantom_ws/install/phantomx_pincher_description/share/colcon-core/packages/phantomx_pincher_description)
[0.709s] INFO:colcon.colcon_ros.task.ament_cmake.build:Building ROS package in '/home/santiago/ros2_ws/phantom_ws/src/phantomx_pincher/phantomx_pincher_moveit_config' with build type 'ament_cmake'
[0.710s] INFO:colcon.colcon_cmake.task.cmake.build:Building CMake package in '/home/santiago/ros2_ws/phantom_ws/src/phantomx_pincher/phantomx_pincher_moveit_config'
[0.710s] INFO:colcon.colcon_core.shell:Skip shell extension 'powershell' for command environment: Not usable outside of PowerShell
[0.710s] DEBUG:colcon.colcon_core.shell:Skip shell extension 'dsv' for command environment
[0.724s] DEBUG:colcon.colcon_core.event_handler.log_command:Invoking command in '/home/santiago/ros2_ws/phantom_ws/build/phantomx_pincher_moveit_config': CMAKE_PREFIX_PATH=/home/santiago/ros2_ws/phantom_ws/install/phantomx_pincher_description:/home/santiago/ros2_ws/phantom_ws/install/phantomx_pincher_moveit_config:/home/santiago/ros2_ws/phantom_ws/install/phantomx_pincher_demos:/home/santiago/ros2_ws/phantom_ws/install/phantomx_pincher:/home/santiago/ros2_ws/phantom_ws/install/pincher_control:/opt/ros/humble /usr/bin/cmake --build /home/santiago/ros2_ws/phantom_ws/build/phantomx_pincher_moveit_config -- -j4 -l4
[0.783s] DEBUG:colcon.colcon_core.event_handler.log_command:Invoked command in '/home/santiago/ros2_ws/phantom_ws/build/phantomx_pincher_moveit_config' returned '0': CMAKE_PREFIX_PATH=/home/santiago/ros2_ws/phantom_ws/install/phantomx_pincher_description:/home/santiago/ros2_ws/phantom_ws/install/phantomx_pincher_moveit_config:/home/santiago/ros2_ws/phantom_ws/install/phantomx_pincher_demos:/home/santiago/ros2_ws/phantom_ws/install/phantomx_pincher:/home/santiago/ros2_ws/phantom_ws/install/pincher_control:/opt/ros/humble /usr/bin/cmake --build /home/santiago/ros2_ws/phantom_ws/build/phantomx_pincher_moveit_config -- -j4 -l4
[0.784s] DEBUG:colcon.colcon_core.event_handler.log_command:Invoking command in '/home/santiago/ros2_ws/phantom_ws/build/phantomx_pincher_moveit_config': CMAKE_PREFIX_PATH=/home/santiago/ros2_ws/phantom_ws/install/phantomx_pincher_description:/home/santiago/ros2_ws/phantom_ws/install/phantomx_pincher_moveit_config:/home/santiago/ros2_ws/phantom_ws/install/phantomx_pincher_demos:/home/santiago/ros2_ws/phantom_ws/install/phantomx_pincher:/home/santiago/ros2_ws/phantom_ws/install/pincher_control:/opt/ros/humble /usr/bin/cmake --install /home/santiago/ros2_ws/phantom_ws/build/phantomx_pincher_moveit_config
[0.813s] Level 1:colcon.colcon_core.environment:create_environment_scripts_only(phantomx_pincher_moveit_config)
[0.813s] Level 1:colcon.colcon_core.environment:checking '/home/santiago/ros2_ws/phantom_ws/install/phantomx_pincher_moveit_config' for CMake module files
[0.814s] Level 1:colcon.colcon_core.environment:checking '/home/santiago/ros2_ws/phantom_ws/install/phantomx_pincher_moveit_config' for CMake config files
[0.814s] Level 1:colcon.colcon_core.shell:create_environment_hook('phantomx_pincher_moveit_config', 'cmake_prefix_path')
[0.814s] INFO:colcon.colcon_core.shell:Creating environment hook '/home/santiago/ros2_ws/phantom_ws/install/phantomx_pincher_moveit_config/share/phantomx_pincher_moveit_config/hook/cmake_prefix_path.ps1'
[0.815s] INFO:colcon.colcon_core.shell:Creating environment descriptor '/home/santiago/ros2_ws/phantom_ws/install/phantomx_pincher_moveit_config/share/phantomx_pincher_moveit_config/hook/cmake_prefix_path.dsv'
[0.816s] DEBUG:colcon.colcon_core.event_handler.log_command:Invoked command in '/home/santiago/ros2_ws/phantom_ws/build/phantomx_pincher_moveit_config' returned '0': CMAKE_PREFIX_PATH=/home/santiago/ros2_ws/phantom_ws/install/phantomx_pincher_description:/home/santiago/ros2_ws/phantom_ws/install/phantomx_pincher_moveit_config:/home/santiago/ros2_ws/phantom_ws/install/phantomx_pincher_demos:/home/santiago/ros2_ws/phantom_ws/install/phantomx_pincher:/home/santiago/ros2_ws/phantom_ws/install/pincher_control:/opt/ros/humble /usr/bin/cmake --install /home/santiago/ros2_ws/phantom_ws/build/phantomx_pincher_moveit_config
[0.816s] INFO:colcon.colcon_core.shell:Creating environment hook '/home/santiago/ros2_ws/phantom_ws/install/phantomx_pincher_moveit_config/share/phantomx_pincher_moveit_config/hook/cmake_prefix_path.sh'
[0.817s] Level 1:colcon.colcon_core.environment:checking '/home/santiago/ros2_ws/phantom_ws/install/phantomx_pincher_moveit_config/bin'
[0.817s] Level 1:colcon.colcon_core.environment:checking '/home/santiago/ros2_ws/phantom_ws/install/phantomx_pincher_moveit_config/lib/pkgconfig/phantomx_pincher_moveit_config.pc'
[0.818s] Level 1:colcon.colcon_core.environment:checking '/home/santiago/ros2_ws/phantom_ws/install/phantomx_pincher_moveit_config/lib/python3.10/site-packages'
[0.818s] Level 1:colcon.colcon_core.environment:checking '/home/santiago/ros2_ws/phantom_ws/install/phantomx_pincher_moveit_config/bin'
[0.818s] INFO:colcon.colcon_core.shell:Creating package script '/home/santiago/ros2_ws/phantom_ws/install/phantomx_pincher_moveit_config/share/phantomx_pincher_moveit_config/package.ps1'
[0.819s] INFO:colcon.colcon_core.shell:Creating package descriptor '/home/santiago/ros2_ws/phantom_ws/install/phantomx_pincher_moveit_config/share/phantomx_pincher_moveit_config/package.dsv'
[0.820s] INFO:colcon.colcon_core.shell:Creating package script '/home/santiago/ros2_ws/phantom_ws/install/phantomx_pincher_moveit_config/share/phantomx_pincher_moveit_config/package.sh'
[0.820s] INFO:colcon.colcon_core.shell:Creating package script '/home/santiago/ros2_ws/phantom_ws/install/phantomx_pincher_moveit_config/share/phantomx_pincher_moveit_config/package.bash'
[0.821s] INFO:colcon.colcon_core.shell:Creating package script '/home/santiago/ros2_ws/phantom_ws/install/phantomx_pincher_moveit_config/share/phantomx_pincher_moveit_config/package.zsh'
[0.822s] Level 1:colcon.colcon_core.environment:create_file_with_runtime_dependencies(/home/santiago/ros2_ws/phantom_ws/install/phantomx_pincher_moveit_config/share/colcon-core/packages/phantomx_pincher_moveit_config)
[0.822s] Level 1:colcon.colcon_core.environment:create_environment_scripts_only(phantomx_pincher_moveit_config)
[0.823s] Level 1:colcon.colcon_core.environment:checking '/home/santiago/ros2_ws/phantom_ws/install/phantomx_pincher_moveit_config' for CMake module files
[0.823s] Level 1:colcon.colcon_core.environment:checking '/home/santiago/ros2_ws/phantom_ws/install/phantomx_pincher_moveit_config' for CMake config files
[0.823s] Level 1:colcon.colcon_core.shell:create_environment_hook('phantomx_pincher_moveit_config', 'cmake_prefix_path')
[0.823s] INFO:colcon.colcon_core.shell:Creating environment hook '/home/santiago/ros2_ws/phantom_ws/install/phantomx_pincher_moveit_config/share/phantomx_pincher_moveit_config/hook/cmake_prefix_path.ps1'
[0.824s] INFO:colcon.colcon_core.shell:Creating environment descriptor '/home/santiago/ros2_ws/phantom_ws/install/phantomx_pincher_moveit_config/share/phantomx_pincher_moveit_config/hook/cmake_prefix_path.dsv'
[0.824s] INFO:colcon.colcon_core.shell:Creating environment hook '/home/santiago/ros2_ws/phantom_ws/install/phantomx_pincher_moveit_config/share/phantomx_pincher_moveit_config/hook/cmake_prefix_path.sh'
[0.825s] Level 1:colcon.colcon_core.environment:checking '/home/santiago/ros2_ws/phantom_ws/install/phantomx_pincher_moveit_config/bin'
[0.825s] Level 1:colcon.colcon_core.environment:checking '/home/santiago/ros2_ws/phantom_ws/install/phantomx_pincher_moveit_config/lib/pkgconfig/phantomx_pincher_moveit_config.pc'
[0.825s] Level 1:colcon.colcon_core.environment:checking '/home/santiago/ros2_ws/phantom_ws/install/phantomx_pincher_moveit_config/lib/python3.10/site-packages'
[0.826s] Level 1:colcon.colcon_core.environment:checking '/home/santiago/ros2_ws/phantom_ws/install/phantomx_pincher_moveit_config/bin'
[0.826s] INFO:colcon.colcon_core.shell:Creating package script '/home/santiago/ros2_ws/phantom_ws/install/phantomx_pincher_moveit_config/share/phantomx_pincher_moveit_config/package.ps1'
[0.826s] INFO:colcon.colcon_core.shell:Creating package descriptor '/home/santiago/ros2_ws/phantom_ws/install/phantomx_pincher_moveit_config/share/phantomx_pincher_moveit_config/package.dsv'
[0.841s] INFO:colcon.colcon_core.shell:Creating package script '/home/santiago/ros2_ws/phantom_ws/install/phantomx_pincher_moveit_config/share/phantomx_pincher_moveit_config/package.sh'
[0.842s] INFO:colcon.colcon_core.shell:Creating package script '/home/santiago/ros2_ws/phantom_ws/install/phantomx_pincher_moveit_config/share/phantomx_pincher_moveit_config/package.bash'
[0.843s] INFO:colcon.colcon_core.shell:Creating package script '/home/santiago/ros2_ws/phantom_ws/install/phantomx_pincher_moveit_config/share/phantomx_pincher_moveit_config/package.zsh'
[0.844s] Level 1:colcon.colcon_core.environment:create_file_with_runtime_dependencies(/home/santiago/ros2_ws/phantom_ws/install/phantomx_pincher_moveit_config/share/colcon-core/packages/phantomx_pincher_moveit_config)
[0.845s] INFO:colcon.colcon_ros.task.ament_cmake.build:Building ROS package in '/home/santiago/ros2_ws/phantom_ws/src/phantomx_pincher/phantomx_pincher' with build type 'ament_cmake'
[0.846s] INFO:colcon.colcon_cmake.task.cmake.build:Building CMake package in '/home/santiago/ros2_ws/phantom_ws/src/phantomx_pincher/phantomx_pincher'
[0.846s] INFO:colcon.colcon_core.shell:Skip shell extension 'powershell' for command environment: Not usable outside of PowerShell
[0.846s] DEBUG:colcon.colcon_core.shell:Skip shell extension 'dsv' for command environment
[0.859s] DEBUG:colcon.colcon_core.event_handler.log_command:Invoking command in '/home/santiago/ros2_ws/phantom_ws/build/phantomx_pincher': CMAKE_PREFIX_PATH=${CMAKE_PREFIX_PATH}:/home/santiago/ros2_ws/phantom_ws/install/pincher_control:/opt/ros/humble /usr/bin/cmake --build /home/santiago/ros2_ws/phantom_ws/build/phantomx_pincher -- -j4 -l4
[0.907s] DEBUG:colcon.colcon_core.event_handler.log_command:Invoked command in '/home/santiago/ros2_ws/phantom_ws/build/phantomx_pincher' returned '0': CMAKE_PREFIX_PATH=${CMAKE_PREFIX_PATH}:/home/santiago/ros2_ws/phantom_ws/install/pincher_control:/opt/ros/humble /usr/bin/cmake --build /home/santiago/ros2_ws/phantom_ws/build/phantomx_pincher -- -j4 -l4
[0.917s] DEBUG:colcon.colcon_core.event_handler.log_command:Invoking command in '/home/santiago/ros2_ws/phantom_ws/build/phantomx_pincher': CMAKE_PREFIX_PATH=${CMAKE_PREFIX_PATH}:/home/santiago/ros2_ws/phantom_ws/install/pincher_control:/opt/ros/humble /usr/bin/cmake --install /home/santiago/ros2_ws/phantom_ws/build/phantomx_pincher
[0.925s] Level 1:colcon.colcon_core.environment:create_environment_scripts_only(phantomx_pincher)
[0.926s] DEBUG:colcon.colcon_core.event_handler.log_command:Invoked command in '/home/santiago/ros2_ws/phantom_ws/build/phantomx_pincher' returned '0': CMAKE_PREFIX_PATH=${CMAKE_PREFIX_PATH}:/home/santiago/ros2_ws/phantom_ws/install/pincher_control:/opt/ros/humble /usr/bin/cmake --install /home/santiago/ros2_ws/phantom_ws/build/phantomx_pincher
[0.926s] Level 1:colcon.colcon_core.environment:checking '/home/santiago/ros2_ws/phantom_ws/install/phantomx_pincher' for CMake module files
[0.927s] Level 1:colcon.colcon_core.environment:checking '/home/santiago/ros2_ws/phantom_ws/install/phantomx_pincher' for CMake config files
[0.927s] Level 1:colcon.colcon_core.shell:create_environment_hook('phantomx_pincher', 'cmake_prefix_path')
[0.927s] INFO:colcon.colcon_core.shell:Creating environment hook '/home/santiago/ros2_ws/phantom_ws/install/phantomx_pincher/share/phantomx_pincher/hook/cmake_prefix_path.ps1'
[0.928s] INFO:colcon.colcon_core.shell:Creating environment descriptor '/home/santiago/ros2_ws/phantom_ws/install/phantomx_pincher/share/phantomx_pincher/hook/cmake_prefix_path.dsv'
[0.929s] INFO:colcon.colcon_core.shell:Creating environment hook '/home/santiago/ros2_ws/phantom_ws/install/phantomx_pincher/share/phantomx_pincher/hook/cmake_prefix_path.sh'
[0.930s] Level 1:colcon.colcon_core.environment:checking '/home/santiago/ros2_ws/phantom_ws/install/phantomx_pincher/bin'
[0.931s] Level 1:colcon.colcon_core.environment:checking '/home/santiago/ros2_ws/phantom_ws/install/phantomx_pincher/lib/pkgconfig/phantomx_pincher.pc'
[0.931s] Level 1:colcon.colcon_core.environment:checking '/home/santiago/ros2_ws/phantom_ws/install/phantomx_pincher/lib/python3.10/site-packages'
[0.931s] Level 1:colcon.colcon_core.environment:checking '/home/santiago/ros2_ws/phantom_ws/install/phantomx_pincher/bin'
[0.932s] INFO:colcon.colcon_core.shell:Creating package script '/home/santiago/ros2_ws/phantom_ws/install/phantomx_pincher/share/phantomx_pincher/package.ps1'
[0.933s] INFO:colcon.colcon_core.shell:Creating package descriptor '/home/santiago/ros2_ws/phantom_ws/install/phantomx_pincher/share/phantomx_pincher/package.dsv'
[0.933s] INFO:colcon.colcon_core.shell:Creating package script '/home/santiago/ros2_ws/phantom_ws/install/phantomx_pincher/share/phantomx_pincher/package.sh'
[0.934s] INFO:colcon.colcon_core.shell:Creating package script '/home/santiago/ros2_ws/phantom_ws/install/phantomx_pincher/share/phantomx_pincher/package.bash'
[0.934s] INFO:colcon.colcon_core.shell:Creating package script '/home/santiago/ros2_ws/phantom_ws/install/phantomx_pincher/share/phantomx_pincher/package.zsh'
[0.935s] Level 1:colcon.colcon_core.environment:create_file_with_runtime_dependencies(/home/santiago/ros2_ws/phantom_ws/install/phantomx_pincher/share/colcon-core/packages/phantomx_pincher)
[0.936s] Level 1:colcon.colcon_core.environment:create_environment_scripts_only(phantomx_pincher)
[0.936s] Level 1:colcon.colcon_core.environment:checking '/home/santiago/ros2_ws/phantom_ws/install/phantomx_pincher' for CMake module files
[0.936s] Level 1:colcon.colcon_core.environment:checking '/home/santiago/ros2_ws/phantom_ws/install/phantomx_pincher' for CMake config files
[0.936s] Level 1:colcon.colcon_core.shell:create_environment_hook('phantomx_pincher', 'cmake_prefix_path')
[0.937s] INFO:colcon.colcon_core.shell:Creating environment hook '/home/santiago/ros2_ws/phantom_ws/install/phantomx_pincher/share/phantomx_pincher/hook/cmake_prefix_path.ps1'
[0.937s] INFO:colcon.colcon_core.shell:Creating environment descriptor '/home/santiago/ros2_ws/phantom_ws/install/phantomx_pincher/share/phantomx_pincher/hook/cmake_prefix_path.dsv'
[0.938s] INFO:colcon.colcon_core.shell:Creating environment hook '/home/santiago/ros2_ws/phantom_ws/install/phantomx_pincher/share/phantomx_pincher/hook/cmake_prefix_path.sh'
[0.939s] Level 1:colcon.colcon_core.environment:checking '/home/santiago/ros2_ws/phantom_ws/install/phantomx_pincher/bin'
[0.939s] Level 1:colcon.colcon_core.environment:checking '/home/santiago/ros2_ws/phantom_ws/install/phantomx_pincher/lib/pkgconfig/phantomx_pincher.pc'
[0.939s] Level 1:colcon.colcon_core.environment:checking '/home/santiago/ros2_ws/phantom_ws/install/phantomx_pincher/lib/python3.10/site-packages'
[0.939s] Level 1:colcon.colcon_core.environment:checking '/home/santiago/ros2_ws/phantom_ws/install/phantomx_pincher/bin'
[0.939s] INFO:colcon.colcon_core.shell:Creating package script '/home/santiago/ros2_ws/phantom_ws/install/phantomx_pincher/share/phantomx_pincher/package.ps1'
[0.940s] INFO:colcon.colcon_core.shell:Creating package descriptor '/home/santiago/ros2_ws/phantom_ws/install/phantomx_pincher/share/phantomx_pincher/package.dsv'
[0.940s] INFO:colcon.colcon_core.shell:Creating package script '/home/santiago/ros2_ws/phantom_ws/install/phantomx_pincher/share/phantomx_pincher/package.sh'
[0.953s] INFO:colcon.colcon_core.shell:Creating package script '/home/santiago/ros2_ws/phantom_ws/install/phantomx_pincher/share/phantomx_pincher/package.bash'
[0.954s] INFO:colcon.colcon_core.shell:Creating package script '/home/santiago/ros2_ws/phantom_ws/install/phantomx_pincher/share/phantomx_pincher/package.zsh'
[0.955s] Level 1:colcon.colcon_core.environment:create_file_with_runtime_dependencies(/home/santiago/ros2_ws/phantom_ws/install/phantomx_pincher/share/colcon-core/packages/phantomx_pincher)
[0.962s] INFO:colcon.colcon_ros.task.ament_cmake.build:Building ROS package in '/home/santiago/ros2_ws/phantom_ws/src/phantomx_pincher/phantomx_pincher_demos' with build type 'ament_cmake'
[0.962s] INFO:colcon.colcon_cmake.task.cmake.build:Building CMake package in '/home/santiago/ros2_ws/phantom_ws/src/phantomx_pincher/phantomx_pincher_demos'
[0.963s] INFO:colcon.colcon_core.shell:Skip shell extension 'powershell' for command environment: Not usable outside of PowerShell
[0.963s] DEBUG:colcon.colcon_core.shell:Skip shell extension 'dsv' for command environment
[0.993s] DEBUG:colcon.colcon_core.event_handler.log_command:Invoking command in '/home/santiago/ros2_ws/phantom_ws/build/phantomx_pincher_demos': CMAKE_PREFIX_PATH=/home/santiago/ros2_ws/phantom_ws/install/phantomx_pincher:/home/santiago/ros2_ws/phantom_ws/install/phantomx_pincher_moveit_config:/home/santiago/ros2_ws/phantom_ws/install/phantomx_pincher_description:/home/santiago/ros2_ws/phantom_ws/install/phantomx_pincher_demos:/home/santiago/ros2_ws/phantom_ws/install/pincher_control:/opt/ros/humble /usr/bin/cmake --build /home/santiago/ros2_ws/phantom_ws/build/phantomx_pincher_demos -- -j4 -l4
[1.052s] DEBUG:colcon.colcon_core.event_handler.log_command:Invoking command in '/home/santiago/ros2_ws/phantom_ws/src/pincher_control': PYTHONPATH=/home/santiago/ros2_ws/phantom_ws/build/pincher_control/prefix_override:/usr/lib/python3/dist-packages/colcon_core/task/python/colcon_distutils_commands:/home/santiago/ros2_ws/phantom_ws/install/pincher_control/lib/python3.10/site-packages:${PYTHONPATH} /usr/bin/python3 -W ignore:setup.py install is deprecated -W ignore:easy_install command is deprecated setup.py egg_info --egg-base ../../build/pincher_control build --build-base /home/santiago/ros2_ws/phantom_ws/build/pincher_control/build install --record /home/santiago/ros2_ws/phantom_ws/build/pincher_control/install.log --single-version-externally-managed install_data
[1.077s] DEBUG:colcon.colcon_core.event_handler.log_command:Invoked command in '/home/santiago/ros2_ws/phantom_ws/build/phantomx_pincher_demos' returned '0': CMAKE_PREFIX_PATH=/home/santiago/ros2_ws/phantom_ws/install/phantomx_pincher:/home/santiago/ros2_ws/phantom_ws/install/phantomx_pincher_moveit_config:/home/santiago/ros2_ws/phantom_ws/install/phantomx_pincher_description:/home/santiago/ros2_ws/phantom_ws/install/phantomx_pincher_demos:/home/santiago/ros2_ws/phantom_ws/install/pincher_control:/opt/ros/humble /usr/bin/cmake --build /home/santiago/ros2_ws/phantom_ws/build/phantomx_pincher_demos -- -j4 -l4
[1.086s] DEBUG:colcon.colcon_core.event_handler.log_command:Invoking command in '/home/santiago/ros2_ws/phantom_ws/build/phantomx_pincher_demos': CMAKE_PREFIX_PATH=/home/santiago/ros2_ws/phantom_ws/install/phantomx_pincher:/home/santiago/ros2_ws/phantom_ws/install/phantomx_pincher_moveit_config:/home/santiago/ros2_ws/phantom_ws/install/phantomx_pincher_description:/home/santiago/ros2_ws/phantom_ws/install/phantomx_pincher_demos:/home/santiago/ros2_ws/phantom_ws/install/pincher_control:/opt/ros/humble /usr/bin/cmake --install /home/santiago/ros2_ws/phantom_ws/build/phantomx_pincher_demos
[1.100s] Level 1:colcon.colcon_core.environment:create_environment_scripts_only(phantomx_pincher_demos)
[1.101s] Level 1:colcon.colcon_core.environment:checking '/home/santiago/ros2_ws/phantom_ws/install/phantomx_pincher_demos' for CMake module files
[1.101s] DEBUG:colcon.colcon_core.event_handler.log_command:Invoked command in '/home/santiago/ros2_ws/phantom_ws/build/phantomx_pincher_demos' returned '0': CMAKE_PREFIX_PATH=/home/santiago/ros2_ws/phantom_ws/install/phantomx_pincher:/home/santiago/ros2_ws/phantom_ws/install/phantomx_pincher_moveit_config:/home/santiago/ros2_ws/phantom_ws/install/phantomx_pincher_description:/home/santiago/ros2_ws/phantom_ws/install/phantomx_pincher_demos:/home/santiago/ros2_ws/phantom_ws/install/pincher_control:/opt/ros/humble /usr/bin/cmake --install /home/santiago/ros2_ws/phantom_ws/build/phantomx_pincher_demos
[1.102s] Level 1:colcon.colcon_core.environment:checking '/home/santiago/ros2_ws/phantom_ws/install/phantomx_pincher_demos' for CMake config files
[1.102s] Level 1:colcon.colcon_core.shell:create_environment_hook('phantomx_pincher_demos', 'cmake_prefix_path')
[1.103s] INFO:colcon.colcon_core.shell:Creating environment hook '/home/santiago/ros2_ws/phantom_ws/install/phantomx_pincher_demos/share/phantomx_pincher_demos/hook/cmake_prefix_path.ps1'
[1.103s] INFO:colcon.colcon_core.shell:Creating environment descriptor '/home/santiago/ros2_ws/phantom_ws/install/phantomx_pincher_demos/share/phantomx_pincher_demos/hook/cmake_prefix_path.dsv'
[1.104s] INFO:colcon.colcon_core.shell:Creating environment hook '/home/santiago/ros2_ws/phantom_ws/install/phantomx_pincher_demos/share/phantomx_pincher_demos/hook/cmake_prefix_path.sh'
[1.106s] Level 1:colcon.colcon_core.environment:checking '/home/santiago/ros2_ws/phantom_ws/install/phantomx_pincher_demos/lib'
[1.106s] Level 1:colcon.colcon_core.environment:checking '/home/santiago/ros2_ws/phantom_ws/install/phantomx_pincher_demos/bin'
[1.106s] Level 1:colcon.colcon_core.environment:checking '/home/santiago/ros2_ws/phantom_ws/install/phantomx_pincher_demos/lib/pkgconfig/phantomx_pincher_demos.pc'
[1.106s] Level 1:colcon.colcon_core.environment:checking '/home/santiago/ros2_ws/phantom_ws/install/phantomx_pincher_demos/lib/python3.10/site-packages'
[1.106s] Level 1:colcon.colcon_core.environment:checking '/home/santiago/ros2_ws/phantom_ws/install/phantomx_pincher_demos/bin'
[1.106s] INFO:colcon.colcon_core.shell:Creating package script '/home/santiago/ros2_ws/phantom_ws/install/phantomx_pincher_demos/share/phantomx_pincher_demos/package.ps1'
[1.107s] INFO:colcon.colcon_core.shell:Creating package descriptor '/home/santiago/ros2_ws/phantom_ws/install/phantomx_pincher_demos/share/phantomx_pincher_demos/package.dsv'
[1.108s] INFO:colcon.colcon_core.shell:Creating package script '/home/santiago/ros2_ws/phantom_ws/install/phantomx_pincher_demos/share/phantomx_pincher_demos/package.sh'
[1.109s] INFO:colcon.colcon_core.shell:Creating package script '/home/santiago/ros2_ws/phantom_ws/install/phantomx_pincher_demos/share/phantomx_pincher_demos/package.bash'
[1.109s] INFO:colcon.colcon_core.shell:Creating package script '/home/santiago/ros2_ws/phantom_ws/install/phantomx_pincher_demos/share/phantomx_pincher_demos/package.zsh'
[1.110s] Level 1:colcon.colcon_core.environment:create_file_with_runtime_dependencies(/home/santiago/ros2_ws/phantom_ws/install/phantomx_pincher_demos/share/colcon-core/packages/phantomx_pincher_demos)
[1.111s] Level 1:colcon.colcon_core.environment:create_environment_scripts_only(phantomx_pincher_demos)
[1.112s] Level 1:colcon.colcon_core.environment:checking '/home/santiago/ros2_ws/phantom_ws/install/phantomx_pincher_demos' for CMake module files
[1.112s] Level 1:colcon.colcon_core.environment:checking '/home/santiago/ros2_ws/phantom_ws/install/phantomx_pincher_demos' for CMake config files
[1.112s] Level 1:colcon.colcon_core.shell:create_environment_hook('phantomx_pincher_demos', 'cmake_prefix_path')
[1.112s] INFO:colcon.colcon_core.shell:Creating environment hook '/home/santiago/ros2_ws/phantom_ws/install/phantomx_pincher_demos/share/phantomx_pincher_demos/hook/cmake_prefix_path.ps1'
[1.113s] INFO:colcon.colcon_core.shell:Creating environment descriptor '/home/santiago/ros2_ws/phantom_ws/install/phantomx_pincher_demos/share/phantomx_pincher_demos/hook/cmake_prefix_path.dsv'
[1.114s] INFO:colcon.colcon_core.shell:Creating environment hook '/home/santiago/ros2_ws/phantom_ws/install/phantomx_pincher_demos/share/phantomx_pincher_demos/hook/cmake_prefix_path.sh'
[1.115s] Level 1:colcon.colcon_core.environment:checking '/home/santiago/ros2_ws/phantom_ws/install/phantomx_pincher_demos/lib'
[1.115s] Level 1:colcon.colcon_core.environment:checking '/home/santiago/ros2_ws/phantom_ws/install/phantomx_pincher_demos/bin'
[1.115s] Level 1:colcon.colcon_core.environment:checking '/home/santiago/ros2_ws/phantom_ws/install/phantomx_pincher_demos/lib/pkgconfig/phantomx_pincher_demos.pc'
[1.115s] Level 1:colcon.colcon_core.environment:checking '/home/santiago/ros2_ws/phantom_ws/install/phantomx_pincher_demos/lib/python3.10/site-packages'
[1.116s] Level 1:colcon.colcon_core.environment:checking '/home/santiago/ros2_ws/phantom_ws/install/phantomx_pincher_demos/bin'
[1.116s] INFO:colcon.colcon_core.shell:Creating package script '/home/santiago/ros2_ws/phantom_ws/install/phantomx_pincher_demos/share/phantomx_pincher_demos/package.ps1'
[1.117s] INFO:colcon.colcon_core.shell:Creating package descriptor '/home/santiago/ros2_ws/phantom_ws/install/phantomx_pincher_demos/share/phantomx_pincher_demos/package.dsv'
[1.117s] INFO:colcon.colcon_core.shell:Creating package script '/home/santiago/ros2_ws/phantom_ws/install/phantomx_pincher_demos/share/phantomx_pincher_demos/package.sh'
[1.118s] INFO:colcon.colcon_core.shell:Creating package script '/home/santiago/ros2_ws/phantom_ws/install/phantomx_pincher_demos/share/phantomx_pincher_demos/package.bash'
[1.119s] INFO:colcon.colcon_core.shell:Creating package script '/home/santiago/ros2_ws/phantom_ws/install/phantomx_pincher_demos/share/phantomx_pincher_demos/package.zsh'
[1.120s] Level 1:colcon.colcon_core.environment:create_file_with_runtime_dependencies(/home/santiago/ros2_ws/phantom_ws/install/phantomx_pincher_demos/share/colcon-core/packages/phantomx_pincher_demos)
[1.347s] Level 1:colcon.colcon_core.environment:checking '/home/santiago/ros2_ws/phantom_ws/install/pincher_control' for CMake module files
[1.348s] Level 1:colcon.colcon_core.environment:checking '/home/santiago/ros2_ws/phantom_ws/install/pincher_control' for CMake config files
[1.348s] DEBUG:colcon.colcon_core.event_handler.log_command:Invoked command in '/home/santiago/ros2_ws/phantom_ws/src/pincher_control' returned '0': PYTHONPATH=/home/santiago/ros2_ws/phantom_ws/build/pincher_control/prefix_override:/usr/lib/python3/dist-packages/colcon_core/task/python/colcon_distutils_commands:/home/santiago/ros2_ws/phantom_ws/install/pincher_control/lib/python3.10/site-packages:${PYTHONPATH} /usr/bin/python3 -W ignore:setup.py install is deprecated -W ignore:easy_install command is deprecated setup.py egg_info --egg-base ../../build/pincher_control build --build-base /home/santiago/ros2_ws/phantom_ws/build/pincher_control/build install --record /home/santiago/ros2_ws/phantom_ws/build/pincher_control/install.log --single-version-externally-managed install_data
[1.349s] Level 1:colcon.colcon_core.environment:checking '/home/santiago/ros2_ws/phantom_ws/install/pincher_control/lib'
[1.349s] Level 1:colcon.colcon_core.environment:checking '/home/santiago/ros2_ws/phantom_ws/install/pincher_control/bin'
[1.349s] Level 1:colcon.colcon_core.environment:checking '/home/santiago/ros2_ws/phantom_ws/install/pincher_control/lib/pkgconfig/pincher_control.pc'
[1.349s] Level 1:colcon.colcon_core.environment:checking '/home/santiago/ros2_ws/phantom_ws/install/pincher_control/lib/python3.10/site-packages'
[1.349s] Level 1:colcon.colcon_core.shell:create_environment_hook('pincher_control', 'pythonpath')
[1.350s] INFO:colcon.colcon_core.shell:Creating environment hook '/home/santiago/ros2_ws/phantom_ws/install/pincher_control/share/pincher_control/hook/pythonpath.ps1'
[1.351s] INFO:colcon.colcon_core.shell:Creating environment descriptor '/home/santiago/ros2_ws/phantom_ws/install/pincher_control/share/pincher_control/hook/pythonpath.dsv'
[1.352s] INFO:colcon.colcon_core.shell:Creating environment hook '/home/santiago/ros2_ws/phantom_ws/install/pincher_control/share/pincher_control/hook/pythonpath.sh'
[1.353s] Level 1:colcon.colcon_core.environment:checking '/home/santiago/ros2_ws/phantom_ws/install/pincher_control/bin'
[1.353s] Level 1:colcon.colcon_core.environment:create_environment_scripts_only(pincher_control)
[1.354s] INFO:colcon.colcon_core.shell:Creating package script '/home/santiago/ros2_ws/phantom_ws/install/pincher_control/share/pincher_control/package.ps1'
[1.355s] INFO:colcon.colcon_core.shell:Creating package descriptor '/home/santiago/ros2_ws/phantom_ws/install/pincher_control/share/pincher_control/package.dsv'
[1.356s] INFO:colcon.colcon_core.shell:Creating package script '/home/santiago/ros2_ws/phantom_ws/install/pincher_control/share/pincher_control/package.sh'
[1.357s] INFO:colcon.colcon_core.shell:Creating package script '/home/santiago/ros2_ws/phantom_ws/install/pincher_control/share/pincher_control/package.bash'
[1.358s] INFO:colcon.colcon_core.shell:Creating package script '/home/santiago/ros2_ws/phantom_ws/install/pincher_control/share/pincher_control/package.zsh'
[1.358s] Level 1:colcon.colcon_core.environment:create_file_with_runtime_dependencies(/home/santiago/ros2_ws/phantom_ws/install/pincher_control/share/colcon-core/packages/pincher_control)
[1.359s] DEBUG:colcon.colcon_parallel_executor.executor.parallel:closing loop
[1.360s] DEBUG:colcon.colcon_parallel_executor.executor.parallel:loop closed
[1.360s] DEBUG:colcon.colcon_parallel_executor.executor.parallel:run_until_complete finished with '0'
[1.360s] DEBUG:colcon.colcon_core.event_reactor:joining thread
[1.367s] INFO:colcon.colcon_core.plugin_system:Skipping extension 'colcon_notification.desktop_notification.terminal_notifier': Not used on non-Darwin systems
[1.367s] INFO:colcon.colcon_core.plugin_system:Skipping extension 'colcon_notification.desktop_notification.win32': Not used on non-Windows systems
[1.367s] INFO:colcon.colcon_notification.desktop_notification:Sending desktop notification using 'notify2'
[1.403s] DEBUG:colcon.colcon_core.event_reactor:joined thread
[1.403s] INFO:colcon.colcon_core.shell:Creating prefix script '/home/santiago/ros2_ws/phantom_ws/install/local_setup.ps1'
[1.406s] INFO:colcon.colcon_core.shell:Creating prefix util module '/home/santiago/ros2_ws/phantom_ws/install/_local_setup_util_ps1.py'
[1.407s] INFO:colcon.colcon_core.shell:Creating prefix chain script '/home/santiago/ros2_ws/phantom_ws/install/setup.ps1'
[1.409s] INFO:colcon.colcon_core.shell:Creating prefix script '/home/santiago/ros2_ws/phantom_ws/install/local_setup.sh'
[1.410s] INFO:colcon.colcon_core.shell:Creating prefix util module '/home/santiago/ros2_ws/phantom_ws/install/_local_setup_util_sh.py'
[1.411s] INFO:colcon.colcon_core.shell:Creating prefix chain script '/home/santiago/ros2_ws/phantom_ws/install/setup.sh'
[1.413s] INFO:colcon.colcon_core.shell:Creating prefix script '/home/santiago/ros2_ws/phantom_ws/install/local_setup.bash'
[1.414s] INFO:colcon.colcon_core.shell:Creating prefix chain script '/home/santiago/ros2_ws/phantom_ws/install/setup.bash'
[1.415s] INFO:colcon.colcon_core.shell:Creating prefix script '/home/santiago/ros2_ws/phantom_ws/install/local_setup.zsh'
[1.416s] INFO:colcon.colcon_core.shell:Creating prefix chain script '/home/santiago/ros2_ws/phantom_ws/install/setup.zsh'
