[0.037s] Invoking command in '/home/santiago/ros2_ws/phantom_ws/build/phantomx_pincher': AMENT_PREFIX_PATH=/home/santiago/ros2_ws/phantom_ws/install/phantomx_pincher_moveit_config:/home/santiago/ros2_ws/phantom_ws/install/phantomx_pincher_description:${AMENT_PREFIX_PATH} CMAKE_PREFIX_PATH=/home/santiago/ros2_ws/phantom_ws/install/phantomx_pincher_moveit_config:/home/santiago/ros2_ws/phantom_ws/install/phantomx_pincher_description:/opt/ros/humble IGN_GAZEBO_RESOURCE_PATH=/home/santiago/ros2_ws/phantom_ws/install/phantomx_pincher_description/share/phantomx_pincher_description /usr/bin/cmake --build /home/santiago/ros2_ws/phantom_ws/build/phantomx_pincher -- -j4 -l4
[0.119s] Invoked command in '/home/santiago/ros2_ws/phantom_ws/build/phantomx_pincher' returned '0': AMENT_PREFIX_PATH=/home/santiago/ros2_ws/phantom_ws/install/phantomx_pincher_moveit_config:/home/santiago/ros2_ws/phantom_ws/install/phantomx_pincher_description:${AMENT_PREFIX_PATH} CMAKE_PREFIX_PATH=/home/santiago/ros2_ws/phantom_ws/install/phantomx_pincher_moveit_config:/home/santiago/ros2_ws/phantom_ws/install/phantomx_pincher_description:/opt/ros/humble IGN_GAZEBO_RESOURCE_PATH=/home/santiago/ros2_ws/phantom_ws/install/phantomx_pincher_description/share/phantomx_pincher_description /usr/bin/cmake --build /home/santiago/ros2_ws/phantom_ws/build/phantomx_pincher -- -j4 -l4
[0.126s] Invoking command in '/home/santiago/ros2_ws/phantom_ws/build/phantomx_pincher': AMENT_PREFIX_PATH=/home/santiago/ros2_ws/phantom_ws/install/phantomx_pincher_moveit_config:/home/santiago/ros2_ws/phantom_ws/install/phantomx_pincher_description:${AMENT_PREFIX_PATH} CMAKE_PREFIX_PATH=/home/santiago/ros2_ws/phantom_ws/install/phantomx_pincher_moveit_config:/home/santiago/ros2_ws/phantom_ws/install/phantomx_pincher_description:/opt/ros/humble IGN_GAZEBO_RESOURCE_PATH=/home/santiago/ros2_ws/phantom_ws/install/phantomx_pincher_description/share/phantomx_pincher_description /usr/bin/cmake --install /home/santiago/ros2_ws/phantom_ws/build/phantomx_pincher
[0.138s] -- Install configuration: ""
[0.141s] -- Up-to-date: /home/santiago/ros2_ws/phantom_ws/install/phantomx_pincher/share/phantomx_pincher/launch
[0.141s] -- Up-to-date: /home/santiago/ros2_ws/phantom_ws/install/phantomx_pincher/share/phantomx_pincher/launch/gz.launch.py
[0.142s] -- Up-to-date: /home/santiago/ros2_ws/phantom_ws/install/phantomx_pincher/share/phantomx_pincher/launch/fake.launch.py
[0.144s] -- Up-to-date: /home/santiago/ros2_ws/phantom_ws/install/phantomx_pincher/share/ament_index/resource_index/package_run_dependencies/phantomx_pincher
[0.145s] -- Up-to-date: /home/santiago/ros2_ws/phantom_ws/install/phantomx_pincher/share/ament_index/resource_index/parent_prefix_path/phantomx_pincher
[0.146s] -- Up-to-date: /home/santiago/ros2_ws/phantom_ws/install/phantomx_pincher/share/phantomx_pincher/environment/ament_prefix_path.sh
[0.147s] -- Up-to-date: /home/santiago/ros2_ws/phantom_ws/install/phantomx_pincher/share/phantomx_pincher/environment/ament_prefix_path.dsv
[0.147s] -- Up-to-date: /home/santiago/ros2_ws/phantom_ws/install/phantomx_pincher/share/phantomx_pincher/environment/path.sh
[0.147s] -- Up-to-date: /home/santiago/ros2_ws/phantom_ws/install/phantomx_pincher/share/phantomx_pincher/environment/path.dsv
[0.147s] -- Up-to-date: /home/santiago/ros2_ws/phantom_ws/install/phantomx_pincher/share/phantomx_pincher/local_setup.bash
[0.147s] -- Up-to-date: /home/santiago/ros2_ws/phantom_ws/install/phantomx_pincher/share/phantomx_pincher/local_setup.sh
[0.147s] -- Up-to-date: /home/santiago/ros2_ws/phantom_ws/install/phantomx_pincher/share/phantomx_pincher/local_setup.zsh
[0.147s] -- Up-to-date: /home/santiago/ros2_ws/phantom_ws/install/phantomx_pincher/share/phantomx_pincher/local_setup.dsv
[0.147s] -- Installing: /home/santiago/ros2_ws/phantom_ws/install/phantomx_pincher/share/phantomx_pincher/package.dsv
[0.149s] -- Up-to-date: /home/santiago/ros2_ws/phantom_ws/install/phantomx_pincher/share/ament_index/resource_index/packages/phantomx_pincher
[0.151s] -- Up-to-date: /home/santiago/ros2_ws/phantom_ws/install/phantomx_pincher/share/phantomx_pincher/cmake/phantomx_pincherConfig.cmake
[0.152s] -- Up-to-date: /home/santiago/ros2_ws/phantom_ws/install/phantomx_pincher/share/phantomx_pincher/cmake/phantomx_pincherConfig-version.cmake
[0.152s] -- Up-to-date: /home/santiago/ros2_ws/phantom_ws/install/phantomx_pincher/share/phantomx_pincher/package.xml
[0.155s] Invoked command in '/home/santiago/ros2_ws/phantom_ws/build/phantomx_pincher' returned '0': AMENT_PREFIX_PATH=/home/santiago/ros2_ws/phantom_ws/install/phantomx_pincher_moveit_config:/home/santiago/ros2_ws/phantom_ws/install/phantomx_pincher_description:${AMENT_PREFIX_PATH} CMAKE_PREFIX_PATH=/home/santiago/ros2_ws/phantom_ws/install/phantomx_pincher_moveit_config:/home/santiago/ros2_ws/phantom_ws/install/phantomx_pincher_description:/opt/ros/humble IGN_GAZEBO_RESOURCE_PATH=/home/santiago/ros2_ws/phantom_ws/install/phantomx_pincher_description/share/phantomx_pincher_description /usr/bin/cmake --install /home/santiago/ros2_ws/phantom_ws/build/phantomx_pincher
