[0.029s] Invoking command in '/home/santiago/ros2_ws/phantom_ws/src/build/phantomx_pincher_demos': AMENT_PREFIX_PATH=/home/santiago/ros2_ws/phantom_ws/src/install/phantomx_pincher:/home/santiago/ros2_ws/phantom_ws/src/install/phantomx_pincher_moveit_config:/home/santiago/ros2_ws/phantom_ws/src/install/phantomx_pincher_description:${AMENT_PREFIX_PATH} CMAKE_PREFIX_PATH=/home/santiago/ros2_ws/phantom_ws/src/install/phantomx_pincher:/home/santiago/ros2_ws/phantom_ws/src/install/phantomx_pincher_moveit_config:/home/santiago/ros2_ws/phantom_ws/src/install/phantomx_pincher_description:/opt/ros/humble IGN_GAZEBO_RESOURCE_PATH=/home/santiago/ros2_ws/phantom_ws/src/install/phantomx_pincher_description/share/phantomx_pincher_description /usr/bin/cmake /home/santiago/ros2_ws/phantom_ws/src/phantomx_pincher/phantomx_pincher_demos -DCMAKE_INSTALL_PREFIX=/home/santiago/ros2_ws/phantom_ws/src/install/phantomx_pincher_demos
[0.138s] -- The C compiler identification is GNU 11.4.0
[0.242s] -- The CXX compiler identification is GNU 11.4.0
[0.270s] -- Detecting C compiler ABI info
[0.672s] -- Detecting C compiler ABI info - done
[0.690s] -- Check for working C compiler: /usr/bin/cc - skipped
[0.691s] -- Detecting C compile features
[0.694s] -- Detecting C compile features - done
[0.698s] -- Detecting CXX compiler ABI info
[0.929s] -- Detecting CXX compiler ABI info - done
[0.953s] -- Check for working CXX compiler: /usr/bin/c++ - skipped
[0.953s] -- Detecting CXX compile features
[0.953s] -- Detecting CXX compile features - done
[0.956s] -- Found ament_cmake: 1.3.11 (/opt/ros/humble/share/ament_cmake/cmake)
[1.287s] -- Found Python3: /usr/bin/python3 (found version "3.10.12") found components: Interpreter 
[1.574s] -- Found phantomx_pincher: 1.0.0 (/home/santiago/ros2_ws/phantom_ws/src/install/phantomx_pincher/share/phantomx_pincher/cmake)
[1.780s] -- Configuring done
[1.780s] -- Generating done
[1.784s] -- Build files have been written to: /home/santiago/ros2_ws/phantom_ws/src/build/phantomx_pincher_demos
[1.813s] Invoked command in '/home/santiago/ros2_ws/phantom_ws/src/build/phantomx_pincher_demos' returned '0': AMENT_PREFIX_PATH=/home/santiago/ros2_ws/phantom_ws/src/install/phantomx_pincher:/home/santiago/ros2_ws/phantom_ws/src/install/phantomx_pincher_moveit_config:/home/santiago/ros2_ws/phantom_ws/src/install/phantomx_pincher_description:${AMENT_PREFIX_PATH} CMAKE_PREFIX_PATH=/home/santiago/ros2_ws/phantom_ws/src/install/phantomx_pincher:/home/santiago/ros2_ws/phantom_ws/src/install/phantomx_pincher_moveit_config:/home/santiago/ros2_ws/phantom_ws/src/install/phantomx_pincher_description:/opt/ros/humble IGN_GAZEBO_RESOURCE_PATH=/home/santiago/ros2_ws/phantom_ws/src/install/phantomx_pincher_description/share/phantomx_pincher_description /usr/bin/cmake /home/santiago/ros2_ws/phantom_ws/src/phantomx_pincher/phantomx_pincher_demos -DCMAKE_INSTALL_PREFIX=/home/santiago/ros2_ws/phantom_ws/src/install/phantomx_pincher_demos
[1.814s] Invoking command in '/home/santiago/ros2_ws/phantom_ws/src/build/phantomx_pincher_demos': AMENT_PREFIX_PATH=/home/santiago/ros2_ws/phantom_ws/src/install/phantomx_pincher:/home/santiago/ros2_ws/phantom_ws/src/install/phantomx_pincher_moveit_config:/home/santiago/ros2_ws/phantom_ws/src/install/phantomx_pincher_description:${AMENT_PREFIX_PATH} CMAKE_PREFIX_PATH=/home/santiago/ros2_ws/phantom_ws/src/install/phantomx_pincher:/home/santiago/ros2_ws/phantom_ws/src/install/phantomx_pincher_moveit_config:/home/santiago/ros2_ws/phantom_ws/src/install/phantomx_pincher_description:/opt/ros/humble IGN_GAZEBO_RESOURCE_PATH=/home/santiago/ros2_ws/phantom_ws/src/install/phantomx_pincher_description/share/phantomx_pincher_description /usr/bin/cmake --build /home/santiago/ros2_ws/phantom_ws/src/build/phantomx_pincher_demos -- -j4 -l4
[1.957s] Invoked command in '/home/santiago/ros2_ws/phantom_ws/src/build/phantomx_pincher_demos' returned '0': AMENT_PREFIX_PATH=/home/santiago/ros2_ws/phantom_ws/src/install/phantomx_pincher:/home/santiago/ros2_ws/phantom_ws/src/install/phantomx_pincher_moveit_config:/home/santiago/ros2_ws/phantom_ws/src/install/phantomx_pincher_description:${AMENT_PREFIX_PATH} CMAKE_PREFIX_PATH=/home/santiago/ros2_ws/phantom_ws/src/install/phantomx_pincher:/home/santiago/ros2_ws/phantom_ws/src/install/phantomx_pincher_moveit_config:/home/santiago/ros2_ws/phantom_ws/src/install/phantomx_pincher_description:/opt/ros/humble IGN_GAZEBO_RESOURCE_PATH=/home/santiago/ros2_ws/phantom_ws/src/install/phantomx_pincher_description/share/phantomx_pincher_description /usr/bin/cmake --build /home/santiago/ros2_ws/phantom_ws/src/build/phantomx_pincher_demos -- -j4 -l4
[1.959s] Invoking command in '/home/santiago/ros2_ws/phantom_ws/src/build/phantomx_pincher_demos': AMENT_PREFIX_PATH=/home/santiago/ros2_ws/phantom_ws/src/install/phantomx_pincher:/home/santiago/ros2_ws/phantom_ws/src/install/phantomx_pincher_moveit_config:/home/santiago/ros2_ws/phantom_ws/src/install/phantomx_pincher_description:${AMENT_PREFIX_PATH} CMAKE_PREFIX_PATH=/home/santiago/ros2_ws/phantom_ws/src/install/phantomx_pincher:/home/santiago/ros2_ws/phantom_ws/src/install/phantomx_pincher_moveit_config:/home/santiago/ros2_ws/phantom_ws/src/install/phantomx_pincher_description:/opt/ros/humble IGN_GAZEBO_RESOURCE_PATH=/home/santiago/ros2_ws/phantom_ws/src/install/phantomx_pincher_description/share/phantomx_pincher_description /usr/bin/cmake --install /home/santiago/ros2_ws/phantom_ws/src/build/phantomx_pincher_demos
[1.979s] -- Install configuration: ""
[1.979s] -- Installing: /home/santiago/ros2_ws/phantom_ws/src/install/phantomx_pincher_demos/share/phantomx_pincher_demos/launch
[1.979s] -- Installing: /home/santiago/ros2_ws/phantom_ws/src/install/phantomx_pincher_demos/share/phantomx_pincher_demos/launch/demo_moon_camera_sensors.launch.py
[1.982s] -- Installing: /home/santiago/ros2_ws/phantom_ws/src/install/phantomx_pincher_demos/share/phantomx_pincher_demos/launch/demo_orbit_pick_and_place.launch.py
[1.983s] -- Installing: /home/santiago/ros2_ws/phantom_ws/src/install/phantomx_pincher_demos/share/phantomx_pincher_demos/launch/demo_rover_peg_in_hole.launch.py
[1.985s] -- Installing: /home/santiago/ros2_ws/phantom_ws/src/install/phantomx_pincher_demos/share/phantomx_pincher_demos/rviz
[1.990s] -- Installing: /home/santiago/ros2_ws/phantom_ws/src/install/phantomx_pincher_demos/share/phantomx_pincher_demos/rviz/demo_rover_peg_in_hole.rviz
[1.990s] -- Installing: /home/santiago/ros2_ws/phantom_ws/src/install/phantomx_pincher_demos/share/phantomx_pincher_demos/rviz/demo_orbit_pick_and_place.rviz
[1.991s] -- Installing: /home/santiago/ros2_ws/phantom_ws/src/install/phantomx_pincher_demos/share/phantomx_pincher_demos/rviz/demo_moon_camera_sensors.rviz
[1.991s] -- Installing: /home/santiago/ros2_ws/phantom_ws/src/install/phantomx_pincher_demos/share/phantomx_pincher_demos/worlds
[1.991s] -- Installing: /home/santiago/ros2_ws/phantom_ws/src/install/phantomx_pincher_demos/share/phantomx_pincher_demos/worlds/orbit_pick_and_place.sdf
[1.991s] -- Installing: /home/santiago/ros2_ws/phantom_ws/src/install/phantomx_pincher_demos/share/phantomx_pincher_demos/worlds/moon_camera_sensors.sdf
[1.991s] -- Installing: /home/santiago/ros2_ws/phantom_ws/src/install/phantomx_pincher_demos/share/phantomx_pincher_demos/worlds/rover_peg_in_hole.sdf
[1.991s] -- Installing: /home/santiago/ros2_ws/phantom_ws/src/install/phantomx_pincher_demos/share/phantomx_pincher_demos/assets
[1.991s] -- Installing: /home/santiago/ros2_ws/phantom_ws/src/install/phantomx_pincher_demos/share/phantomx_pincher_demos/assets/suzanne.stl
[1.992s] -- Installing: /home/santiago/ros2_ws/phantom_ws/src/install/phantomx_pincher_demos/share/phantomx_pincher_demos/assets/module_holes.stl
[1.992s] -- Installing: /home/santiago/ros2_ws/phantom_ws/src/install/phantomx_pincher_demos/lib/phantomx_pincher_demos/demo_observe_scene.py
[1.992s] -- Installing: /home/santiago/ros2_ws/phantom_ws/src/install/phantomx_pincher_demos/lib/phantomx_pincher_demos/demo_peg_in_hole.py
[1.992s] -- Installing: /home/santiago/ros2_ws/phantom_ws/src/install/phantomx_pincher_demos/lib/phantomx_pincher_demos/demo_pick_and_place.py
[1.992s] -- Installing: /home/santiago/ros2_ws/phantom_ws/src/install/phantomx_pincher_demos/lib/phantomx_pincher_demos/ex_collision_mesh.py
[1.992s] -- Installing: /home/santiago/ros2_ws/phantom_ws/src/install/phantomx_pincher_demos/lib/phantomx_pincher_demos/ex_collision_primitive.py
[1.992s] -- Installing: /home/santiago/ros2_ws/phantom_ws/src/install/phantomx_pincher_demos/lib/phantomx_pincher_demos/ex_gripper.py
[1.992s] -- Installing: /home/santiago/ros2_ws/phantom_ws/src/install/phantomx_pincher_demos/lib/phantomx_pincher_demos/ex_joint_goal.py
[1.992s] -- Installing: /home/santiago/ros2_ws/phantom_ws/src/install/phantomx_pincher_demos/lib/phantomx_pincher_demos/ex_pose_goal.py
[1.992s] -- Installing: /home/santiago/ros2_ws/phantom_ws/src/install/phantomx_pincher_demos/lib/phantomx_pincher_demos/ex_servo.py
[1.992s] -- Installing: /home/santiago/ros2_ws/phantom_ws/src/install/phantomx_pincher_demos/lib/phantomx_pincher_demos/template.py
[1.992s] -- Installing: /home/santiago/ros2_ws/phantom_ws/src/install/phantomx_pincher_demos/share/ament_index/resource_index/package_run_dependencies/phantomx_pincher_demos
[1.993s] -- Installing: /home/santiago/ros2_ws/phantom_ws/src/install/phantomx_pincher_demos/share/ament_index/resource_index/parent_prefix_path/phantomx_pincher_demos
[1.994s] -- Installing: /home/santiago/ros2_ws/phantom_ws/src/install/phantomx_pincher_demos/share/phantomx_pincher_demos/environment/ament_prefix_path.sh
[1.994s] -- Installing: /home/santiago/ros2_ws/phantom_ws/src/install/phantomx_pincher_demos/share/phantomx_pincher_demos/environment/ament_prefix_path.dsv
[1.994s] -- Installing: /home/santiago/ros2_ws/phantom_ws/src/install/phantomx_pincher_demos/share/phantomx_pincher_demos/environment/path.sh
[1.994s] -- Installing: /home/santiago/ros2_ws/phantom_ws/src/install/phantomx_pincher_demos/share/phantomx_pincher_demos/environment/path.dsv
[1.994s] -- Installing: /home/santiago/ros2_ws/phantom_ws/src/install/phantomx_pincher_demos/share/phantomx_pincher_demos/local_setup.bash
[1.994s] -- Installing: /home/santiago/ros2_ws/phantom_ws/src/install/phantomx_pincher_demos/share/phantomx_pincher_demos/local_setup.sh
[1.994s] -- Installing: /home/santiago/ros2_ws/phantom_ws/src/install/phantomx_pincher_demos/share/phantomx_pincher_demos/local_setup.zsh
[1.998s] -- Installing: /home/santiago/ros2_ws/phantom_ws/src/install/phantomx_pincher_demos/share/phantomx_pincher_demos/local_setup.dsv
[1.998s] -- Installing: /home/santiago/ros2_ws/phantom_ws/src/install/phantomx_pincher_demos/share/phantomx_pincher_demos/package.dsv
[2.001s] -- Installing: /home/santiago/ros2_ws/phantom_ws/src/install/phantomx_pincher_demos/share/ament_index/resource_index/packages/phantomx_pincher_demos
[2.001s] -- Installing: /home/santiago/ros2_ws/phantom_ws/src/install/phantomx_pincher_demos/share/phantomx_pincher_demos/cmake/phantomx_pincher_demosConfig.cmake
[2.001s] -- Installing: /home/santiago/ros2_ws/phantom_ws/src/install/phantomx_pincher_demos/share/phantomx_pincher_demos/cmake/phantomx_pincher_demosConfig-version.cmake
[2.001s] -- Installing: /home/santiago/ros2_ws/phantom_ws/src/install/phantomx_pincher_demos/share/phantomx_pincher_demos/package.xml
[2.016s] Invoked command in '/home/santiago/ros2_ws/phantom_ws/src/build/phantomx_pincher_demos' returned '0': AMENT_PREFIX_PATH=/home/santiago/ros2_ws/phantom_ws/src/install/phantomx_pincher:/home/santiago/ros2_ws/phantom_ws/src/install/phantomx_pincher_moveit_config:/home/santiago/ros2_ws/phantom_ws/src/install/phantomx_pincher_description:${AMENT_PREFIX_PATH} CMAKE_PREFIX_PATH=/home/santiago/ros2_ws/phantom_ws/src/install/phantomx_pincher:/home/santiago/ros2_ws/phantom_ws/src/install/phantomx_pincher_moveit_config:/home/santiago/ros2_ws/phantom_ws/src/install/phantomx_pincher_description:/opt/ros/humble IGN_GAZEBO_RESOURCE_PATH=/home/santiago/ros2_ws/phantom_ws/src/install/phantomx_pincher_description/share/phantomx_pincher_description /usr/bin/cmake --install /home/santiago/ros2_ws/phantom_ws/src/build/phantomx_pincher_demos
