[0.184s] DEBUG:colcon:Command line arguments: ['/usr/bin/colcon', 'build']
[0.184s] DEBUG:colcon:Parsed command line arguments: Namespace(log_base=None, log_level=None, verb_name='build', build_base='build', install_base='install', merge_install=False, symlink_install=False, test_result_base=None, continue_on_error=False, executor='parallel', parallel_workers=4, event_handlers=None, ignore_user_meta=False, metas=['./colcon.meta'], base_paths=['.'], packages_ignore=None, packages_ignore_regex=None, paths=None, packages_up_to=None, packages_up_to_regex=None, packages_above=None, packages_above_and_dependencies=None, packages_above_depth=None, packages_select_by_dep=None, packages_skip_by_dep=None, packages_skip_up_to=None, packages_select_build_failed=False, packages_skip_build_finished=False, packages_select_test_failures=False, packages_skip_test_passed=False, packages_select=None, packages_skip=None, packages_select_regex=None, packages_skip_regex=None, packages_start=None, packages_end=None, allow_overriding=[], cmake_args=None, cmake_target=None, cmake_target_skip_unavailable=False, cmake_clean_cache=False, cmake_clean_first=False, cmake_force_configure=False, ament_cmake_args=None, catkin_cmake_args=None, catkin_skip_building_tests=False, verb_parser=<colcon_defaults.argument_parser.defaults.DefaultArgumentsDecorator object at 0x7114dac48220>, verb_extension=<colcon_core.verb.build.BuildVerb object at 0x7114dac171c0>, main=<bound method BuildVerb.main of <colcon_core.verb.build.BuildVerb object at 0x7114dac171c0>>)
[0.422s] Level 1:colcon.colcon_core.package_discovery:discover_packages(colcon_meta) check parameters
[0.423s] Level 1:colcon.colcon_core.package_discovery:discover_packages(recursive) check parameters
[0.423s] Level 1:colcon.colcon_core.package_discovery:discover_packages(ignore) check parameters
[0.423s] Level 1:colcon.colcon_core.package_discovery:discover_packages(path) check parameters
[0.423s] Level 1:colcon.colcon_core.package_discovery:discover_packages(colcon_meta) discover
[0.423s] Level 1:colcon.colcon_core.package_discovery:discover_packages(recursive) discover
[0.423s] INFO:colcon.colcon_core.package_discovery:Crawling recursively for packages in '/home/santiago/ros2_ws/phantom_ws/src'
[0.423s] Level 1:colcon.colcon_core.package_identification:_identify(.) by extensions ['ignore', 'ignore_ament_install']
[0.423s] Level 1:colcon.colcon_core.package_identification:_identify(.) by extension 'ignore'
[0.423s] Level 1:colcon.colcon_core.package_identification:_identify(.) by extension 'ignore_ament_install'
[0.423s] Level 1:colcon.colcon_core.package_identification:_identify(.) by extensions ['colcon_pkg']
[0.423s] Level 1:colcon.colcon_core.package_identification:_identify(.) by extension 'colcon_pkg'
[0.423s] Level 1:colcon.colcon_core.package_identification:_identify(.) by extensions ['colcon_meta']
[0.423s] Level 1:colcon.colcon_core.package_identification:_identify(.) by extension 'colcon_meta'
[0.423s] Level 1:colcon.colcon_core.package_identification:_identify(.) by extensions ['ros']
[0.423s] Level 1:colcon.colcon_core.package_identification:_identify(.) by extension 'ros'
[0.438s] Level 1:colcon.colcon_core.package_identification:_identify(.) by extensions ['cmake', 'python']
[0.438s] Level 1:colcon.colcon_core.package_identification:_identify(.) by extension 'cmake'
[0.439s] Level 1:colcon.colcon_core.package_identification:_identify(.) by extension 'python'
[0.439s] Level 1:colcon.colcon_core.package_identification:_identify(.) by extensions ['python_setup_py']
[0.439s] Level 1:colcon.colcon_core.package_identification:_identify(.) by extension 'python_setup_py'
[0.439s] Level 1:colcon.colcon_core.package_identification:_identify(build) by extensions ['ignore', 'ignore_ament_install']
[0.439s] Level 1:colcon.colcon_core.package_identification:_identify(build) by extension 'ignore'
[0.439s] Level 1:colcon.colcon_core.package_identification:_identify(build) ignored
[0.439s] Level 1:colcon.colcon_core.package_identification:_identify(install) by extensions ['ignore', 'ignore_ament_install']
[0.439s] Level 1:colcon.colcon_core.package_identification:_identify(install) by extension 'ignore'
[0.439s] Level 1:colcon.colcon_core.package_identification:_identify(install) ignored
[0.439s] Level 1:colcon.colcon_core.package_identification:_identify(log) by extensions ['ignore', 'ignore_ament_install']
[0.439s] Level 1:colcon.colcon_core.package_identification:_identify(log) by extension 'ignore'
[0.439s] Level 1:colcon.colcon_core.package_identification:_identify(log) ignored
[0.440s] Level 1:colcon.colcon_core.package_identification:_identify(phantomx_pincher) by extensions ['ignore', 'ignore_ament_install']
[0.440s] Level 1:colcon.colcon_core.package_identification:_identify(phantomx_pincher) by extension 'ignore'
[0.440s] Level 1:colcon.colcon_core.package_identification:_identify(phantomx_pincher) by extension 'ignore_ament_install'
[0.440s] Level 1:colcon.colcon_core.package_identification:_identify(phantomx_pincher) by extensions ['colcon_pkg']
[0.440s] Level 1:colcon.colcon_core.package_identification:_identify(phantomx_pincher) by extension 'colcon_pkg'
[0.440s] Level 1:colcon.colcon_core.package_identification:_identify(phantomx_pincher) by extensions ['colcon_meta']
[0.440s] Level 1:colcon.colcon_core.package_identification:_identify(phantomx_pincher) by extension 'colcon_meta'
[0.440s] Level 1:colcon.colcon_core.package_identification:_identify(phantomx_pincher) by extensions ['ros']
[0.440s] Level 1:colcon.colcon_core.package_identification:_identify(phantomx_pincher) by extension 'ros'
[0.440s] Level 1:colcon.colcon_core.package_identification:_identify(phantomx_pincher) by extensions ['cmake', 'python']
[0.440s] Level 1:colcon.colcon_core.package_identification:_identify(phantomx_pincher) by extension 'cmake'
[0.440s] Level 1:colcon.colcon_core.package_identification:_identify(phantomx_pincher) by extension 'python'
[0.440s] Level 1:colcon.colcon_core.package_identification:_identify(phantomx_pincher) by extensions ['python_setup_py']
[0.440s] Level 1:colcon.colcon_core.package_identification:_identify(phantomx_pincher) by extension 'python_setup_py'
[0.440s] Level 1:colcon.colcon_core.package_identification:_identify(phantomx_pincher/phantomx_pincher) by extensions ['ignore', 'ignore_ament_install']
[0.440s] Level 1:colcon.colcon_core.package_identification:_identify(phantomx_pincher/phantomx_pincher) by extension 'ignore'
[0.440s] Level 1:colcon.colcon_core.package_identification:_identify(phantomx_pincher/phantomx_pincher) by extension 'ignore_ament_install'
[0.440s] Level 1:colcon.colcon_core.package_identification:_identify(phantomx_pincher/phantomx_pincher) by extensions ['colcon_pkg']
[0.440s] Level 1:colcon.colcon_core.package_identification:_identify(phantomx_pincher/phantomx_pincher) by extension 'colcon_pkg'
[0.440s] Level 1:colcon.colcon_core.package_identification:_identify(phantomx_pincher/phantomx_pincher) by extensions ['colcon_meta']
[0.440s] Level 1:colcon.colcon_core.package_identification:_identify(phantomx_pincher/phantomx_pincher) by extension 'colcon_meta'
[0.440s] Level 1:colcon.colcon_core.package_identification:_identify(phantomx_pincher/phantomx_pincher) by extensions ['ros']
[0.440s] Level 1:colcon.colcon_core.package_identification:_identify(phantomx_pincher/phantomx_pincher) by extension 'ros'
[0.443s] DEBUG:colcon.colcon_core.package_identification:Package 'phantomx_pincher/phantomx_pincher' with type 'ros.ament_cmake' and name 'phantomx_pincher'
[0.444s] Level 1:colcon.colcon_core.package_identification:_identify(phantomx_pincher/phantomx_pincher_demos) by extensions ['ignore', 'ignore_ament_install']
[0.444s] Level 1:colcon.colcon_core.package_identification:_identify(phantomx_pincher/phantomx_pincher_demos) by extension 'ignore'
[0.444s] Level 1:colcon.colcon_core.package_identification:_identify(phantomx_pincher/phantomx_pincher_demos) by extension 'ignore_ament_install'
[0.444s] Level 1:colcon.colcon_core.package_identification:_identify(phantomx_pincher/phantomx_pincher_demos) by extensions ['colcon_pkg']
[0.444s] Level 1:colcon.colcon_core.package_identification:_identify(phantomx_pincher/phantomx_pincher_demos) by extension 'colcon_pkg'
[0.444s] Level 1:colcon.colcon_core.package_identification:_identify(phantomx_pincher/phantomx_pincher_demos) by extensions ['colcon_meta']
[0.444s] Level 1:colcon.colcon_core.package_identification:_identify(phantomx_pincher/phantomx_pincher_demos) by extension 'colcon_meta'
[0.444s] Level 1:colcon.colcon_core.package_identification:_identify(phantomx_pincher/phantomx_pincher_demos) by extensions ['ros']
[0.444s] Level 1:colcon.colcon_core.package_identification:_identify(phantomx_pincher/phantomx_pincher_demos) by extension 'ros'
[0.445s] DEBUG:colcon.colcon_core.package_identification:Package 'phantomx_pincher/phantomx_pincher_demos' with type 'ros.ament_cmake' and name 'phantomx_pincher_demos'
[0.445s] Level 1:colcon.colcon_core.package_identification:_identify(phantomx_pincher/phantomx_pincher_description) by extensions ['ignore', 'ignore_ament_install']
[0.445s] Level 1:colcon.colcon_core.package_identification:_identify(phantomx_pincher/phantomx_pincher_description) by extension 'ignore'
[0.445s] Level 1:colcon.colcon_core.package_identification:_identify(phantomx_pincher/phantomx_pincher_description) by extension 'ignore_ament_install'
[0.445s] Level 1:colcon.colcon_core.package_identification:_identify(phantomx_pincher/phantomx_pincher_description) by extensions ['colcon_pkg']
[0.446s] Level 1:colcon.colcon_core.package_identification:_identify(phantomx_pincher/phantomx_pincher_description) by extension 'colcon_pkg'
[0.446s] Level 1:colcon.colcon_core.package_identification:_identify(phantomx_pincher/phantomx_pincher_description) by extensions ['colcon_meta']
[0.446s] Level 1:colcon.colcon_core.package_identification:_identify(phantomx_pincher/phantomx_pincher_description) by extension 'colcon_meta'
[0.446s] Level 1:colcon.colcon_core.package_identification:_identify(phantomx_pincher/phantomx_pincher_description) by extensions ['ros']
[0.446s] Level 1:colcon.colcon_core.package_identification:_identify(phantomx_pincher/phantomx_pincher_description) by extension 'ros'
[0.447s] DEBUG:colcon.colcon_core.package_identification:Package 'phantomx_pincher/phantomx_pincher_description' with type 'ros.ament_cmake' and name 'phantomx_pincher_description'
[0.447s] Level 1:colcon.colcon_core.package_identification:_identify(phantomx_pincher/phantomx_pincher_moveit_config) by extensions ['ignore', 'ignore_ament_install']
[0.448s] Level 1:colcon.colcon_core.package_identification:_identify(phantomx_pincher/phantomx_pincher_moveit_config) by extension 'ignore'
[0.448s] Level 1:colcon.colcon_core.package_identification:_identify(phantomx_pincher/phantomx_pincher_moveit_config) by extension 'ignore_ament_install'
[0.448s] Level 1:colcon.colcon_core.package_identification:_identify(phantomx_pincher/phantomx_pincher_moveit_config) by extensions ['colcon_pkg']
[0.448s] Level 1:colcon.colcon_core.package_identification:_identify(phantomx_pincher/phantomx_pincher_moveit_config) by extension 'colcon_pkg'
[0.448s] Level 1:colcon.colcon_core.package_identification:_identify(phantomx_pincher/phantomx_pincher_moveit_config) by extensions ['colcon_meta']
[0.448s] Level 1:colcon.colcon_core.package_identification:_identify(phantomx_pincher/phantomx_pincher_moveit_config) by extension 'colcon_meta'
[0.448s] Level 1:colcon.colcon_core.package_identification:_identify(phantomx_pincher/phantomx_pincher_moveit_config) by extensions ['ros']
[0.448s] Level 1:colcon.colcon_core.package_identification:_identify(phantomx_pincher/phantomx_pincher_moveit_config) by extension 'ros'
[0.449s] DEBUG:colcon.colcon_core.package_identification:Package 'phantomx_pincher/phantomx_pincher_moveit_config' with type 'ros.ament_cmake' and name 'phantomx_pincher_moveit_config'
[0.449s] Level 1:colcon.colcon_core.package_identification:_identify(pincher_control) by extensions ['ignore', 'ignore_ament_install']
[0.450s] Level 1:colcon.colcon_core.package_identification:_identify(pincher_control) by extension 'ignore'
[0.450s] Level 1:colcon.colcon_core.package_identification:_identify(pincher_control) by extension 'ignore_ament_install'
[0.450s] Level 1:colcon.colcon_core.package_identification:_identify(pincher_control) by extensions ['colcon_pkg']
[0.450s] Level 1:colcon.colcon_core.package_identification:_identify(pincher_control) by extension 'colcon_pkg'
[0.450s] Level 1:colcon.colcon_core.package_identification:_identify(pincher_control) by extensions ['colcon_meta']
[0.450s] Level 1:colcon.colcon_core.package_identification:_identify(pincher_control) by extension 'colcon_meta'
[0.450s] Level 1:colcon.colcon_core.package_identification:_identify(pincher_control) by extensions ['ros']
[0.451s] Level 1:colcon.colcon_core.package_identification:_identify(pincher_control) by extension 'ros'
[0.452s] DEBUG:colcon.colcon_core.package_identification:Package 'pincher_control' with type 'ros.ament_python' and name 'pincher_control'
[0.452s] Level 1:colcon.colcon_core.package_discovery:discover_packages(recursive) using defaults
[0.452s] Level 1:colcon.colcon_core.package_discovery:discover_packages(ignore) discover
[0.452s] Level 1:colcon.colcon_core.package_discovery:discover_packages(ignore) using defaults
[0.452s] Level 1:colcon.colcon_core.package_discovery:discover_packages(path) discover
[0.452s] Level 1:colcon.colcon_core.package_discovery:discover_packages(path) using defaults
[0.515s] Level 1:colcon.colcon_core.package_discovery:discover_packages(prefix_path) check parameters
[0.515s] Level 1:colcon.colcon_core.package_discovery:discover_packages(prefix_path) discover
[0.525s] DEBUG:colcon.colcon_installed_package_information.package_discovery:Found 296 installed packages in /opt/ros/humble
[0.528s] Level 1:colcon.colcon_core.package_discovery:discover_packages(prefix_path) using defaults
[0.614s] Level 5:colcon.colcon_core.verb:set package 'phantomx_pincher_description' build argument 'cmake_args' from command line to 'None'
[0.614s] Level 5:colcon.colcon_core.verb:set package 'phantomx_pincher_description' build argument 'cmake_target' from command line to 'None'
[0.614s] Level 5:colcon.colcon_core.verb:set package 'phantomx_pincher_description' build argument 'cmake_target_skip_unavailable' from command line to 'False'
[0.614s] Level 5:colcon.colcon_core.verb:set package 'phantomx_pincher_description' build argument 'cmake_clean_cache' from command line to 'False'
[0.614s] Level 5:colcon.colcon_core.verb:set package 'phantomx_pincher_description' build argument 'cmake_clean_first' from command line to 'False'
[0.614s] Level 5:colcon.colcon_core.verb:set package 'phantomx_pincher_description' build argument 'cmake_force_configure' from command line to 'False'
[0.614s] Level 5:colcon.colcon_core.verb:set package 'phantomx_pincher_description' build argument 'ament_cmake_args' from command line to 'None'
[0.614s] Level 5:colcon.colcon_core.verb:set package 'phantomx_pincher_description' build argument 'catkin_cmake_args' from command line to 'None'
[0.614s] Level 5:colcon.colcon_core.verb:set package 'phantomx_pincher_description' build argument 'catkin_skip_building_tests' from command line to 'False'
[0.614s] DEBUG:colcon.colcon_core.verb:Building package 'phantomx_pincher_description' with the following arguments: {'ament_cmake_args': None, 'build_base': '/home/santiago/ros2_ws/phantom_ws/src/build/phantomx_pincher_description', 'catkin_cmake_args': None, 'catkin_skip_building_tests': False, 'cmake_args': None, 'cmake_clean_cache': False, 'cmake_clean_first': False, 'cmake_force_configure': False, 'cmake_target': None, 'cmake_target_skip_unavailable': False, 'install_base': '/home/santiago/ros2_ws/phantom_ws/src/install/phantomx_pincher_description', 'merge_install': False, 'path': '/home/santiago/ros2_ws/phantom_ws/src/phantomx_pincher/phantomx_pincher_description', 'symlink_install': False, 'test_result_base': None}
[0.614s] Level 5:colcon.colcon_core.verb:set package 'pincher_control' build argument 'cmake_args' from command line to 'None'
[0.614s] Level 5:colcon.colcon_core.verb:set package 'pincher_control' build argument 'cmake_target' from command line to 'None'
[0.614s] Level 5:colcon.colcon_core.verb:set package 'pincher_control' build argument 'cmake_target_skip_unavailable' from command line to 'False'
[0.614s] Level 5:colcon.colcon_core.verb:set package 'pincher_control' build argument 'cmake_clean_cache' from command line to 'False'
[0.614s] Level 5:colcon.colcon_core.verb:set package 'pincher_control' build argument 'cmake_clean_first' from command line to 'False'
[0.615s] Level 5:colcon.colcon_core.verb:set package 'pincher_control' build argument 'cmake_force_configure' from command line to 'False'
[0.615s] Level 5:colcon.colcon_core.verb:set package 'pincher_control' build argument 'ament_cmake_args' from command line to 'None'
[0.615s] Level 5:colcon.colcon_core.verb:set package 'pincher_control' build argument 'catkin_cmake_args' from command line to 'None'
[0.615s] Level 5:colcon.colcon_core.verb:set package 'pincher_control' build argument 'catkin_skip_building_tests' from command line to 'False'
[0.615s] DEBUG:colcon.colcon_core.verb:Building package 'pincher_control' with the following arguments: {'ament_cmake_args': None, 'build_base': '/home/santiago/ros2_ws/phantom_ws/src/build/pincher_control', 'catkin_cmake_args': None, 'catkin_skip_building_tests': False, 'cmake_args': None, 'cmake_clean_cache': False, 'cmake_clean_first': False, 'cmake_force_configure': False, 'cmake_target': None, 'cmake_target_skip_unavailable': False, 'install_base': '/home/santiago/ros2_ws/phantom_ws/src/install/pincher_control', 'merge_install': False, 'path': '/home/santiago/ros2_ws/phantom_ws/src/pincher_control', 'symlink_install': False, 'test_result_base': None}
[0.615s] Level 5:colcon.colcon_core.verb:set package 'phantomx_pincher_moveit_config' build argument 'cmake_args' from command line to 'None'
[0.615s] Level 5:colcon.colcon_core.verb:set package 'phantomx_pincher_moveit_config' build argument 'cmake_target' from command line to 'None'
[0.615s] Level 5:colcon.colcon_core.verb:set package 'phantomx_pincher_moveit_config' build argument 'cmake_target_skip_unavailable' from command line to 'False'
[0.615s] Level 5:colcon.colcon_core.verb:set package 'phantomx_pincher_moveit_config' build argument 'cmake_clean_cache' from command line to 'False'
[0.615s] Level 5:colcon.colcon_core.verb:set package 'phantomx_pincher_moveit_config' build argument 'cmake_clean_first' from command line to 'False'
[0.615s] Level 5:colcon.colcon_core.verb:set package 'phantomx_pincher_moveit_config' build argument 'cmake_force_configure' from command line to 'False'
[0.615s] Level 5:colcon.colcon_core.verb:set package 'phantomx_pincher_moveit_config' build argument 'ament_cmake_args' from command line to 'None'
[0.615s] Level 5:colcon.colcon_core.verb:set package 'phantomx_pincher_moveit_config' build argument 'catkin_cmake_args' from command line to 'None'
[0.615s] Level 5:colcon.colcon_core.verb:set package 'phantomx_pincher_moveit_config' build argument 'catkin_skip_building_tests' from command line to 'False'
[0.615s] DEBUG:colcon.colcon_core.verb:Building package 'phantomx_pincher_moveit_config' with the following arguments: {'ament_cmake_args': None, 'build_base': '/home/santiago/ros2_ws/phantom_ws/src/build/phantomx_pincher_moveit_config', 'catkin_cmake_args': None, 'catkin_skip_building_tests': False, 'cmake_args': None, 'cmake_clean_cache': False, 'cmake_clean_first': False, 'cmake_force_configure': False, 'cmake_target': None, 'cmake_target_skip_unavailable': False, 'install_base': '/home/santiago/ros2_ws/phantom_ws/src/install/phantomx_pincher_moveit_config', 'merge_install': False, 'path': '/home/santiago/ros2_ws/phantom_ws/src/phantomx_pincher/phantomx_pincher_moveit_config', 'symlink_install': False, 'test_result_base': None}
[0.615s] Level 5:colcon.colcon_core.verb:set package 'phantomx_pincher' build argument 'cmake_args' from command line to 'None'
[0.615s] Level 5:colcon.colcon_core.verb:set package 'phantomx_pincher' build argument 'cmake_target' from command line to 'None'
[0.615s] Level 5:colcon.colcon_core.verb:set package 'phantomx_pincher' build argument 'cmake_target_skip_unavailable' from command line to 'False'
[0.615s] Level 5:colcon.colcon_core.verb:set package 'phantomx_pincher' build argument 'cmake_clean_cache' from command line to 'False'
[0.616s] Level 5:colcon.colcon_core.verb:set package 'phantomx_pincher' build argument 'cmake_clean_first' from command line to 'False'
[0.616s] Level 5:colcon.colcon_core.verb:set package 'phantomx_pincher' build argument 'cmake_force_configure' from command line to 'False'
[0.616s] Level 5:colcon.colcon_core.verb:set package 'phantomx_pincher' build argument 'ament_cmake_args' from command line to 'None'
[0.616s] Level 5:colcon.colcon_core.verb:set package 'phantomx_pincher' build argument 'catkin_cmake_args' from command line to 'None'
[0.616s] Level 5:colcon.colcon_core.verb:set package 'phantomx_pincher' build argument 'catkin_skip_building_tests' from command line to 'False'
[0.616s] DEBUG:colcon.colcon_core.verb:Building package 'phantomx_pincher' with the following arguments: {'ament_cmake_args': None, 'build_base': '/home/santiago/ros2_ws/phantom_ws/src/build/phantomx_pincher', 'catkin_cmake_args': None, 'catkin_skip_building_tests': False, 'cmake_args': None, 'cmake_clean_cache': False, 'cmake_clean_first': False, 'cmake_force_configure': False, 'cmake_target': None, 'cmake_target_skip_unavailable': False, 'install_base': '/home/santiago/ros2_ws/phantom_ws/src/install/phantomx_pincher', 'merge_install': False, 'path': '/home/santiago/ros2_ws/phantom_ws/src/phantomx_pincher/phantomx_pincher', 'symlink_install': False, 'test_result_base': None}
[0.616s] Level 5:colcon.colcon_core.verb:set package 'phantomx_pincher_demos' build argument 'cmake_args' from command line to 'None'
[0.616s] Level 5:colcon.colcon_core.verb:set package 'phantomx_pincher_demos' build argument 'cmake_target' from command line to 'None'
[0.616s] Level 5:colcon.colcon_core.verb:set package 'phantomx_pincher_demos' build argument 'cmake_target_skip_unavailable' from command line to 'False'
[0.616s] Level 5:colcon.colcon_core.verb:set package 'phantomx_pincher_demos' build argument 'cmake_clean_cache' from command line to 'False'
[0.616s] Level 5:colcon.colcon_core.verb:set package 'phantomx_pincher_demos' build argument 'cmake_clean_first' from command line to 'False'
[0.616s] Level 5:colcon.colcon_core.verb:set package 'phantomx_pincher_demos' build argument 'cmake_force_configure' from command line to 'False'
[0.616s] Level 5:colcon.colcon_core.verb:set package 'phantomx_pincher_demos' build argument 'ament_cmake_args' from command line to 'None'
[0.616s] Level 5:colcon.colcon_core.verb:set package 'phantomx_pincher_demos' build argument 'catkin_cmake_args' from command line to 'None'
[0.616s] Level 5:colcon.colcon_core.verb:set package 'phantomx_pincher_demos' build argument 'catkin_skip_building_tests' from command line to 'False'
[0.617s] DEBUG:colcon.colcon_core.verb:Building package 'phantomx_pincher_demos' with the following arguments: {'ament_cmake_args': None, 'build_base': '/home/santiago/ros2_ws/phantom_ws/src/build/phantomx_pincher_demos', 'catkin_cmake_args': None, 'catkin_skip_building_tests': False, 'cmake_args': None, 'cmake_clean_cache': False, 'cmake_clean_first': False, 'cmake_force_configure': False, 'cmake_target': None, 'cmake_target_skip_unavailable': False, 'install_base': '/home/santiago/ros2_ws/phantom_ws/src/install/phantomx_pincher_demos', 'merge_install': False, 'path': '/home/santiago/ros2_ws/phantom_ws/src/phantomx_pincher/phantomx_pincher_demos', 'symlink_install': False, 'test_result_base': None}
[0.617s] INFO:colcon.colcon_core.executor:Executing jobs using 'parallel' executor
[0.619s] DEBUG:colcon.colcon_parallel_executor.executor.parallel:run_until_complete
[0.620s] INFO:colcon.colcon_ros.task.ament_cmake.build:Building ROS package in '/home/santiago/ros2_ws/phantom_ws/src/phantomx_pincher/phantomx_pincher_description' with build type 'ament_cmake'
[0.620s] INFO:colcon.colcon_cmake.task.cmake.build:Building CMake package in '/home/santiago/ros2_ws/phantom_ws/src/phantomx_pincher/phantomx_pincher_description'
[0.624s] INFO:colcon.colcon_core.plugin_system:Skipping extension 'colcon_core.shell.bat': Not used on non-Windows systems
[0.624s] INFO:colcon.colcon_core.shell:Skip shell extension 'powershell' for command environment: Not usable outside of PowerShell
[0.624s] DEBUG:colcon.colcon_core.shell:Skip shell extension 'dsv' for command environment
[0.635s] INFO:colcon.colcon_ros.task.ament_python.build:Building ROS package in '/home/santiago/ros2_ws/phantom_ws/src/pincher_control' with build type 'ament_python'
[0.635s] Level 1:colcon.colcon_core.shell:create_environment_hook('pincher_control', 'ament_prefix_path')
[0.636s] INFO:colcon.colcon_core.shell:Creating environment hook '/home/santiago/ros2_ws/phantom_ws/src/install/pincher_control/share/pincher_control/hook/ament_prefix_path.ps1'
[0.638s] INFO:colcon.colcon_core.shell:Creating environment descriptor '/home/santiago/ros2_ws/phantom_ws/src/install/pincher_control/share/pincher_control/hook/ament_prefix_path.dsv'
[0.639s] INFO:colcon.colcon_core.shell:Creating environment hook '/home/santiago/ros2_ws/phantom_ws/src/install/pincher_control/share/pincher_control/hook/ament_prefix_path.sh'
[0.644s] INFO:colcon.colcon_core.shell:Skip shell extension 'powershell' for command environment: Not usable outside of PowerShell
[0.645s] DEBUG:colcon.colcon_core.shell:Skip shell extension 'dsv' for command environment
[0.666s] DEBUG:colcon.colcon_core.event_handler.log_command:Invoking command in '/home/santiago/ros2_ws/phantom_ws/src/build/phantomx_pincher_description': CMAKE_PREFIX_PATH=/opt/ros/humble /usr/bin/cmake /home/santiago/ros2_ws/phantom_ws/src/phantomx_pincher/phantomx_pincher_description -DCMAKE_INSTALL_PREFIX=/home/santiago/ros2_ws/phantom_ws/src/install/phantomx_pincher_description
[2.325s] INFO:colcon.colcon_core.task.python.build:Building Python package in '/home/santiago/ros2_ws/phantom_ws/src/pincher_control'
[2.327s] INFO:colcon.colcon_core.shell:Skip shell extension 'powershell' for command environment: Not usable outside of PowerShell
[2.330s] DEBUG:colcon.colcon_core.shell:Skip shell extension 'dsv' for command environment
[3.237s] DEBUG:colcon.colcon_core.event_handler.log_command:Invoking command in '/home/santiago/ros2_ws/phantom_ws/src/pincher_control': PYTHONPATH=/home/santiago/ros2_ws/phantom_ws/src/build/pincher_control/prefix_override:/usr/lib/python3/dist-packages/colcon_core/task/python/colcon_distutils_commands:/home/santiago/ros2_ws/phantom_ws/src/install/pincher_control/lib/python3.10/site-packages:${PYTHONPATH} /usr/bin/python3 -W ignore:setup.py install is deprecated -W ignore:easy_install command is deprecated setup.py egg_info --egg-base ../build/pincher_control build --build-base /home/santiago/ros2_ws/phantom_ws/src/build/pincher_control/build install --record /home/santiago/ros2_ws/phantom_ws/src/build/pincher_control/install.log --single-version-externally-managed install_data
[4.010s] Level 1:colcon.colcon_core.environment:checking '/home/santiago/ros2_ws/phantom_ws/src/install/pincher_control' for CMake module files
[4.013s] DEBUG:colcon.colcon_core.event_handler.log_command:Invoked command in '/home/santiago/ros2_ws/phantom_ws/src/pincher_control' returned '0': PYTHONPATH=/home/santiago/ros2_ws/phantom_ws/src/build/pincher_control/prefix_override:/usr/lib/python3/dist-packages/colcon_core/task/python/colcon_distutils_commands:/home/santiago/ros2_ws/phantom_ws/src/install/pincher_control/lib/python3.10/site-packages:${PYTHONPATH} /usr/bin/python3 -W ignore:setup.py install is deprecated -W ignore:easy_install command is deprecated setup.py egg_info --egg-base ../build/pincher_control build --build-base /home/santiago/ros2_ws/phantom_ws/src/build/pincher_control/build install --record /home/santiago/ros2_ws/phantom_ws/src/build/pincher_control/install.log --single-version-externally-managed install_data
[4.013s] Level 1:colcon.colcon_core.environment:checking '/home/santiago/ros2_ws/phantom_ws/src/install/pincher_control' for CMake config files
[4.015s] Level 1:colcon.colcon_core.environment:checking '/home/santiago/ros2_ws/phantom_ws/src/install/pincher_control/lib'
[4.015s] Level 1:colcon.colcon_core.environment:checking '/home/santiago/ros2_ws/phantom_ws/src/install/pincher_control/bin'
[4.016s] Level 1:colcon.colcon_core.environment:checking '/home/santiago/ros2_ws/phantom_ws/src/install/pincher_control/lib/pkgconfig/pincher_control.pc'
[4.016s] Level 1:colcon.colcon_core.environment:checking '/home/santiago/ros2_ws/phantom_ws/src/install/pincher_control/lib/python3.10/site-packages'
[4.017s] Level 1:colcon.colcon_core.shell:create_environment_hook('pincher_control', 'pythonpath')
[4.017s] INFO:colcon.colcon_core.shell:Creating environment hook '/home/santiago/ros2_ws/phantom_ws/src/install/pincher_control/share/pincher_control/hook/pythonpath.ps1'
[4.018s] INFO:colcon.colcon_core.shell:Creating environment descriptor '/home/santiago/ros2_ws/phantom_ws/src/install/pincher_control/share/pincher_control/hook/pythonpath.dsv'
[4.019s] INFO:colcon.colcon_core.shell:Creating environment hook '/home/santiago/ros2_ws/phantom_ws/src/install/pincher_control/share/pincher_control/hook/pythonpath.sh'
[4.020s] Level 1:colcon.colcon_core.environment:checking '/home/santiago/ros2_ws/phantom_ws/src/install/pincher_control/bin'
[4.020s] Level 1:colcon.colcon_core.environment:create_environment_scripts_only(pincher_control)
[4.021s] INFO:colcon.colcon_core.shell:Creating package script '/home/santiago/ros2_ws/phantom_ws/src/install/pincher_control/share/pincher_control/package.ps1'
[4.022s] INFO:colcon.colcon_core.shell:Creating package descriptor '/home/santiago/ros2_ws/phantom_ws/src/install/pincher_control/share/pincher_control/package.dsv'
[4.023s] INFO:colcon.colcon_core.shell:Creating package script '/home/santiago/ros2_ws/phantom_ws/src/install/pincher_control/share/pincher_control/package.sh'
[4.024s] INFO:colcon.colcon_core.shell:Creating package script '/home/santiago/ros2_ws/phantom_ws/src/install/pincher_control/share/pincher_control/package.bash'
[4.025s] INFO:colcon.colcon_core.shell:Creating package script '/home/santiago/ros2_ws/phantom_ws/src/install/pincher_control/share/pincher_control/package.zsh'
[4.025s] Level 1:colcon.colcon_core.environment:create_file_with_runtime_dependencies(/home/santiago/ros2_ws/phantom_ws/src/install/pincher_control/share/colcon-core/packages/pincher_control)
[4.577s] DEBUG:colcon.colcon_core.event_handler.log_command:Invoked command in '/home/santiago/ros2_ws/phantom_ws/src/build/phantomx_pincher_description' returned '0': CMAKE_PREFIX_PATH=/opt/ros/humble /usr/bin/cmake /home/santiago/ros2_ws/phantom_ws/src/phantomx_pincher/phantomx_pincher_description -DCMAKE_INSTALL_PREFIX=/home/santiago/ros2_ws/phantom_ws/src/install/phantomx_pincher_description
[4.578s] DEBUG:colcon.colcon_core.event_handler.log_command:Invoking command in '/home/santiago/ros2_ws/phantom_ws/src/build/phantomx_pincher_description': CMAKE_PREFIX_PATH=/opt/ros/humble /usr/bin/cmake --build /home/santiago/ros2_ws/phantom_ws/src/build/phantomx_pincher_description -- -j4 -l4
[4.646s] DEBUG:colcon.colcon_core.event_handler.log_command:Invoked command in '/home/santiago/ros2_ws/phantom_ws/src/build/phantomx_pincher_description' returned '0': CMAKE_PREFIX_PATH=/opt/ros/humble /usr/bin/cmake --build /home/santiago/ros2_ws/phantom_ws/src/build/phantomx_pincher_description -- -j4 -l4
[4.672s] DEBUG:colcon.colcon_core.event_handler.log_command:Invoking command in '/home/santiago/ros2_ws/phantom_ws/src/build/phantomx_pincher_description': CMAKE_PREFIX_PATH=/opt/ros/humble /usr/bin/cmake --install /home/santiago/ros2_ws/phantom_ws/src/build/phantomx_pincher_description
[4.745s] Level 1:colcon.colcon_core.environment:create_environment_scripts_only(phantomx_pincher_description)
[4.745s] Level 1:colcon.colcon_core.environment:checking '/home/santiago/ros2_ws/phantom_ws/src/install/phantomx_pincher_description' for CMake module files
[4.747s] DEBUG:colcon.colcon_core.event_handler.log_command:Invoked command in '/home/santiago/ros2_ws/phantom_ws/src/build/phantomx_pincher_description' returned '0': CMAKE_PREFIX_PATH=/opt/ros/humble /usr/bin/cmake --install /home/santiago/ros2_ws/phantom_ws/src/build/phantomx_pincher_description
[4.747s] Level 1:colcon.colcon_core.environment:checking '/home/santiago/ros2_ws/phantom_ws/src/install/phantomx_pincher_description' for CMake config files
[4.748s] Level 1:colcon.colcon_core.shell:create_environment_hook('phantomx_pincher_description', 'cmake_prefix_path')
[4.748s] INFO:colcon.colcon_core.shell:Creating environment hook '/home/santiago/ros2_ws/phantom_ws/src/install/phantomx_pincher_description/share/phantomx_pincher_description/hook/cmake_prefix_path.ps1'
[4.749s] INFO:colcon.colcon_core.shell:Creating environment descriptor '/home/santiago/ros2_ws/phantom_ws/src/install/phantomx_pincher_description/share/phantomx_pincher_description/hook/cmake_prefix_path.dsv'
[4.749s] INFO:colcon.colcon_core.shell:Creating environment hook '/home/santiago/ros2_ws/phantom_ws/src/install/phantomx_pincher_description/share/phantomx_pincher_description/hook/cmake_prefix_path.sh'
[4.750s] Level 1:colcon.colcon_core.environment:checking '/home/santiago/ros2_ws/phantom_ws/src/install/phantomx_pincher_description/lib'
[4.750s] Level 1:colcon.colcon_core.environment:checking '/home/santiago/ros2_ws/phantom_ws/src/install/phantomx_pincher_description/bin'
[4.750s] Level 1:colcon.colcon_core.environment:checking '/home/santiago/ros2_ws/phantom_ws/src/install/phantomx_pincher_description/lib/pkgconfig/phantomx_pincher_description.pc'
[4.751s] Level 1:colcon.colcon_core.environment:checking '/home/santiago/ros2_ws/phantom_ws/src/install/phantomx_pincher_description/lib/python3.10/site-packages'
[4.751s] Level 1:colcon.colcon_core.environment:checking '/home/santiago/ros2_ws/phantom_ws/src/install/phantomx_pincher_description/bin'
[4.751s] INFO:colcon.colcon_core.shell:Creating package script '/home/santiago/ros2_ws/phantom_ws/src/install/phantomx_pincher_description/share/phantomx_pincher_description/package.ps1'
[4.752s] INFO:colcon.colcon_core.shell:Creating package descriptor '/home/santiago/ros2_ws/phantom_ws/src/install/phantomx_pincher_description/share/phantomx_pincher_description/package.dsv'
[4.752s] INFO:colcon.colcon_core.shell:Creating package script '/home/santiago/ros2_ws/phantom_ws/src/install/phantomx_pincher_description/share/phantomx_pincher_description/package.sh'
[4.754s] INFO:colcon.colcon_core.shell:Creating package script '/home/santiago/ros2_ws/phantom_ws/src/install/phantomx_pincher_description/share/phantomx_pincher_description/package.bash'
[4.755s] INFO:colcon.colcon_core.shell:Creating package script '/home/santiago/ros2_ws/phantom_ws/src/install/phantomx_pincher_description/share/phantomx_pincher_description/package.zsh'
[4.755s] Level 1:colcon.colcon_core.environment:create_file_with_runtime_dependencies(/home/santiago/ros2_ws/phantom_ws/src/install/phantomx_pincher_description/share/colcon-core/packages/phantomx_pincher_description)
[4.756s] Level 1:colcon.colcon_core.environment:create_environment_scripts_only(phantomx_pincher_description)
[4.757s] Level 1:colcon.colcon_core.environment:checking '/home/santiago/ros2_ws/phantom_ws/src/install/phantomx_pincher_description' for CMake module files
[4.757s] Level 1:colcon.colcon_core.environment:checking '/home/santiago/ros2_ws/phantom_ws/src/install/phantomx_pincher_description' for CMake config files
[4.758s] Level 1:colcon.colcon_core.shell:create_environment_hook('phantomx_pincher_description', 'cmake_prefix_path')
[4.758s] INFO:colcon.colcon_core.shell:Creating environment hook '/home/santiago/ros2_ws/phantom_ws/src/install/phantomx_pincher_description/share/phantomx_pincher_description/hook/cmake_prefix_path.ps1'
[4.759s] INFO:colcon.colcon_core.shell:Creating environment descriptor '/home/santiago/ros2_ws/phantom_ws/src/install/phantomx_pincher_description/share/phantomx_pincher_description/hook/cmake_prefix_path.dsv'
[4.760s] INFO:colcon.colcon_core.shell:Creating environment hook '/home/santiago/ros2_ws/phantom_ws/src/install/phantomx_pincher_description/share/phantomx_pincher_description/hook/cmake_prefix_path.sh'
[4.761s] Level 1:colcon.colcon_core.environment:checking '/home/santiago/ros2_ws/phantom_ws/src/install/phantomx_pincher_description/lib'
[4.761s] Level 1:colcon.colcon_core.environment:checking '/home/santiago/ros2_ws/phantom_ws/src/install/phantomx_pincher_description/bin'
[4.761s] Level 1:colcon.colcon_core.environment:checking '/home/santiago/ros2_ws/phantom_ws/src/install/phantomx_pincher_description/lib/pkgconfig/phantomx_pincher_description.pc'
[4.762s] Level 1:colcon.colcon_core.environment:checking '/home/santiago/ros2_ws/phantom_ws/src/install/phantomx_pincher_description/lib/python3.10/site-packages'
[4.762s] Level 1:colcon.colcon_core.environment:checking '/home/santiago/ros2_ws/phantom_ws/src/install/phantomx_pincher_description/bin'
[4.762s] INFO:colcon.colcon_core.shell:Creating package script '/home/santiago/ros2_ws/phantom_ws/src/install/phantomx_pincher_description/share/phantomx_pincher_description/package.ps1'
[4.763s] INFO:colcon.colcon_core.shell:Creating package descriptor '/home/santiago/ros2_ws/phantom_ws/src/install/phantomx_pincher_description/share/phantomx_pincher_description/package.dsv'
[4.764s] INFO:colcon.colcon_core.shell:Creating package script '/home/santiago/ros2_ws/phantom_ws/src/install/phantomx_pincher_description/share/phantomx_pincher_description/package.sh'
[4.765s] INFO:colcon.colcon_core.shell:Creating package script '/home/santiago/ros2_ws/phantom_ws/src/install/phantomx_pincher_description/share/phantomx_pincher_description/package.bash'
[4.766s] INFO:colcon.colcon_core.shell:Creating package script '/home/santiago/ros2_ws/phantom_ws/src/install/phantomx_pincher_description/share/phantomx_pincher_description/package.zsh'
[4.767s] Level 1:colcon.colcon_core.environment:create_file_with_runtime_dependencies(/home/santiago/ros2_ws/phantom_ws/src/install/phantomx_pincher_description/share/colcon-core/packages/phantomx_pincher_description)
[4.768s] INFO:colcon.colcon_ros.task.ament_cmake.build:Building ROS package in '/home/santiago/ros2_ws/phantom_ws/src/phantomx_pincher/phantomx_pincher_moveit_config' with build type 'ament_cmake'
[4.768s] INFO:colcon.colcon_cmake.task.cmake.build:Building CMake package in '/home/santiago/ros2_ws/phantom_ws/src/phantomx_pincher/phantomx_pincher_moveit_config'
[4.769s] INFO:colcon.colcon_core.shell:Skip shell extension 'powershell' for command environment: Not usable outside of PowerShell
[4.769s] DEBUG:colcon.colcon_core.shell:Skip shell extension 'dsv' for command environment
[4.798s] DEBUG:colcon.colcon_core.event_handler.log_command:Invoking command in '/home/santiago/ros2_ws/phantom_ws/src/build/phantomx_pincher_moveit_config': AMENT_PREFIX_PATH=/home/santiago/ros2_ws/phantom_ws/src/install/phantomx_pincher_description:${AMENT_PREFIX_PATH} CMAKE_PREFIX_PATH=/home/santiago/ros2_ws/phantom_ws/src/install/phantomx_pincher_description:/opt/ros/humble IGN_GAZEBO_RESOURCE_PATH=/home/santiago/ros2_ws/phantom_ws/src/install/phantomx_pincher_description/share/phantomx_pincher_description /usr/bin/cmake /home/santiago/ros2_ws/phantom_ws/src/phantomx_pincher/phantomx_pincher_moveit_config -DCMAKE_INSTALL_PREFIX=/home/santiago/ros2_ws/phantom_ws/src/install/phantomx_pincher_moveit_config
[5.964s] DEBUG:colcon.colcon_core.event_handler.log_command:Invoked command in '/home/santiago/ros2_ws/phantom_ws/src/build/phantomx_pincher_moveit_config' returned '0': AMENT_PREFIX_PATH=/home/santiago/ros2_ws/phantom_ws/src/install/phantomx_pincher_description:${AMENT_PREFIX_PATH} CMAKE_PREFIX_PATH=/home/santiago/ros2_ws/phantom_ws/src/install/phantomx_pincher_description:/opt/ros/humble IGN_GAZEBO_RESOURCE_PATH=/home/santiago/ros2_ws/phantom_ws/src/install/phantomx_pincher_description/share/phantomx_pincher_description /usr/bin/cmake /home/santiago/ros2_ws/phantom_ws/src/phantomx_pincher/phantomx_pincher_moveit_config -DCMAKE_INSTALL_PREFIX=/home/santiago/ros2_ws/phantom_ws/src/install/phantomx_pincher_moveit_config
[5.965s] DEBUG:colcon.colcon_core.event_handler.log_command:Invoking command in '/home/santiago/ros2_ws/phantom_ws/src/build/phantomx_pincher_moveit_config': AMENT_PREFIX_PATH=/home/santiago/ros2_ws/phantom_ws/src/install/phantomx_pincher_description:${AMENT_PREFIX_PATH} CMAKE_PREFIX_PATH=/home/santiago/ros2_ws/phantom_ws/src/install/phantomx_pincher_description:/opt/ros/humble IGN_GAZEBO_RESOURCE_PATH=/home/santiago/ros2_ws/phantom_ws/src/install/phantomx_pincher_description/share/phantomx_pincher_description /usr/bin/cmake --build /home/santiago/ros2_ws/phantom_ws/src/build/phantomx_pincher_moveit_config -- -j4 -l4
[6.054s] DEBUG:colcon.colcon_core.event_handler.log_command:Invoked command in '/home/santiago/ros2_ws/phantom_ws/src/build/phantomx_pincher_moveit_config' returned '0': AMENT_PREFIX_PATH=/home/santiago/ros2_ws/phantom_ws/src/install/phantomx_pincher_description:${AMENT_PREFIX_PATH} CMAKE_PREFIX_PATH=/home/santiago/ros2_ws/phantom_ws/src/install/phantomx_pincher_description:/opt/ros/humble IGN_GAZEBO_RESOURCE_PATH=/home/santiago/ros2_ws/phantom_ws/src/install/phantomx_pincher_description/share/phantomx_pincher_description /usr/bin/cmake --build /home/santiago/ros2_ws/phantom_ws/src/build/phantomx_pincher_moveit_config -- -j4 -l4
[6.055s] DEBUG:colcon.colcon_core.event_handler.log_command:Invoking command in '/home/santiago/ros2_ws/phantom_ws/src/build/phantomx_pincher_moveit_config': AMENT_PREFIX_PATH=/home/santiago/ros2_ws/phantom_ws/src/install/phantomx_pincher_description:${AMENT_PREFIX_PATH} CMAKE_PREFIX_PATH=/home/santiago/ros2_ws/phantom_ws/src/install/phantomx_pincher_description:/opt/ros/humble IGN_GAZEBO_RESOURCE_PATH=/home/santiago/ros2_ws/phantom_ws/src/install/phantomx_pincher_description/share/phantomx_pincher_description /usr/bin/cmake --install /home/santiago/ros2_ws/phantom_ws/src/build/phantomx_pincher_moveit_config
[6.109s] Level 1:colcon.colcon_core.environment:create_environment_scripts_only(phantomx_pincher_moveit_config)
[6.109s] Level 1:colcon.colcon_core.environment:checking '/home/santiago/ros2_ws/phantom_ws/src/install/phantomx_pincher_moveit_config' for CMake module files
[6.110s] Level 1:colcon.colcon_core.environment:checking '/home/santiago/ros2_ws/phantom_ws/src/install/phantomx_pincher_moveit_config' for CMake config files
[6.111s] Level 1:colcon.colcon_core.shell:create_environment_hook('phantomx_pincher_moveit_config', 'cmake_prefix_path')
[6.111s] INFO:colcon.colcon_core.shell:Creating environment hook '/home/santiago/ros2_ws/phantom_ws/src/install/phantomx_pincher_moveit_config/share/phantomx_pincher_moveit_config/hook/cmake_prefix_path.ps1'
[6.111s] DEBUG:colcon.colcon_core.event_handler.log_command:Invoked command in '/home/santiago/ros2_ws/phantom_ws/src/build/phantomx_pincher_moveit_config' returned '0': AMENT_PREFIX_PATH=/home/santiago/ros2_ws/phantom_ws/src/install/phantomx_pincher_description:${AMENT_PREFIX_PATH} CMAKE_PREFIX_PATH=/home/santiago/ros2_ws/phantom_ws/src/install/phantomx_pincher_description:/opt/ros/humble IGN_GAZEBO_RESOURCE_PATH=/home/santiago/ros2_ws/phantom_ws/src/install/phantomx_pincher_description/share/phantomx_pincher_description /usr/bin/cmake --install /home/santiago/ros2_ws/phantom_ws/src/build/phantomx_pincher_moveit_config
[6.112s] INFO:colcon.colcon_core.shell:Creating environment descriptor '/home/santiago/ros2_ws/phantom_ws/src/install/phantomx_pincher_moveit_config/share/phantomx_pincher_moveit_config/hook/cmake_prefix_path.dsv'
[6.113s] INFO:colcon.colcon_core.shell:Creating environment hook '/home/santiago/ros2_ws/phantom_ws/src/install/phantomx_pincher_moveit_config/share/phantomx_pincher_moveit_config/hook/cmake_prefix_path.sh'
[6.114s] Level 1:colcon.colcon_core.environment:checking '/home/santiago/ros2_ws/phantom_ws/src/install/phantomx_pincher_moveit_config/bin'
[6.114s] Level 1:colcon.colcon_core.environment:checking '/home/santiago/ros2_ws/phantom_ws/src/install/phantomx_pincher_moveit_config/lib/pkgconfig/phantomx_pincher_moveit_config.pc'
[6.114s] Level 1:colcon.colcon_core.environment:checking '/home/santiago/ros2_ws/phantom_ws/src/install/phantomx_pincher_moveit_config/lib/python3.10/site-packages'
[6.114s] Level 1:colcon.colcon_core.environment:checking '/home/santiago/ros2_ws/phantom_ws/src/install/phantomx_pincher_moveit_config/bin'
[6.115s] INFO:colcon.colcon_core.shell:Creating package script '/home/santiago/ros2_ws/phantom_ws/src/install/phantomx_pincher_moveit_config/share/phantomx_pincher_moveit_config/package.ps1'
[6.115s] INFO:colcon.colcon_core.shell:Creating package descriptor '/home/santiago/ros2_ws/phantom_ws/src/install/phantomx_pincher_moveit_config/share/phantomx_pincher_moveit_config/package.dsv'
[6.116s] INFO:colcon.colcon_core.shell:Creating package script '/home/santiago/ros2_ws/phantom_ws/src/install/phantomx_pincher_moveit_config/share/phantomx_pincher_moveit_config/package.sh'
[6.117s] INFO:colcon.colcon_core.shell:Creating package script '/home/santiago/ros2_ws/phantom_ws/src/install/phantomx_pincher_moveit_config/share/phantomx_pincher_moveit_config/package.bash'
[6.117s] INFO:colcon.colcon_core.shell:Creating package script '/home/santiago/ros2_ws/phantom_ws/src/install/phantomx_pincher_moveit_config/share/phantomx_pincher_moveit_config/package.zsh'
[6.118s] Level 1:colcon.colcon_core.environment:create_file_with_runtime_dependencies(/home/santiago/ros2_ws/phantom_ws/src/install/phantomx_pincher_moveit_config/share/colcon-core/packages/phantomx_pincher_moveit_config)
[6.120s] Level 1:colcon.colcon_core.environment:create_environment_scripts_only(phantomx_pincher_moveit_config)
[6.120s] Level 1:colcon.colcon_core.environment:checking '/home/santiago/ros2_ws/phantom_ws/src/install/phantomx_pincher_moveit_config' for CMake module files
[6.121s] Level 1:colcon.colcon_core.environment:checking '/home/santiago/ros2_ws/phantom_ws/src/install/phantomx_pincher_moveit_config' for CMake config files
[6.122s] Level 1:colcon.colcon_core.shell:create_environment_hook('phantomx_pincher_moveit_config', 'cmake_prefix_path')
[6.122s] INFO:colcon.colcon_core.shell:Creating environment hook '/home/santiago/ros2_ws/phantom_ws/src/install/phantomx_pincher_moveit_config/share/phantomx_pincher_moveit_config/hook/cmake_prefix_path.ps1'
[6.123s] INFO:colcon.colcon_core.shell:Creating environment descriptor '/home/santiago/ros2_ws/phantom_ws/src/install/phantomx_pincher_moveit_config/share/phantomx_pincher_moveit_config/hook/cmake_prefix_path.dsv'
[6.124s] INFO:colcon.colcon_core.shell:Creating environment hook '/home/santiago/ros2_ws/phantom_ws/src/install/phantomx_pincher_moveit_config/share/phantomx_pincher_moveit_config/hook/cmake_prefix_path.sh'
[6.126s] Level 1:colcon.colcon_core.environment:checking '/home/santiago/ros2_ws/phantom_ws/src/install/phantomx_pincher_moveit_config/bin'
[6.126s] Level 1:colcon.colcon_core.environment:checking '/home/santiago/ros2_ws/phantom_ws/src/install/phantomx_pincher_moveit_config/lib/pkgconfig/phantomx_pincher_moveit_config.pc'
[6.126s] Level 1:colcon.colcon_core.environment:checking '/home/santiago/ros2_ws/phantom_ws/src/install/phantomx_pincher_moveit_config/lib/python3.10/site-packages'
[6.127s] Level 1:colcon.colcon_core.environment:checking '/home/santiago/ros2_ws/phantom_ws/src/install/phantomx_pincher_moveit_config/bin'
[6.128s] INFO:colcon.colcon_core.shell:Creating package script '/home/santiago/ros2_ws/phantom_ws/src/install/phantomx_pincher_moveit_config/share/phantomx_pincher_moveit_config/package.ps1'
[6.128s] INFO:colcon.colcon_core.shell:Creating package descriptor '/home/santiago/ros2_ws/phantom_ws/src/install/phantomx_pincher_moveit_config/share/phantomx_pincher_moveit_config/package.dsv'
[6.129s] INFO:colcon.colcon_core.shell:Creating package script '/home/santiago/ros2_ws/phantom_ws/src/install/phantomx_pincher_moveit_config/share/phantomx_pincher_moveit_config/package.sh'
[6.130s] INFO:colcon.colcon_core.shell:Creating package script '/home/santiago/ros2_ws/phantom_ws/src/install/phantomx_pincher_moveit_config/share/phantomx_pincher_moveit_config/package.bash'
[6.131s] INFO:colcon.colcon_core.shell:Creating package script '/home/santiago/ros2_ws/phantom_ws/src/install/phantomx_pincher_moveit_config/share/phantomx_pincher_moveit_config/package.zsh'
[6.131s] Level 1:colcon.colcon_core.environment:create_file_with_runtime_dependencies(/home/santiago/ros2_ws/phantom_ws/src/install/phantomx_pincher_moveit_config/share/colcon-core/packages/phantomx_pincher_moveit_config)
[6.133s] INFO:colcon.colcon_ros.task.ament_cmake.build:Building ROS package in '/home/santiago/ros2_ws/phantom_ws/src/phantomx_pincher/phantomx_pincher' with build type 'ament_cmake'
[6.134s] INFO:colcon.colcon_cmake.task.cmake.build:Building CMake package in '/home/santiago/ros2_ws/phantom_ws/src/phantomx_pincher/phantomx_pincher'
[6.135s] INFO:colcon.colcon_core.shell:Skip shell extension 'powershell' for command environment: Not usable outside of PowerShell
[6.135s] DEBUG:colcon.colcon_core.shell:Skip shell extension 'dsv' for command environment
[6.163s] DEBUG:colcon.colcon_core.event_handler.log_command:Invoking command in '/home/santiago/ros2_ws/phantom_ws/src/build/phantomx_pincher': AMENT_PREFIX_PATH=/home/santiago/ros2_ws/phantom_ws/src/install/phantomx_pincher_moveit_config:/home/santiago/ros2_ws/phantom_ws/src/install/phantomx_pincher_description:${AMENT_PREFIX_PATH} CMAKE_PREFIX_PATH=/home/santiago/ros2_ws/phantom_ws/src/install/phantomx_pincher_moveit_config:/home/santiago/ros2_ws/phantom_ws/src/install/phantomx_pincher_description:/opt/ros/humble IGN_GAZEBO_RESOURCE_PATH=/home/santiago/ros2_ws/phantom_ws/src/install/phantomx_pincher_description/share/phantomx_pincher_description /usr/bin/cmake /home/santiago/ros2_ws/phantom_ws/src/phantomx_pincher/phantomx_pincher -DCMAKE_INSTALL_PREFIX=/home/santiago/ros2_ws/phantom_ws/src/install/phantomx_pincher
[7.581s] DEBUG:colcon.colcon_core.event_handler.log_command:Invoked command in '/home/santiago/ros2_ws/phantom_ws/src/build/phantomx_pincher' returned '0': AMENT_PREFIX_PATH=/home/santiago/ros2_ws/phantom_ws/src/install/phantomx_pincher_moveit_config:/home/santiago/ros2_ws/phantom_ws/src/install/phantomx_pincher_description:${AMENT_PREFIX_PATH} CMAKE_PREFIX_PATH=/home/santiago/ros2_ws/phantom_ws/src/install/phantomx_pincher_moveit_config:/home/santiago/ros2_ws/phantom_ws/src/install/phantomx_pincher_description:/opt/ros/humble IGN_GAZEBO_RESOURCE_PATH=/home/santiago/ros2_ws/phantom_ws/src/install/phantomx_pincher_description/share/phantomx_pincher_description /usr/bin/cmake /home/santiago/ros2_ws/phantom_ws/src/phantomx_pincher/phantomx_pincher -DCMAKE_INSTALL_PREFIX=/home/santiago/ros2_ws/phantom_ws/src/install/phantomx_pincher
[7.584s] DEBUG:colcon.colcon_core.event_handler.log_command:Invoking command in '/home/santiago/ros2_ws/phantom_ws/src/build/phantomx_pincher': AMENT_PREFIX_PATH=/home/santiago/ros2_ws/phantom_ws/src/install/phantomx_pincher_moveit_config:/home/santiago/ros2_ws/phantom_ws/src/install/phantomx_pincher_description:${AMENT_PREFIX_PATH} CMAKE_PREFIX_PATH=/home/santiago/ros2_ws/phantom_ws/src/install/phantomx_pincher_moveit_config:/home/santiago/ros2_ws/phantom_ws/src/install/phantomx_pincher_description:/opt/ros/humble IGN_GAZEBO_RESOURCE_PATH=/home/santiago/ros2_ws/phantom_ws/src/install/phantomx_pincher_description/share/phantomx_pincher_description /usr/bin/cmake --build /home/santiago/ros2_ws/phantom_ws/src/build/phantomx_pincher -- -j4 -l4
[7.679s] DEBUG:colcon.colcon_core.event_handler.log_command:Invoked command in '/home/santiago/ros2_ws/phantom_ws/src/build/phantomx_pincher' returned '0': AMENT_PREFIX_PATH=/home/santiago/ros2_ws/phantom_ws/src/install/phantomx_pincher_moveit_config:/home/santiago/ros2_ws/phantom_ws/src/install/phantomx_pincher_description:${AMENT_PREFIX_PATH} CMAKE_PREFIX_PATH=/home/santiago/ros2_ws/phantom_ws/src/install/phantomx_pincher_moveit_config:/home/santiago/ros2_ws/phantom_ws/src/install/phantomx_pincher_description:/opt/ros/humble IGN_GAZEBO_RESOURCE_PATH=/home/santiago/ros2_ws/phantom_ws/src/install/phantomx_pincher_description/share/phantomx_pincher_description /usr/bin/cmake --build /home/santiago/ros2_ws/phantom_ws/src/build/phantomx_pincher -- -j4 -l4
[7.683s] DEBUG:colcon.colcon_core.event_handler.log_command:Invoking command in '/home/santiago/ros2_ws/phantom_ws/src/build/phantomx_pincher': AMENT_PREFIX_PATH=/home/santiago/ros2_ws/phantom_ws/src/install/phantomx_pincher_moveit_config:/home/santiago/ros2_ws/phantom_ws/src/install/phantomx_pincher_description:${AMENT_PREFIX_PATH} CMAKE_PREFIX_PATH=/home/santiago/ros2_ws/phantom_ws/src/install/phantomx_pincher_moveit_config:/home/santiago/ros2_ws/phantom_ws/src/install/phantomx_pincher_description:/opt/ros/humble IGN_GAZEBO_RESOURCE_PATH=/home/santiago/ros2_ws/phantom_ws/src/install/phantomx_pincher_description/share/phantomx_pincher_description /usr/bin/cmake --install /home/santiago/ros2_ws/phantom_ws/src/build/phantomx_pincher
[7.708s] Level 1:colcon.colcon_core.environment:create_environment_scripts_only(phantomx_pincher)
[7.709s] Level 1:colcon.colcon_core.environment:checking '/home/santiago/ros2_ws/phantom_ws/src/install/phantomx_pincher' for CMake module files
[7.711s] DEBUG:colcon.colcon_core.event_handler.log_command:Invoked command in '/home/santiago/ros2_ws/phantom_ws/src/build/phantomx_pincher' returned '0': AMENT_PREFIX_PATH=/home/santiago/ros2_ws/phantom_ws/src/install/phantomx_pincher_moveit_config:/home/santiago/ros2_ws/phantom_ws/src/install/phantomx_pincher_description:${AMENT_PREFIX_PATH} CMAKE_PREFIX_PATH=/home/santiago/ros2_ws/phantom_ws/src/install/phantomx_pincher_moveit_config:/home/santiago/ros2_ws/phantom_ws/src/install/phantomx_pincher_description:/opt/ros/humble IGN_GAZEBO_RESOURCE_PATH=/home/santiago/ros2_ws/phantom_ws/src/install/phantomx_pincher_description/share/phantomx_pincher_description /usr/bin/cmake --install /home/santiago/ros2_ws/phantom_ws/src/build/phantomx_pincher
[7.711s] Level 1:colcon.colcon_core.environment:checking '/home/santiago/ros2_ws/phantom_ws/src/install/phantomx_pincher' for CMake config files
[7.712s] Level 1:colcon.colcon_core.shell:create_environment_hook('phantomx_pincher', 'cmake_prefix_path')
[7.712s] INFO:colcon.colcon_core.shell:Creating environment hook '/home/santiago/ros2_ws/phantom_ws/src/install/phantomx_pincher/share/phantomx_pincher/hook/cmake_prefix_path.ps1'
[7.713s] INFO:colcon.colcon_core.shell:Creating environment descriptor '/home/santiago/ros2_ws/phantom_ws/src/install/phantomx_pincher/share/phantomx_pincher/hook/cmake_prefix_path.dsv'
[7.713s] INFO:colcon.colcon_core.shell:Creating environment hook '/home/santiago/ros2_ws/phantom_ws/src/install/phantomx_pincher/share/phantomx_pincher/hook/cmake_prefix_path.sh'
[7.714s] Level 1:colcon.colcon_core.environment:checking '/home/santiago/ros2_ws/phantom_ws/src/install/phantomx_pincher/bin'
[7.714s] Level 1:colcon.colcon_core.environment:checking '/home/santiago/ros2_ws/phantom_ws/src/install/phantomx_pincher/lib/pkgconfig/phantomx_pincher.pc'
[7.714s] Level 1:colcon.colcon_core.environment:checking '/home/santiago/ros2_ws/phantom_ws/src/install/phantomx_pincher/lib/python3.10/site-packages'
[7.715s] Level 1:colcon.colcon_core.environment:checking '/home/santiago/ros2_ws/phantom_ws/src/install/phantomx_pincher/bin'
[7.716s] INFO:colcon.colcon_core.shell:Creating package script '/home/santiago/ros2_ws/phantom_ws/src/install/phantomx_pincher/share/phantomx_pincher/package.ps1'
[7.716s] INFO:colcon.colcon_core.shell:Creating package descriptor '/home/santiago/ros2_ws/phantom_ws/src/install/phantomx_pincher/share/phantomx_pincher/package.dsv'
[7.717s] INFO:colcon.colcon_core.shell:Creating package script '/home/santiago/ros2_ws/phantom_ws/src/install/phantomx_pincher/share/phantomx_pincher/package.sh'
[7.718s] INFO:colcon.colcon_core.shell:Creating package script '/home/santiago/ros2_ws/phantom_ws/src/install/phantomx_pincher/share/phantomx_pincher/package.bash'
[7.718s] INFO:colcon.colcon_core.shell:Creating package script '/home/santiago/ros2_ws/phantom_ws/src/install/phantomx_pincher/share/phantomx_pincher/package.zsh'
[7.718s] Level 1:colcon.colcon_core.environment:create_file_with_runtime_dependencies(/home/santiago/ros2_ws/phantom_ws/src/install/phantomx_pincher/share/colcon-core/packages/phantomx_pincher)
[7.719s] Level 1:colcon.colcon_core.environment:create_environment_scripts_only(phantomx_pincher)
[7.719s] Level 1:colcon.colcon_core.environment:checking '/home/santiago/ros2_ws/phantom_ws/src/install/phantomx_pincher' for CMake module files
[7.720s] Level 1:colcon.colcon_core.environment:checking '/home/santiago/ros2_ws/phantom_ws/src/install/phantomx_pincher' for CMake config files
[7.720s] Level 1:colcon.colcon_core.shell:create_environment_hook('phantomx_pincher', 'cmake_prefix_path')
[7.720s] INFO:colcon.colcon_core.shell:Creating environment hook '/home/santiago/ros2_ws/phantom_ws/src/install/phantomx_pincher/share/phantomx_pincher/hook/cmake_prefix_path.ps1'
[7.721s] INFO:colcon.colcon_core.shell:Creating environment descriptor '/home/santiago/ros2_ws/phantom_ws/src/install/phantomx_pincher/share/phantomx_pincher/hook/cmake_prefix_path.dsv'
[7.722s] INFO:colcon.colcon_core.shell:Creating environment hook '/home/santiago/ros2_ws/phantom_ws/src/install/phantomx_pincher/share/phantomx_pincher/hook/cmake_prefix_path.sh'
[7.723s] Level 1:colcon.colcon_core.environment:checking '/home/santiago/ros2_ws/phantom_ws/src/install/phantomx_pincher/bin'
[7.724s] Level 1:colcon.colcon_core.environment:checking '/home/santiago/ros2_ws/phantom_ws/src/install/phantomx_pincher/lib/pkgconfig/phantomx_pincher.pc'
[7.724s] Level 1:colcon.colcon_core.environment:checking '/home/santiago/ros2_ws/phantom_ws/src/install/phantomx_pincher/lib/python3.10/site-packages'
[7.724s] Level 1:colcon.colcon_core.environment:checking '/home/santiago/ros2_ws/phantom_ws/src/install/phantomx_pincher/bin'
[7.725s] INFO:colcon.colcon_core.shell:Creating package script '/home/santiago/ros2_ws/phantom_ws/src/install/phantomx_pincher/share/phantomx_pincher/package.ps1'
[7.726s] INFO:colcon.colcon_core.shell:Creating package descriptor '/home/santiago/ros2_ws/phantom_ws/src/install/phantomx_pincher/share/phantomx_pincher/package.dsv'
[7.727s] INFO:colcon.colcon_core.shell:Creating package script '/home/santiago/ros2_ws/phantom_ws/src/install/phantomx_pincher/share/phantomx_pincher/package.sh'
[7.728s] INFO:colcon.colcon_core.shell:Creating package script '/home/santiago/ros2_ws/phantom_ws/src/install/phantomx_pincher/share/phantomx_pincher/package.bash'
[7.729s] INFO:colcon.colcon_core.shell:Creating package script '/home/santiago/ros2_ws/phantom_ws/src/install/phantomx_pincher/share/phantomx_pincher/package.zsh'
[7.730s] Level 1:colcon.colcon_core.environment:create_file_with_runtime_dependencies(/home/santiago/ros2_ws/phantom_ws/src/install/phantomx_pincher/share/colcon-core/packages/phantomx_pincher)
[7.730s] INFO:colcon.colcon_ros.task.ament_cmake.build:Building ROS package in '/home/santiago/ros2_ws/phantom_ws/src/phantomx_pincher/phantomx_pincher_demos' with build type 'ament_cmake'
[7.731s] INFO:colcon.colcon_cmake.task.cmake.build:Building CMake package in '/home/santiago/ros2_ws/phantom_ws/src/phantomx_pincher/phantomx_pincher_demos'
[7.731s] INFO:colcon.colcon_core.shell:Skip shell extension 'powershell' for command environment: Not usable outside of PowerShell
[7.731s] DEBUG:colcon.colcon_core.shell:Skip shell extension 'dsv' for command environment
[7.762s] DEBUG:colcon.colcon_core.event_handler.log_command:Invoking command in '/home/santiago/ros2_ws/phantom_ws/src/build/phantomx_pincher_demos': AMENT_PREFIX_PATH=/home/santiago/ros2_ws/phantom_ws/src/install/phantomx_pincher:/home/santiago/ros2_ws/phantom_ws/src/install/phantomx_pincher_moveit_config:/home/santiago/ros2_ws/phantom_ws/src/install/phantomx_pincher_description:${AMENT_PREFIX_PATH} CMAKE_PREFIX_PATH=/home/santiago/ros2_ws/phantom_ws/src/install/phantomx_pincher:/home/santiago/ros2_ws/phantom_ws/src/install/phantomx_pincher_moveit_config:/home/santiago/ros2_ws/phantom_ws/src/install/phantomx_pincher_description:/opt/ros/humble IGN_GAZEBO_RESOURCE_PATH=/home/santiago/ros2_ws/phantom_ws/src/install/phantomx_pincher_description/share/phantomx_pincher_description /usr/bin/cmake /home/santiago/ros2_ws/phantom_ws/src/phantomx_pincher/phantomx_pincher_demos -DCMAKE_INSTALL_PREFIX=/home/santiago/ros2_ws/phantom_ws/src/install/phantomx_pincher_demos
[9.546s] DEBUG:colcon.colcon_core.event_handler.log_command:Invoked command in '/home/santiago/ros2_ws/phantom_ws/src/build/phantomx_pincher_demos' returned '0': AMENT_PREFIX_PATH=/home/santiago/ros2_ws/phantom_ws/src/install/phantomx_pincher:/home/santiago/ros2_ws/phantom_ws/src/install/phantomx_pincher_moveit_config:/home/santiago/ros2_ws/phantom_ws/src/install/phantomx_pincher_description:${AMENT_PREFIX_PATH} CMAKE_PREFIX_PATH=/home/santiago/ros2_ws/phantom_ws/src/install/phantomx_pincher:/home/santiago/ros2_ws/phantom_ws/src/install/phantomx_pincher_moveit_config:/home/santiago/ros2_ws/phantom_ws/src/install/phantomx_pincher_description:/opt/ros/humble IGN_GAZEBO_RESOURCE_PATH=/home/santiago/ros2_ws/phantom_ws/src/install/phantomx_pincher_description/share/phantomx_pincher_description /usr/bin/cmake /home/santiago/ros2_ws/phantom_ws/src/phantomx_pincher/phantomx_pincher_demos -DCMAKE_INSTALL_PREFIX=/home/santiago/ros2_ws/phantom_ws/src/install/phantomx_pincher_demos
[9.547s] DEBUG:colcon.colcon_core.event_handler.log_command:Invoking command in '/home/santiago/ros2_ws/phantom_ws/src/build/phantomx_pincher_demos': AMENT_PREFIX_PATH=/home/santiago/ros2_ws/phantom_ws/src/install/phantomx_pincher:/home/santiago/ros2_ws/phantom_ws/src/install/phantomx_pincher_moveit_config:/home/santiago/ros2_ws/phantom_ws/src/install/phantomx_pincher_description:${AMENT_PREFIX_PATH} CMAKE_PREFIX_PATH=/home/santiago/ros2_ws/phantom_ws/src/install/phantomx_pincher:/home/santiago/ros2_ws/phantom_ws/src/install/phantomx_pincher_moveit_config:/home/santiago/ros2_ws/phantom_ws/src/install/phantomx_pincher_description:/opt/ros/humble IGN_GAZEBO_RESOURCE_PATH=/home/santiago/ros2_ws/phantom_ws/src/install/phantomx_pincher_description/share/phantomx_pincher_description /usr/bin/cmake --build /home/santiago/ros2_ws/phantom_ws/src/build/phantomx_pincher_demos -- -j4 -l4
[9.690s] DEBUG:colcon.colcon_core.event_handler.log_command:Invoked command in '/home/santiago/ros2_ws/phantom_ws/src/build/phantomx_pincher_demos' returned '0': AMENT_PREFIX_PATH=/home/santiago/ros2_ws/phantom_ws/src/install/phantomx_pincher:/home/santiago/ros2_ws/phantom_ws/src/install/phantomx_pincher_moveit_config:/home/santiago/ros2_ws/phantom_ws/src/install/phantomx_pincher_description:${AMENT_PREFIX_PATH} CMAKE_PREFIX_PATH=/home/santiago/ros2_ws/phantom_ws/src/install/phantomx_pincher:/home/santiago/ros2_ws/phantom_ws/src/install/phantomx_pincher_moveit_config:/home/santiago/ros2_ws/phantom_ws/src/install/phantomx_pincher_description:/opt/ros/humble IGN_GAZEBO_RESOURCE_PATH=/home/santiago/ros2_ws/phantom_ws/src/install/phantomx_pincher_description/share/phantomx_pincher_description /usr/bin/cmake --build /home/santiago/ros2_ws/phantom_ws/src/build/phantomx_pincher_demos -- -j4 -l4
[9.703s] DEBUG:colcon.colcon_core.event_handler.log_command:Invoking command in '/home/santiago/ros2_ws/phantom_ws/src/build/phantomx_pincher_demos': AMENT_PREFIX_PATH=/home/santiago/ros2_ws/phantom_ws/src/install/phantomx_pincher:/home/santiago/ros2_ws/phantom_ws/src/install/phantomx_pincher_moveit_config:/home/santiago/ros2_ws/phantom_ws/src/install/phantomx_pincher_description:${AMENT_PREFIX_PATH} CMAKE_PREFIX_PATH=/home/santiago/ros2_ws/phantom_ws/src/install/phantomx_pincher:/home/santiago/ros2_ws/phantom_ws/src/install/phantomx_pincher_moveit_config:/home/santiago/ros2_ws/phantom_ws/src/install/phantomx_pincher_description:/opt/ros/humble IGN_GAZEBO_RESOURCE_PATH=/home/santiago/ros2_ws/phantom_ws/src/install/phantomx_pincher_description/share/phantomx_pincher_description /usr/bin/cmake --install /home/santiago/ros2_ws/phantom_ws/src/build/phantomx_pincher_demos
[9.739s] Level 1:colcon.colcon_core.environment:create_environment_scripts_only(phantomx_pincher_demos)
[9.742s] Level 1:colcon.colcon_core.environment:checking '/home/santiago/ros2_ws/phantom_ws/src/install/phantomx_pincher_demos' for CMake module files
[9.749s] DEBUG:colcon.colcon_core.event_handler.log_command:Invoked command in '/home/santiago/ros2_ws/phantom_ws/src/build/phantomx_pincher_demos' returned '0': AMENT_PREFIX_PATH=/home/santiago/ros2_ws/phantom_ws/src/install/phantomx_pincher:/home/santiago/ros2_ws/phantom_ws/src/install/phantomx_pincher_moveit_config:/home/santiago/ros2_ws/phantom_ws/src/install/phantomx_pincher_description:${AMENT_PREFIX_PATH} CMAKE_PREFIX_PATH=/home/santiago/ros2_ws/phantom_ws/src/install/phantomx_pincher:/home/santiago/ros2_ws/phantom_ws/src/install/phantomx_pincher_moveit_config:/home/santiago/ros2_ws/phantom_ws/src/install/phantomx_pincher_description:/opt/ros/humble IGN_GAZEBO_RESOURCE_PATH=/home/santiago/ros2_ws/phantom_ws/src/install/phantomx_pincher_description/share/phantomx_pincher_description /usr/bin/cmake --install /home/santiago/ros2_ws/phantom_ws/src/build/phantomx_pincher_demos
[9.753s] Level 1:colcon.colcon_core.environment:checking '/home/santiago/ros2_ws/phantom_ws/src/install/phantomx_pincher_demos' for CMake config files
[9.754s] Level 1:colcon.colcon_core.shell:create_environment_hook('phantomx_pincher_demos', 'cmake_prefix_path')
[9.755s] INFO:colcon.colcon_core.shell:Creating environment hook '/home/santiago/ros2_ws/phantom_ws/src/install/phantomx_pincher_demos/share/phantomx_pincher_demos/hook/cmake_prefix_path.ps1'
[9.756s] INFO:colcon.colcon_core.shell:Creating environment descriptor '/home/santiago/ros2_ws/phantom_ws/src/install/phantomx_pincher_demos/share/phantomx_pincher_demos/hook/cmake_prefix_path.dsv'
[9.757s] INFO:colcon.colcon_core.shell:Creating environment hook '/home/santiago/ros2_ws/phantom_ws/src/install/phantomx_pincher_demos/share/phantomx_pincher_demos/hook/cmake_prefix_path.sh'
[9.759s] Level 1:colcon.colcon_core.environment:checking '/home/santiago/ros2_ws/phantom_ws/src/install/phantomx_pincher_demos/lib'
[9.759s] Level 1:colcon.colcon_core.environment:checking '/home/santiago/ros2_ws/phantom_ws/src/install/phantomx_pincher_demos/bin'
[9.759s] Level 1:colcon.colcon_core.environment:checking '/home/santiago/ros2_ws/phantom_ws/src/install/phantomx_pincher_demos/lib/pkgconfig/phantomx_pincher_demos.pc'
[9.759s] Level 1:colcon.colcon_core.environment:checking '/home/santiago/ros2_ws/phantom_ws/src/install/phantomx_pincher_demos/lib/python3.10/site-packages'
[9.760s] Level 1:colcon.colcon_core.environment:checking '/home/santiago/ros2_ws/phantom_ws/src/install/phantomx_pincher_demos/bin'
[9.763s] INFO:colcon.colcon_core.shell:Creating package script '/home/santiago/ros2_ws/phantom_ws/src/install/phantomx_pincher_demos/share/phantomx_pincher_demos/package.ps1'
[9.770s] INFO:colcon.colcon_core.shell:Creating package descriptor '/home/santiago/ros2_ws/phantom_ws/src/install/phantomx_pincher_demos/share/phantomx_pincher_demos/package.dsv'
[9.775s] INFO:colcon.colcon_core.shell:Creating package script '/home/santiago/ros2_ws/phantom_ws/src/install/phantomx_pincher_demos/share/phantomx_pincher_demos/package.sh'
[9.779s] INFO:colcon.colcon_core.shell:Creating package script '/home/santiago/ros2_ws/phantom_ws/src/install/phantomx_pincher_demos/share/phantomx_pincher_demos/package.bash'
[9.780s] INFO:colcon.colcon_core.shell:Creating package script '/home/santiago/ros2_ws/phantom_ws/src/install/phantomx_pincher_demos/share/phantomx_pincher_demos/package.zsh'
[9.787s] Level 1:colcon.colcon_core.environment:create_file_with_runtime_dependencies(/home/santiago/ros2_ws/phantom_ws/src/install/phantomx_pincher_demos/share/colcon-core/packages/phantomx_pincher_demos)
[9.789s] Level 1:colcon.colcon_core.environment:create_environment_scripts_only(phantomx_pincher_demos)
[9.789s] Level 1:colcon.colcon_core.environment:checking '/home/santiago/ros2_ws/phantom_ws/src/install/phantomx_pincher_demos' for CMake module files
[9.790s] Level 1:colcon.colcon_core.environment:checking '/home/santiago/ros2_ws/phantom_ws/src/install/phantomx_pincher_demos' for CMake config files
[9.793s] Level 1:colcon.colcon_core.shell:create_environment_hook('phantomx_pincher_demos', 'cmake_prefix_path')
[9.794s] INFO:colcon.colcon_core.shell:Creating environment hook '/home/santiago/ros2_ws/phantom_ws/src/install/phantomx_pincher_demos/share/phantomx_pincher_demos/hook/cmake_prefix_path.ps1'
[9.796s] INFO:colcon.colcon_core.shell:Creating environment descriptor '/home/santiago/ros2_ws/phantom_ws/src/install/phantomx_pincher_demos/share/phantomx_pincher_demos/hook/cmake_prefix_path.dsv'
[9.800s] INFO:colcon.colcon_core.shell:Creating environment hook '/home/santiago/ros2_ws/phantom_ws/src/install/phantomx_pincher_demos/share/phantomx_pincher_demos/hook/cmake_prefix_path.sh'
[9.804s] Level 1:colcon.colcon_core.environment:checking '/home/santiago/ros2_ws/phantom_ws/src/install/phantomx_pincher_demos/lib'
[9.804s] Level 1:colcon.colcon_core.environment:checking '/home/santiago/ros2_ws/phantom_ws/src/install/phantomx_pincher_demos/bin'
[9.804s] Level 1:colcon.colcon_core.environment:checking '/home/santiago/ros2_ws/phantom_ws/src/install/phantomx_pincher_demos/lib/pkgconfig/phantomx_pincher_demos.pc'
[9.805s] Level 1:colcon.colcon_core.environment:checking '/home/santiago/ros2_ws/phantom_ws/src/install/phantomx_pincher_demos/lib/python3.10/site-packages'
[9.806s] Level 1:colcon.colcon_core.environment:checking '/home/santiago/ros2_ws/phantom_ws/src/install/phantomx_pincher_demos/bin'
[9.806s] INFO:colcon.colcon_core.shell:Creating package script '/home/santiago/ros2_ws/phantom_ws/src/install/phantomx_pincher_demos/share/phantomx_pincher_demos/package.ps1'
[9.808s] INFO:colcon.colcon_core.shell:Creating package descriptor '/home/santiago/ros2_ws/phantom_ws/src/install/phantomx_pincher_demos/share/phantomx_pincher_demos/package.dsv'
[9.810s] INFO:colcon.colcon_core.shell:Creating package script '/home/santiago/ros2_ws/phantom_ws/src/install/phantomx_pincher_demos/share/phantomx_pincher_demos/package.sh'
[9.814s] INFO:colcon.colcon_core.shell:Creating package script '/home/santiago/ros2_ws/phantom_ws/src/install/phantomx_pincher_demos/share/phantomx_pincher_demos/package.bash'
[9.819s] INFO:colcon.colcon_core.shell:Creating package script '/home/santiago/ros2_ws/phantom_ws/src/install/phantomx_pincher_demos/share/phantomx_pincher_demos/package.zsh'
[9.824s] Level 1:colcon.colcon_core.environment:create_file_with_runtime_dependencies(/home/santiago/ros2_ws/phantom_ws/src/install/phantomx_pincher_demos/share/colcon-core/packages/phantomx_pincher_demos)
[9.825s] DEBUG:colcon.colcon_parallel_executor.executor.parallel:closing loop
[9.826s] DEBUG:colcon.colcon_parallel_executor.executor.parallel:loop closed
[9.827s] DEBUG:colcon.colcon_parallel_executor.executor.parallel:run_until_complete finished with '0'
[9.827s] DEBUG:colcon.colcon_core.event_reactor:joining thread
[9.865s] INFO:colcon.colcon_core.plugin_system:Skipping extension 'colcon_notification.desktop_notification.terminal_notifier': Not used on non-Darwin systems
[9.866s] INFO:colcon.colcon_core.plugin_system:Skipping extension 'colcon_notification.desktop_notification.win32': Not used on non-Windows systems
[9.866s] INFO:colcon.colcon_notification.desktop_notification:Sending desktop notification using 'notify2'
[9.973s] DEBUG:colcon.colcon_core.event_reactor:joined thread
[9.974s] INFO:colcon.colcon_core.shell:Creating prefix script '/home/santiago/ros2_ws/phantom_ws/src/install/local_setup.ps1'
[9.978s] INFO:colcon.colcon_core.shell:Creating prefix util module '/home/santiago/ros2_ws/phantom_ws/src/install/_local_setup_util_ps1.py'
[9.989s] INFO:colcon.colcon_core.shell:Creating prefix chain script '/home/santiago/ros2_ws/phantom_ws/src/install/setup.ps1'
[9.991s] INFO:colcon.colcon_core.shell:Creating prefix script '/home/santiago/ros2_ws/phantom_ws/src/install/local_setup.sh'
[9.997s] INFO:colcon.colcon_core.shell:Creating prefix util module '/home/santiago/ros2_ws/phantom_ws/src/install/_local_setup_util_sh.py'
[10.011s] INFO:colcon.colcon_core.shell:Creating prefix chain script '/home/santiago/ros2_ws/phantom_ws/src/install/setup.sh'
[10.013s] INFO:colcon.colcon_core.shell:Creating prefix script '/home/santiago/ros2_ws/phantom_ws/src/install/local_setup.bash'
[10.014s] INFO:colcon.colcon_core.shell:Creating prefix chain script '/home/santiago/ros2_ws/phantom_ws/src/install/setup.bash'
[10.015s] INFO:colcon.colcon_core.shell:Creating prefix script '/home/santiago/ros2_ws/phantom_ws/src/install/local_setup.zsh'
[10.016s] INFO:colcon.colcon_core.shell:Creating prefix chain script '/home/santiago/ros2_ws/phantom_ws/src/install/setup.zsh'
