[1.077s] Invoking command in '/home/santiago/ros2_ws/phantom_ws/src/pincher_control': PYTHONPATH=/home/santiago/ros2_ws/phantom_ws/build/pincher_control/prefix_override:/usr/lib/python3/dist-packages/colcon_core/task/python/colcon_distutils_commands:/home/santiago/ros2_ws/phantom_ws/install/pincher_control/lib/python3.10/site-packages:${PYTHONPATH} /usr/bin/python3 -W ignore:setup.py install is deprecated -W ignore:easy_install command is deprecated setup.py egg_info --egg-base ../../build/pincher_control build --build-base /home/santiago/ros2_ws/phantom_ws/build/pincher_control/build install --record /home/santiago/ros2_ws/phantom_ws/build/pincher_control/install.log --single-version-externally-managed install_data
[1.362s] running egg_info
[1.365s] writing ../../build/pincher_control/pincher_control.egg-info/PKG-INFO
[1.367s] writing dependency_links to ../../build/pincher_control/pincher_control.egg-info/dependency_links.txt
[1.369s] writing entry points to ../../build/pincher_control/pincher_control.egg-info/entry_points.txt
[1.369s] writing requirements to ../../build/pincher_control/pincher_control.egg-info/requires.txt
[1.370s] writing top-level names to ../../build/pincher_control/pincher_control.egg-info/top_level.txt
[1.375s] reading manifest file '../../build/pincher_control/pincher_control.egg-info/SOURCES.txt'
[1.380s] writing manifest file '../../build/pincher_control/pincher_control.egg-info/SOURCES.txt'
[1.380s] running build
[1.380s] running build_py
[1.381s] running install
[1.382s] running install_lib
[1.386s] running install_data
[1.387s] running install_egg_info
[1.390s] removing '/home/santiago/ros2_ws/phantom_ws/install/pincher_control/lib/python3.10/site-packages/pincher_control-0.0.0-py3.10.egg-info' (and everything under it)
[1.391s] Copying ../../build/pincher_control/pincher_control.egg-info to /home/santiago/ros2_ws/phantom_ws/install/pincher_control/lib/python3.10/site-packages/pincher_control-0.0.0-py3.10.egg-info
[1.392s] running install_scripts
[1.429s] Installing control_servo script to /home/santiago/ros2_ws/phantom_ws/install/pincher_control/lib/pincher_control
[1.432s] writing list of installed files to '/home/santiago/ros2_ws/phantom_ws/build/pincher_control/install.log'
[1.539s] Invoked command in '/home/santiago/ros2_ws/phantom_ws/src/pincher_control' returned '0': PYTHONPATH=/home/santiago/ros2_ws/phantom_ws/build/pincher_control/prefix_override:/usr/lib/python3/dist-packages/colcon_core/task/python/colcon_distutils_commands:/home/santiago/ros2_ws/phantom_ws/install/pincher_control/lib/python3.10/site-packages:${PYTHONPATH} /usr/bin/python3 -W ignore:setup.py install is deprecated -W ignore:easy_install command is deprecated setup.py egg_info --egg-base ../../build/pincher_control build --build-base /home/santiago/ros2_ws/phantom_ws/build/pincher_control/build install --record /home/santiago/ros2_ws/phantom_ws/build/pincher_control/install.log --single-version-externally-managed install_data
