[0.889s] Invoking command in '/home/santiago/ros2_ws/phantom_ws/src/pincher_control': PYTHONPATH=/home/santiago/ros2_ws/phantom_ws/build/pincher_control/prefix_override:/usr/lib/python3/dist-packages/colcon_core/task/python/colcon_distutils_commands:/home/santiago/ros2_ws/phantom_ws/install/pincher_control/lib/python3.10/site-packages:${PYTHONPATH} /usr/bin/python3 -W ignore:setup.py install is deprecated -W ignore:easy_install command is deprecated setup.py egg_info --egg-base ../../build/pincher_control build --build-base /home/santiago/ros2_ws/phantom_ws/build/pincher_control/build install --record /home/santiago/ros2_ws/phantom_ws/build/pincher_control/install.log --single-version-externally-managed install_data
[1.067s] running egg_info
[1.072s] creating ../../build/pincher_control/pincher_control.egg-info
[1.080s] writing ../../build/pincher_control/pincher_control.egg-info/PKG-INFO
[1.080s] writing dependency_links to ../../build/pincher_control/pincher_control.egg-info/dependency_links.txt
[1.080s] writing entry points to ../../build/pincher_control/pincher_control.egg-info/entry_points.txt
[1.080s] writing requirements to ../../build/pincher_control/pincher_control.egg-info/requires.txt
[1.080s] writing top-level names to ../../build/pincher_control/pincher_control.egg-info/top_level.txt
[1.080s] writing manifest file '../../build/pincher_control/pincher_control.egg-info/SOURCES.txt'
[1.080s] reading manifest file '../../build/pincher_control/pincher_control.egg-info/SOURCES.txt'
[1.080s] writing manifest file '../../build/pincher_control/pincher_control.egg-info/SOURCES.txt'
[1.080s] running build
[1.080s] running build_py
[1.080s] creating /home/santiago/ros2_ws/phantom_ws/build/pincher_control/build
[1.080s] creating /home/santiago/ros2_ws/phantom_ws/build/pincher_control/build/lib
[1.080s] creating /home/santiago/ros2_ws/phantom_ws/build/pincher_control/build/lib/pincher_control
[1.080s] copying pincher_control/__init__.py -> /home/santiago/ros2_ws/phantom_ws/build/pincher_control/build/lib/pincher_control
[1.080s] copying pincher_control/control_servo.py -> /home/santiago/ros2_ws/phantom_ws/build/pincher_control/build/lib/pincher_control
[1.080s] running install
[1.080s] running install_lib
[1.080s] creating /home/santiago/ros2_ws/phantom_ws/install/pincher_control/lib/python3.10/site-packages/pincher_control
[1.080s] copying /home/santiago/ros2_ws/phantom_ws/build/pincher_control/build/lib/pincher_control/__init__.py -> /home/santiago/ros2_ws/phantom_ws/install/pincher_control/lib/python3.10/site-packages/pincher_control
[1.080s] copying /home/santiago/ros2_ws/phantom_ws/build/pincher_control/build/lib/pincher_control/control_servo.py -> /home/santiago/ros2_ws/phantom_ws/install/pincher_control/lib/python3.10/site-packages/pincher_control
[1.081s] byte-compiling /home/santiago/ros2_ws/phantom_ws/install/pincher_control/lib/python3.10/site-packages/pincher_control/__init__.py to __init__.cpython-310.pyc
[1.081s] byte-compiling /home/santiago/ros2_ws/phantom_ws/install/pincher_control/lib/python3.10/site-packages/pincher_control/control_servo.py to control_servo.cpython-310.pyc
[1.081s] running install_data
[1.081s] creating /home/santiago/ros2_ws/phantom_ws/install/pincher_control/share/ament_index
[1.081s] creating /home/santiago/ros2_ws/phantom_ws/install/pincher_control/share/ament_index/resource_index
[1.081s] creating /home/santiago/ros2_ws/phantom_ws/install/pincher_control/share/ament_index/resource_index/packages
[1.081s] copying resource/pincher_control -> /home/santiago/ros2_ws/phantom_ws/install/pincher_control/share/ament_index/resource_index/packages
[1.081s] copying package.xml -> /home/santiago/ros2_ws/phantom_ws/install/pincher_control/share/pincher_control
[1.081s] running install_egg_info
[1.087s] Copying ../../build/pincher_control/pincher_control.egg-info to /home/santiago/ros2_ws/phantom_ws/install/pincher_control/lib/python3.10/site-packages/pincher_control-0.0.0-py3.10.egg-info
[1.087s] running install_scripts
[1.103s] Installing control_servo script to /home/santiago/ros2_ws/phantom_ws/install/pincher_control/lib/pincher_control
[1.103s] writing list of installed files to '/home/santiago/ros2_ws/phantom_ws/build/pincher_control/install.log'
[1.129s] Invoked command in '/home/santiago/ros2_ws/phantom_ws/src/pincher_control' returned '0': PYTHONPATH=/home/santiago/ros2_ws/phantom_ws/build/pincher_control/prefix_override:/usr/lib/python3/dist-packages/colcon_core/task/python/colcon_distutils_commands:/home/santiago/ros2_ws/phantom_ws/install/pincher_control/lib/python3.10/site-packages:${PYTHONPATH} /usr/bin/python3 -W ignore:setup.py install is deprecated -W ignore:easy_install command is deprecated setup.py egg_info --egg-base ../../build/pincher_control build --build-base /home/santiago/ros2_ws/phantom_ws/build/pincher_control/build install --record /home/santiago/ros2_ws/phantom_ws/build/pincher_control/install.log --single-version-externally-managed install_data
