[0.409s] DEBUG:colcon:Command line arguments: ['/usr/bin/colcon', 'build']
[0.410s] DEBUG:colcon:Parsed command line arguments: Namespace(log_base=None, log_level=None, verb_name='build', build_base='build', install_base='install', merge_install=False, symlink_install=False, test_result_base=None, continue_on_error=False, executor='parallel', parallel_workers=4, event_handlers=None, ignore_user_meta=False, metas=['./colcon.meta'], base_paths=['.'], packages_ignore=None, packages_ignore_regex=None, paths=None, packages_up_to=None, packages_up_to_regex=None, packages_above=None, packages_above_and_dependencies=None, packages_above_depth=None, packages_select_by_dep=None, packages_skip_by_dep=None, packages_skip_up_to=None, packages_select_build_failed=False, packages_skip_build_finished=False, packages_select_test_failures=False, packages_skip_test_passed=False, packages_select=None, packages_skip=None, packages_select_regex=None, packages_skip_regex=None, packages_start=None, packages_end=None, allow_overriding=[], cmake_args=None, cmake_target=None, cmake_target_skip_unavailable=False, cmake_clean_cache=False, cmake_clean_first=False, cmake_force_configure=False, ament_cmake_args=None, catkin_cmake_args=None, catkin_skip_building_tests=False, verb_parser=<colcon_defaults.argument_parser.defaults.DefaultArgumentsDecorator object at 0x7c94188d8340>, verb_extension=<colcon_core.verb.build.BuildVerb object at 0x7c94188a72e0>, main=<bound method BuildVerb.main of <colcon_core.verb.build.BuildVerb object at 0x7c94188a72e0>>)
[0.687s] Level 1:colcon.colcon_core.package_discovery:discover_packages(colcon_meta) check parameters
[0.687s] Level 1:colcon.colcon_core.package_discovery:discover_packages(recursive) check parameters
[0.687s] Level 1:colcon.colcon_core.package_discovery:discover_packages(ignore) check parameters
[0.687s] Level 1:colcon.colcon_core.package_discovery:discover_packages(path) check parameters
[0.687s] Level 1:colcon.colcon_core.package_discovery:discover_packages(colcon_meta) discover
[0.687s] Level 1:colcon.colcon_core.package_discovery:discover_packages(recursive) discover
[0.687s] INFO:colcon.colcon_core.package_discovery:Crawling recursively for packages in '/home/santiago/ros2_ws/phantom_ws'
[0.688s] Level 1:colcon.colcon_core.package_identification:_identify(.) by extensions ['ignore', 'ignore_ament_install']
[0.688s] Level 1:colcon.colcon_core.package_identification:_identify(.) by extension 'ignore'
[0.688s] Level 1:colcon.colcon_core.package_identification:_identify(.) by extension 'ignore_ament_install'
[0.688s] Level 1:colcon.colcon_core.package_identification:_identify(.) by extensions ['colcon_pkg']
[0.688s] Level 1:colcon.colcon_core.package_identification:_identify(.) by extension 'colcon_pkg'
[0.688s] Level 1:colcon.colcon_core.package_identification:_identify(.) by extensions ['colcon_meta']
[0.688s] Level 1:colcon.colcon_core.package_identification:_identify(.) by extension 'colcon_meta'
[0.688s] Level 1:colcon.colcon_core.package_identification:_identify(.) by extensions ['ros']
[0.688s] Level 1:colcon.colcon_core.package_identification:_identify(.) by extension 'ros'
[0.701s] Level 1:colcon.colcon_core.package_identification:_identify(.) by extensions ['cmake', 'python']
[0.701s] Level 1:colcon.colcon_core.package_identification:_identify(.) by extension 'cmake'
[0.701s] Level 1:colcon.colcon_core.package_identification:_identify(.) by extension 'python'
[0.701s] Level 1:colcon.colcon_core.package_identification:_identify(.) by extensions ['python_setup_py']
[0.701s] Level 1:colcon.colcon_core.package_identification:_identify(.) by extension 'python_setup_py'
[0.701s] Level 1:colcon.colcon_core.package_identification:_identify(build) by extensions ['ignore', 'ignore_ament_install']
[0.701s] Level 1:colcon.colcon_core.package_identification:_identify(build) by extension 'ignore'
[0.701s] Level 1:colcon.colcon_core.package_identification:_identify(build) ignored
[0.701s] Level 1:colcon.colcon_core.package_identification:_identify(install) by extensions ['ignore', 'ignore_ament_install']
[0.702s] Level 1:colcon.colcon_core.package_identification:_identify(install) by extension 'ignore'
[0.702s] Level 1:colcon.colcon_core.package_identification:_identify(install) ignored
[0.702s] Level 1:colcon.colcon_core.package_identification:_identify(log) by extensions ['ignore', 'ignore_ament_install']
[0.702s] Level 1:colcon.colcon_core.package_identification:_identify(log) by extension 'ignore'
[0.702s] Level 1:colcon.colcon_core.package_identification:_identify(log) ignored
[0.702s] Level 1:colcon.colcon_core.package_identification:_identify(src) by extensions ['ignore', 'ignore_ament_install']
[0.702s] Level 1:colcon.colcon_core.package_identification:_identify(src) by extension 'ignore'
[0.702s] Level 1:colcon.colcon_core.package_identification:_identify(src) by extension 'ignore_ament_install'
[0.702s] Level 1:colcon.colcon_core.package_identification:_identify(src) by extensions ['colcon_pkg']
[0.702s] Level 1:colcon.colcon_core.package_identification:_identify(src) by extension 'colcon_pkg'
[0.702s] Level 1:colcon.colcon_core.package_identification:_identify(src) by extensions ['colcon_meta']
[0.702s] Level 1:colcon.colcon_core.package_identification:_identify(src) by extension 'colcon_meta'
[0.702s] Level 1:colcon.colcon_core.package_identification:_identify(src) by extensions ['ros']
[0.702s] Level 1:colcon.colcon_core.package_identification:_identify(src) by extension 'ros'
[0.702s] Level 1:colcon.colcon_core.package_identification:_identify(src) by extensions ['cmake', 'python']
[0.702s] Level 1:colcon.colcon_core.package_identification:_identify(src) by extension 'cmake'
[0.702s] Level 1:colcon.colcon_core.package_identification:_identify(src) by extension 'python'
[0.702s] Level 1:colcon.colcon_core.package_identification:_identify(src) by extensions ['python_setup_py']
[0.702s] Level 1:colcon.colcon_core.package_identification:_identify(src) by extension 'python_setup_py'
[0.702s] Level 1:colcon.colcon_core.package_identification:_identify(src/build) by extensions ['ignore', 'ignore_ament_install']
[0.703s] Level 1:colcon.colcon_core.package_identification:_identify(src/build) by extension 'ignore'
[0.703s] Level 1:colcon.colcon_core.package_identification:_identify(src/build) ignored
[0.703s] Level 1:colcon.colcon_core.package_identification:_identify(src/install) by extensions ['ignore', 'ignore_ament_install']
[0.703s] Level 1:colcon.colcon_core.package_identification:_identify(src/install) by extension 'ignore'
[0.703s] Level 1:colcon.colcon_core.package_identification:_identify(src/install) ignored
[0.703s] Level 1:colcon.colcon_core.package_identification:_identify(src/log) by extensions ['ignore', 'ignore_ament_install']
[0.703s] Level 1:colcon.colcon_core.package_identification:_identify(src/log) by extension 'ignore'
[0.703s] Level 1:colcon.colcon_core.package_identification:_identify(src/log) ignored
[0.703s] Level 1:colcon.colcon_core.package_identification:_identify(src/phantomx_pincher) by extensions ['ignore', 'ignore_ament_install']
[0.703s] Level 1:colcon.colcon_core.package_identification:_identify(src/phantomx_pincher) by extension 'ignore'
[0.703s] Level 1:colcon.colcon_core.package_identification:_identify(src/phantomx_pincher) by extension 'ignore_ament_install'
[0.703s] Level 1:colcon.colcon_core.package_identification:_identify(src/phantomx_pincher) by extensions ['colcon_pkg']
[0.703s] Level 1:colcon.colcon_core.package_identification:_identify(src/phantomx_pincher) by extension 'colcon_pkg'
[0.703s] Level 1:colcon.colcon_core.package_identification:_identify(src/phantomx_pincher) by extensions ['colcon_meta']
[0.703s] Level 1:colcon.colcon_core.package_identification:_identify(src/phantomx_pincher) by extension 'colcon_meta'
[0.703s] Level 1:colcon.colcon_core.package_identification:_identify(src/phantomx_pincher) by extensions ['ros']
[0.703s] Level 1:colcon.colcon_core.package_identification:_identify(src/phantomx_pincher) by extension 'ros'
[0.703s] Level 1:colcon.colcon_core.package_identification:_identify(src/phantomx_pincher) by extensions ['cmake', 'python']
[0.703s] Level 1:colcon.colcon_core.package_identification:_identify(src/phantomx_pincher) by extension 'cmake'
[0.703s] Level 1:colcon.colcon_core.package_identification:_identify(src/phantomx_pincher) by extension 'python'
[0.703s] Level 1:colcon.colcon_core.package_identification:_identify(src/phantomx_pincher) by extensions ['python_setup_py']
[0.703s] Level 1:colcon.colcon_core.package_identification:_identify(src/phantomx_pincher) by extension 'python_setup_py'
[0.704s] Level 1:colcon.colcon_core.package_identification:_identify(src/phantomx_pincher/phantomx_pincher) by extensions ['ignore', 'ignore_ament_install']
[0.704s] Level 1:colcon.colcon_core.package_identification:_identify(src/phantomx_pincher/phantomx_pincher) by extension 'ignore'
[0.704s] Level 1:colcon.colcon_core.package_identification:_identify(src/phantomx_pincher/phantomx_pincher) by extension 'ignore_ament_install'
[0.704s] Level 1:colcon.colcon_core.package_identification:_identify(src/phantomx_pincher/phantomx_pincher) by extensions ['colcon_pkg']
[0.704s] Level 1:colcon.colcon_core.package_identification:_identify(src/phantomx_pincher/phantomx_pincher) by extension 'colcon_pkg'
[0.704s] Level 1:colcon.colcon_core.package_identification:_identify(src/phantomx_pincher/phantomx_pincher) by extensions ['colcon_meta']
[0.704s] Level 1:colcon.colcon_core.package_identification:_identify(src/phantomx_pincher/phantomx_pincher) by extension 'colcon_meta'
[0.704s] Level 1:colcon.colcon_core.package_identification:_identify(src/phantomx_pincher/phantomx_pincher) by extensions ['ros']
[0.704s] Level 1:colcon.colcon_core.package_identification:_identify(src/phantomx_pincher/phantomx_pincher) by extension 'ros'
[0.706s] DEBUG:colcon.colcon_core.package_identification:Package 'src/phantomx_pincher/phantomx_pincher' with type 'ros.ament_cmake' and name 'phantomx_pincher'
[0.707s] Level 1:colcon.colcon_core.package_identification:_identify(src/phantomx_pincher/phantomx_pincher_demos) by extensions ['ignore', 'ignore_ament_install']
[0.707s] Level 1:colcon.colcon_core.package_identification:_identify(src/phantomx_pincher/phantomx_pincher_demos) by extension 'ignore'
[0.707s] Level 1:colcon.colcon_core.package_identification:_identify(src/phantomx_pincher/phantomx_pincher_demos) by extension 'ignore_ament_install'
[0.707s] Level 1:colcon.colcon_core.package_identification:_identify(src/phantomx_pincher/phantomx_pincher_demos) by extensions ['colcon_pkg']
[0.707s] Level 1:colcon.colcon_core.package_identification:_identify(src/phantomx_pincher/phantomx_pincher_demos) by extension 'colcon_pkg'
[0.707s] Level 1:colcon.colcon_core.package_identification:_identify(src/phantomx_pincher/phantomx_pincher_demos) by extensions ['colcon_meta']
[0.707s] Level 1:colcon.colcon_core.package_identification:_identify(src/phantomx_pincher/phantomx_pincher_demos) by extension 'colcon_meta'
[0.707s] Level 1:colcon.colcon_core.package_identification:_identify(src/phantomx_pincher/phantomx_pincher_demos) by extensions ['ros']
[0.707s] Level 1:colcon.colcon_core.package_identification:_identify(src/phantomx_pincher/phantomx_pincher_demos) by extension 'ros'
[0.708s] DEBUG:colcon.colcon_core.package_identification:Package 'src/phantomx_pincher/phantomx_pincher_demos' with type 'ros.ament_cmake' and name 'phantomx_pincher_demos'
[0.708s] Level 1:colcon.colcon_core.package_identification:_identify(src/phantomx_pincher/phantomx_pincher_description) by extensions ['ignore', 'ignore_ament_install']
[0.708s] Level 1:colcon.colcon_core.package_identification:_identify(src/phantomx_pincher/phantomx_pincher_description) by extension 'ignore'
[0.708s] Level 1:colcon.colcon_core.package_identification:_identify(src/phantomx_pincher/phantomx_pincher_description) by extension 'ignore_ament_install'
[0.708s] Level 1:colcon.colcon_core.package_identification:_identify(src/phantomx_pincher/phantomx_pincher_description) by extensions ['colcon_pkg']
[0.708s] Level 1:colcon.colcon_core.package_identification:_identify(src/phantomx_pincher/phantomx_pincher_description) by extension 'colcon_pkg'
[0.708s] Level 1:colcon.colcon_core.package_identification:_identify(src/phantomx_pincher/phantomx_pincher_description) by extensions ['colcon_meta']
[0.709s] Level 1:colcon.colcon_core.package_identification:_identify(src/phantomx_pincher/phantomx_pincher_description) by extension 'colcon_meta'
[0.709s] Level 1:colcon.colcon_core.package_identification:_identify(src/phantomx_pincher/phantomx_pincher_description) by extensions ['ros']
[0.709s] Level 1:colcon.colcon_core.package_identification:_identify(src/phantomx_pincher/phantomx_pincher_description) by extension 'ros'
[0.709s] DEBUG:colcon.colcon_core.package_identification:Package 'src/phantomx_pincher/phantomx_pincher_description' with type 'ros.ament_cmake' and name 'phantomx_pincher_description'
[0.709s] Level 1:colcon.colcon_core.package_identification:_identify(src/phantomx_pincher/phantomx_pincher_moveit_config) by extensions ['ignore', 'ignore_ament_install']
[0.709s] Level 1:colcon.colcon_core.package_identification:_identify(src/phantomx_pincher/phantomx_pincher_moveit_config) by extension 'ignore'
[0.709s] Level 1:colcon.colcon_core.package_identification:_identify(src/phantomx_pincher/phantomx_pincher_moveit_config) by extension 'ignore_ament_install'
[0.709s] Level 1:colcon.colcon_core.package_identification:_identify(src/phantomx_pincher/phantomx_pincher_moveit_config) by extensions ['colcon_pkg']
[0.709s] Level 1:colcon.colcon_core.package_identification:_identify(src/phantomx_pincher/phantomx_pincher_moveit_config) by extension 'colcon_pkg'
[0.710s] Level 1:colcon.colcon_core.package_identification:_identify(src/phantomx_pincher/phantomx_pincher_moveit_config) by extensions ['colcon_meta']
[0.710s] Level 1:colcon.colcon_core.package_identification:_identify(src/phantomx_pincher/phantomx_pincher_moveit_config) by extension 'colcon_meta'
[0.710s] Level 1:colcon.colcon_core.package_identification:_identify(src/phantomx_pincher/phantomx_pincher_moveit_config) by extensions ['ros']
[0.710s] Level 1:colcon.colcon_core.package_identification:_identify(src/phantomx_pincher/phantomx_pincher_moveit_config) by extension 'ros'
[0.710s] DEBUG:colcon.colcon_core.package_identification:Package 'src/phantomx_pincher/phantomx_pincher_moveit_config' with type 'ros.ament_cmake' and name 'phantomx_pincher_moveit_config'
[0.710s] Level 1:colcon.colcon_core.package_identification:_identify(src/pincher_control) by extensions ['ignore', 'ignore_ament_install']
[0.711s] Level 1:colcon.colcon_core.package_identification:_identify(src/pincher_control) by extension 'ignore'
[0.711s] Level 1:colcon.colcon_core.package_identification:_identify(src/pincher_control) by extension 'ignore_ament_install'
[0.711s] Level 1:colcon.colcon_core.package_identification:_identify(src/pincher_control) by extensions ['colcon_pkg']
[0.711s] Level 1:colcon.colcon_core.package_identification:_identify(src/pincher_control) by extension 'colcon_pkg'
[0.711s] Level 1:colcon.colcon_core.package_identification:_identify(src/pincher_control) by extensions ['colcon_meta']
[0.711s] Level 1:colcon.colcon_core.package_identification:_identify(src/pincher_control) by extension 'colcon_meta'
[0.711s] Level 1:colcon.colcon_core.package_identification:_identify(src/pincher_control) by extensions ['ros']
[0.711s] Level 1:colcon.colcon_core.package_identification:_identify(src/pincher_control) by extension 'ros'
[0.712s] DEBUG:colcon.colcon_core.package_identification:Package 'src/pincher_control' with type 'ros.ament_python' and name 'pincher_control'
[0.712s] Level 1:colcon.colcon_core.package_discovery:discover_packages(recursive) using defaults
[0.712s] Level 1:colcon.colcon_core.package_discovery:discover_packages(ignore) discover
[0.712s] Level 1:colcon.colcon_core.package_discovery:discover_packages(ignore) using defaults
[0.712s] Level 1:colcon.colcon_core.package_discovery:discover_packages(path) discover
[0.712s] Level 1:colcon.colcon_core.package_discovery:discover_packages(path) using defaults
[0.752s] Level 1:colcon.colcon_core.package_discovery:discover_packages(prefix_path) check parameters
[0.752s] Level 1:colcon.colcon_core.package_discovery:discover_packages(prefix_path) discover
[0.755s] DEBUG:colcon.colcon_installed_package_information.package_discovery:Found 5 installed packages in /home/santiago/ros2_ws/phantom_ws/install
[0.757s] DEBUG:colcon.colcon_installed_package_information.package_discovery:Found 296 installed packages in /opt/ros/humble
[0.758s] Level 1:colcon.colcon_core.package_discovery:discover_packages(prefix_path) using defaults
[0.800s] Level 5:colcon.colcon_core.verb:set package 'phantomx_pincher_description' build argument 'cmake_args' from command line to 'None'
[0.800s] Level 5:colcon.colcon_core.verb:set package 'phantomx_pincher_description' build argument 'cmake_target' from command line to 'None'
[0.801s] Level 5:colcon.colcon_core.verb:set package 'phantomx_pincher_description' build argument 'cmake_target_skip_unavailable' from command line to 'False'
[0.801s] Level 5:colcon.colcon_core.verb:set package 'phantomx_pincher_description' build argument 'cmake_clean_cache' from command line to 'False'
[0.801s] Level 5:colcon.colcon_core.verb:set package 'phantomx_pincher_description' build argument 'cmake_clean_first' from command line to 'False'
[0.801s] Level 5:colcon.colcon_core.verb:set package 'phantomx_pincher_description' build argument 'cmake_force_configure' from command line to 'False'
[0.801s] Level 5:colcon.colcon_core.verb:set package 'phantomx_pincher_description' build argument 'ament_cmake_args' from command line to 'None'
[0.801s] Level 5:colcon.colcon_core.verb:set package 'phantomx_pincher_description' build argument 'catkin_cmake_args' from command line to 'None'
[0.801s] Level 5:colcon.colcon_core.verb:set package 'phantomx_pincher_description' build argument 'catkin_skip_building_tests' from command line to 'False'
[0.801s] DEBUG:colcon.colcon_core.verb:Building package 'phantomx_pincher_description' with the following arguments: {'ament_cmake_args': None, 'build_base': '/home/santiago/ros2_ws/phantom_ws/build/phantomx_pincher_description', 'catkin_cmake_args': None, 'catkin_skip_building_tests': False, 'cmake_args': None, 'cmake_clean_cache': False, 'cmake_clean_first': False, 'cmake_force_configure': False, 'cmake_target': None, 'cmake_target_skip_unavailable': False, 'install_base': '/home/santiago/ros2_ws/phantom_ws/install/phantomx_pincher_description', 'merge_install': False, 'path': '/home/santiago/ros2_ws/phantom_ws/src/phantomx_pincher/phantomx_pincher_description', 'symlink_install': False, 'test_result_base': None}
[0.801s] Level 5:colcon.colcon_core.verb:set package 'pincher_control' build argument 'cmake_args' from command line to 'None'
[0.801s] Level 5:colcon.colcon_core.verb:set package 'pincher_control' build argument 'cmake_target' from command line to 'None'
[0.801s] Level 5:colcon.colcon_core.verb:set package 'pincher_control' build argument 'cmake_target_skip_unavailable' from command line to 'False'
[0.801s] Level 5:colcon.colcon_core.verb:set package 'pincher_control' build argument 'cmake_clean_cache' from command line to 'False'
[0.801s] Level 5:colcon.colcon_core.verb:set package 'pincher_control' build argument 'cmake_clean_first' from command line to 'False'
[0.801s] Level 5:colcon.colcon_core.verb:set package 'pincher_control' build argument 'cmake_force_configure' from command line to 'False'
[0.801s] Level 5:colcon.colcon_core.verb:set package 'pincher_control' build argument 'ament_cmake_args' from command line to 'None'
[0.801s] Level 5:colcon.colcon_core.verb:set package 'pincher_control' build argument 'catkin_cmake_args' from command line to 'None'
[0.801s] Level 5:colcon.colcon_core.verb:set package 'pincher_control' build argument 'catkin_skip_building_tests' from command line to 'False'
[0.801s] DEBUG:colcon.colcon_core.verb:Building package 'pincher_control' with the following arguments: {'ament_cmake_args': None, 'build_base': '/home/santiago/ros2_ws/phantom_ws/build/pincher_control', 'catkin_cmake_args': None, 'catkin_skip_building_tests': False, 'cmake_args': None, 'cmake_clean_cache': False, 'cmake_clean_first': False, 'cmake_force_configure': False, 'cmake_target': None, 'cmake_target_skip_unavailable': False, 'install_base': '/home/santiago/ros2_ws/phantom_ws/install/pincher_control', 'merge_install': False, 'path': '/home/santiago/ros2_ws/phantom_ws/src/pincher_control', 'symlink_install': False, 'test_result_base': None}
[0.802s] Level 5:colcon.colcon_core.verb:set package 'phantomx_pincher_moveit_config' build argument 'cmake_args' from command line to 'None'
[0.802s] Level 5:colcon.colcon_core.verb:set package 'phantomx_pincher_moveit_config' build argument 'cmake_target' from command line to 'None'
[0.802s] Level 5:colcon.colcon_core.verb:set package 'phantomx_pincher_moveit_config' build argument 'cmake_target_skip_unavailable' from command line to 'False'
[0.802s] Level 5:colcon.colcon_core.verb:set package 'phantomx_pincher_moveit_config' build argument 'cmake_clean_cache' from command line to 'False'
[0.802s] Level 5:colcon.colcon_core.verb:set package 'phantomx_pincher_moveit_config' build argument 'cmake_clean_first' from command line to 'False'
[0.802s] Level 5:colcon.colcon_core.verb:set package 'phantomx_pincher_moveit_config' build argument 'cmake_force_configure' from command line to 'False'
[0.802s] Level 5:colcon.colcon_core.verb:set package 'phantomx_pincher_moveit_config' build argument 'ament_cmake_args' from command line to 'None'
[0.802s] Level 5:colcon.colcon_core.verb:set package 'phantomx_pincher_moveit_config' build argument 'catkin_cmake_args' from command line to 'None'
[0.802s] Level 5:colcon.colcon_core.verb:set package 'phantomx_pincher_moveit_config' build argument 'catkin_skip_building_tests' from command line to 'False'
[0.802s] DEBUG:colcon.colcon_core.verb:Building package 'phantomx_pincher_moveit_config' with the following arguments: {'ament_cmake_args': None, 'build_base': '/home/santiago/ros2_ws/phantom_ws/build/phantomx_pincher_moveit_config', 'catkin_cmake_args': None, 'catkin_skip_building_tests': False, 'cmake_args': None, 'cmake_clean_cache': False, 'cmake_clean_first': False, 'cmake_force_configure': False, 'cmake_target': None, 'cmake_target_skip_unavailable': False, 'install_base': '/home/santiago/ros2_ws/phantom_ws/install/phantomx_pincher_moveit_config', 'merge_install': False, 'path': '/home/santiago/ros2_ws/phantom_ws/src/phantomx_pincher/phantomx_pincher_moveit_config', 'symlink_install': False, 'test_result_base': None}
[0.802s] Level 5:colcon.colcon_core.verb:set package 'phantomx_pincher' build argument 'cmake_args' from command line to 'None'
[0.802s] Level 5:colcon.colcon_core.verb:set package 'phantomx_pincher' build argument 'cmake_target' from command line to 'None'
[0.802s] Level 5:colcon.colcon_core.verb:set package 'phantomx_pincher' build argument 'cmake_target_skip_unavailable' from command line to 'False'
[0.802s] Level 5:colcon.colcon_core.verb:set package 'phantomx_pincher' build argument 'cmake_clean_cache' from command line to 'False'
[0.802s] Level 5:colcon.colcon_core.verb:set package 'phantomx_pincher' build argument 'cmake_clean_first' from command line to 'False'
[0.802s] Level 5:colcon.colcon_core.verb:set package 'phantomx_pincher' build argument 'cmake_force_configure' from command line to 'False'
[0.802s] Level 5:colcon.colcon_core.verb:set package 'phantomx_pincher' build argument 'ament_cmake_args' from command line to 'None'
[0.802s] Level 5:colcon.colcon_core.verb:set package 'phantomx_pincher' build argument 'catkin_cmake_args' from command line to 'None'
[0.802s] Level 5:colcon.colcon_core.verb:set package 'phantomx_pincher' build argument 'catkin_skip_building_tests' from command line to 'False'
[0.802s] DEBUG:colcon.colcon_core.verb:Building package 'phantomx_pincher' with the following arguments: {'ament_cmake_args': None, 'build_base': '/home/santiago/ros2_ws/phantom_ws/build/phantomx_pincher', 'catkin_cmake_args': None, 'catkin_skip_building_tests': False, 'cmake_args': None, 'cmake_clean_cache': False, 'cmake_clean_first': False, 'cmake_force_configure': False, 'cmake_target': None, 'cmake_target_skip_unavailable': False, 'install_base': '/home/santiago/ros2_ws/phantom_ws/install/phantomx_pincher', 'merge_install': False, 'path': '/home/santiago/ros2_ws/phantom_ws/src/phantomx_pincher/phantomx_pincher', 'symlink_install': False, 'test_result_base': None}
[0.803s] Level 5:colcon.colcon_core.verb:set package 'phantomx_pincher_demos' build argument 'cmake_args' from command line to 'None'
[0.803s] Level 5:colcon.colcon_core.verb:set package 'phantomx_pincher_demos' build argument 'cmake_target' from command line to 'None'
[0.803s] Level 5:colcon.colcon_core.verb:set package 'phantomx_pincher_demos' build argument 'cmake_target_skip_unavailable' from command line to 'False'
[0.803s] Level 5:colcon.colcon_core.verb:set package 'phantomx_pincher_demos' build argument 'cmake_clean_cache' from command line to 'False'
[0.803s] Level 5:colcon.colcon_core.verb:set package 'phantomx_pincher_demos' build argument 'cmake_clean_first' from command line to 'False'
[0.803s] Level 5:colcon.colcon_core.verb:set package 'phantomx_pincher_demos' build argument 'cmake_force_configure' from command line to 'False'
[0.803s] Level 5:colcon.colcon_core.verb:set package 'phantomx_pincher_demos' build argument 'ament_cmake_args' from command line to 'None'
[0.803s] Level 5:colcon.colcon_core.verb:set package 'phantomx_pincher_demos' build argument 'catkin_cmake_args' from command line to 'None'
[0.803s] Level 5:colcon.colcon_core.verb:set package 'phantomx_pincher_demos' build argument 'catkin_skip_building_tests' from command line to 'False'
[0.803s] DEBUG:colcon.colcon_core.verb:Building package 'phantomx_pincher_demos' with the following arguments: {'ament_cmake_args': None, 'build_base': '/home/santiago/ros2_ws/phantom_ws/build/phantomx_pincher_demos', 'catkin_cmake_args': None, 'catkin_skip_building_tests': False, 'cmake_args': None, 'cmake_clean_cache': False, 'cmake_clean_first': False, 'cmake_force_configure': False, 'cmake_target': None, 'cmake_target_skip_unavailable': False, 'install_base': '/home/santiago/ros2_ws/phantom_ws/install/phantomx_pincher_demos', 'merge_install': False, 'path': '/home/santiago/ros2_ws/phantom_ws/src/phantomx_pincher/phantomx_pincher_demos', 'symlink_install': False, 'test_result_base': None}
[0.803s] INFO:colcon.colcon_core.executor:Executing jobs using 'parallel' executor
[0.805s] DEBUG:colcon.colcon_parallel_executor.executor.parallel:run_until_complete
[0.805s] INFO:colcon.colcon_ros.task.ament_cmake.build:Building ROS package in '/home/santiago/ros2_ws/phantom_ws/src/phantomx_pincher/phantomx_pincher_description' with build type 'ament_cmake'
[0.806s] INFO:colcon.colcon_cmake.task.cmake.build:Building CMake package in '/home/santiago/ros2_ws/phantom_ws/src/phantomx_pincher/phantomx_pincher_description'
[0.809s] INFO:colcon.colcon_core.plugin_system:Skipping extension 'colcon_core.shell.bat': Not used on non-Windows systems
[0.809s] INFO:colcon.colcon_core.shell:Skip shell extension 'powershell' for command environment: Not usable outside of PowerShell
[0.809s] DEBUG:colcon.colcon_core.shell:Skip shell extension 'dsv' for command environment
[0.816s] INFO:colcon.colcon_ros.task.ament_python.build:Building ROS package in '/home/santiago/ros2_ws/phantom_ws/src/pincher_control' with build type 'ament_python'
[0.816s] Level 1:colcon.colcon_core.shell:create_environment_hook('pincher_control', 'ament_prefix_path')
[0.816s] INFO:colcon.colcon_core.shell:Creating environment hook '/home/santiago/ros2_ws/phantom_ws/install/pincher_control/share/pincher_control/hook/ament_prefix_path.ps1'
[0.817s] INFO:colcon.colcon_core.shell:Creating environment descriptor '/home/santiago/ros2_ws/phantom_ws/install/pincher_control/share/pincher_control/hook/ament_prefix_path.dsv'
[0.819s] INFO:colcon.colcon_core.shell:Creating environment hook '/home/santiago/ros2_ws/phantom_ws/install/pincher_control/share/pincher_control/hook/ament_prefix_path.sh'
[0.820s] INFO:colcon.colcon_core.shell:Skip shell extension 'powershell' for command environment: Not usable outside of PowerShell
[0.820s] DEBUG:colcon.colcon_core.shell:Skip shell extension 'dsv' for command environment
[0.834s] DEBUG:colcon.colcon_core.event_handler.log_command:Invoking command in '/home/santiago/ros2_ws/phantom_ws/build/phantomx_pincher_description': CMAKE_PREFIX_PATH=${CMAKE_PREFIX_PATH}:/home/santiago/ros2_ws/phantom_ws/install/pincher_control:/opt/ros/humble /usr/bin/cmake --build /home/santiago/ros2_ws/phantom_ws/build/phantomx_pincher_description -- -j4 -l4
[1.212s] INFO:colcon.colcon_core.task.python.build:Building Python package in '/home/santiago/ros2_ws/phantom_ws/src/pincher_control'
[1.212s] INFO:colcon.colcon_core.shell:Skip shell extension 'powershell' for command environment: Not usable outside of PowerShell
[1.212s] DEBUG:colcon.colcon_core.shell:Skip shell extension 'dsv' for command environment
[1.220s] DEBUG:colcon.colcon_core.event_handler.log_command:Invoked command in '/home/santiago/ros2_ws/phantom_ws/build/phantomx_pincher_description' returned '0': CMAKE_PREFIX_PATH=${CMAKE_PREFIX_PATH}:/home/santiago/ros2_ws/phantom_ws/install/pincher_control:/opt/ros/humble /usr/bin/cmake --build /home/santiago/ros2_ws/phantom_ws/build/phantomx_pincher_description -- -j4 -l4
[1.239s] DEBUG:colcon.colcon_core.event_handler.log_command:Invoking command in '/home/santiago/ros2_ws/phantom_ws/build/phantomx_pincher_description': CMAKE_PREFIX_PATH=${CMAKE_PREFIX_PATH}:/home/santiago/ros2_ws/phantom_ws/install/pincher_control:/opt/ros/humble /usr/bin/cmake --install /home/santiago/ros2_ws/phantom_ws/build/phantomx_pincher_description
[1.300s] Level 1:colcon.colcon_core.environment:create_environment_scripts_only(phantomx_pincher_description)
[1.304s] Level 1:colcon.colcon_core.environment:checking '/home/santiago/ros2_ws/phantom_ws/install/phantomx_pincher_description' for CMake module files
[1.304s] Level 1:colcon.colcon_core.environment:checking '/home/santiago/ros2_ws/phantom_ws/install/phantomx_pincher_description' for CMake config files
[1.304s] Level 1:colcon.colcon_core.shell:create_environment_hook('phantomx_pincher_description', 'cmake_prefix_path')
[1.305s] INFO:colcon.colcon_core.shell:Creating environment hook '/home/santiago/ros2_ws/phantom_ws/install/phantomx_pincher_description/share/phantomx_pincher_description/hook/cmake_prefix_path.ps1'
[1.306s] DEBUG:colcon.colcon_core.event_handler.log_command:Invoked command in '/home/santiago/ros2_ws/phantom_ws/build/phantomx_pincher_description' returned '0': CMAKE_PREFIX_PATH=${CMAKE_PREFIX_PATH}:/home/santiago/ros2_ws/phantom_ws/install/pincher_control:/opt/ros/humble /usr/bin/cmake --install /home/santiago/ros2_ws/phantom_ws/build/phantomx_pincher_description
[1.306s] INFO:colcon.colcon_core.shell:Creating environment descriptor '/home/santiago/ros2_ws/phantom_ws/install/phantomx_pincher_description/share/phantomx_pincher_description/hook/cmake_prefix_path.dsv'
[1.307s] INFO:colcon.colcon_core.shell:Creating environment hook '/home/santiago/ros2_ws/phantom_ws/install/phantomx_pincher_description/share/phantomx_pincher_description/hook/cmake_prefix_path.sh'
[1.308s] Level 1:colcon.colcon_core.environment:checking '/home/santiago/ros2_ws/phantom_ws/install/phantomx_pincher_description/lib'
[1.309s] Level 1:colcon.colcon_core.environment:checking '/home/santiago/ros2_ws/phantom_ws/install/phantomx_pincher_description/bin'
[1.309s] Level 1:colcon.colcon_core.environment:checking '/home/santiago/ros2_ws/phantom_ws/install/phantomx_pincher_description/lib/pkgconfig/phantomx_pincher_description.pc'
[1.309s] Level 1:colcon.colcon_core.environment:checking '/home/santiago/ros2_ws/phantom_ws/install/phantomx_pincher_description/lib/python3.10/site-packages'
[1.309s] Level 1:colcon.colcon_core.environment:checking '/home/santiago/ros2_ws/phantom_ws/install/phantomx_pincher_description/bin'
[1.310s] INFO:colcon.colcon_core.shell:Creating package script '/home/santiago/ros2_ws/phantom_ws/install/phantomx_pincher_description/share/phantomx_pincher_description/package.ps1'
[1.311s] INFO:colcon.colcon_core.shell:Creating package descriptor '/home/santiago/ros2_ws/phantom_ws/install/phantomx_pincher_description/share/phantomx_pincher_description/package.dsv'
[1.312s] INFO:colcon.colcon_core.shell:Creating package script '/home/santiago/ros2_ws/phantom_ws/install/phantomx_pincher_description/share/phantomx_pincher_description/package.sh'
[1.313s] INFO:colcon.colcon_core.shell:Creating package script '/home/santiago/ros2_ws/phantom_ws/install/phantomx_pincher_description/share/phantomx_pincher_description/package.bash'
[1.315s] INFO:colcon.colcon_core.shell:Creating package script '/home/santiago/ros2_ws/phantom_ws/install/phantomx_pincher_description/share/phantomx_pincher_description/package.zsh'
[1.316s] Level 1:colcon.colcon_core.environment:create_file_with_runtime_dependencies(/home/santiago/ros2_ws/phantom_ws/install/phantomx_pincher_description/share/colcon-core/packages/phantomx_pincher_description)
[1.318s] Level 1:colcon.colcon_core.environment:create_environment_scripts_only(phantomx_pincher_description)
[1.318s] Level 1:colcon.colcon_core.environment:checking '/home/santiago/ros2_ws/phantom_ws/install/phantomx_pincher_description' for CMake module files
[1.319s] Level 1:colcon.colcon_core.environment:checking '/home/santiago/ros2_ws/phantom_ws/install/phantomx_pincher_description' for CMake config files
[1.319s] Level 1:colcon.colcon_core.shell:create_environment_hook('phantomx_pincher_description', 'cmake_prefix_path')
[1.319s] INFO:colcon.colcon_core.shell:Creating environment hook '/home/santiago/ros2_ws/phantom_ws/install/phantomx_pincher_description/share/phantomx_pincher_description/hook/cmake_prefix_path.ps1'
[1.320s] INFO:colcon.colcon_core.shell:Creating environment descriptor '/home/santiago/ros2_ws/phantom_ws/install/phantomx_pincher_description/share/phantomx_pincher_description/hook/cmake_prefix_path.dsv'
[1.321s] INFO:colcon.colcon_core.shell:Creating environment hook '/home/santiago/ros2_ws/phantom_ws/install/phantomx_pincher_description/share/phantomx_pincher_description/hook/cmake_prefix_path.sh'
[1.322s] Level 1:colcon.colcon_core.environment:checking '/home/santiago/ros2_ws/phantom_ws/install/phantomx_pincher_description/lib'
[1.322s] Level 1:colcon.colcon_core.environment:checking '/home/santiago/ros2_ws/phantom_ws/install/phantomx_pincher_description/bin'
[1.322s] Level 1:colcon.colcon_core.environment:checking '/home/santiago/ros2_ws/phantom_ws/install/phantomx_pincher_description/lib/pkgconfig/phantomx_pincher_description.pc'
[1.323s] Level 1:colcon.colcon_core.environment:checking '/home/santiago/ros2_ws/phantom_ws/install/phantomx_pincher_description/lib/python3.10/site-packages'
[1.323s] Level 1:colcon.colcon_core.environment:checking '/home/santiago/ros2_ws/phantom_ws/install/phantomx_pincher_description/bin'
[1.323s] INFO:colcon.colcon_core.shell:Creating package script '/home/santiago/ros2_ws/phantom_ws/install/phantomx_pincher_description/share/phantomx_pincher_description/package.ps1'
[1.324s] INFO:colcon.colcon_core.shell:Creating package descriptor '/home/santiago/ros2_ws/phantom_ws/install/phantomx_pincher_description/share/phantomx_pincher_description/package.dsv'
[1.325s] INFO:colcon.colcon_core.shell:Creating package script '/home/santiago/ros2_ws/phantom_ws/install/phantomx_pincher_description/share/phantomx_pincher_description/package.sh'
[1.326s] INFO:colcon.colcon_core.shell:Creating package script '/home/santiago/ros2_ws/phantom_ws/install/phantomx_pincher_description/share/phantomx_pincher_description/package.bash'
[1.327s] INFO:colcon.colcon_core.shell:Creating package script '/home/santiago/ros2_ws/phantom_ws/install/phantomx_pincher_description/share/phantomx_pincher_description/package.zsh'
[1.328s] Level 1:colcon.colcon_core.environment:create_file_with_runtime_dependencies(/home/santiago/ros2_ws/phantom_ws/install/phantomx_pincher_description/share/colcon-core/packages/phantomx_pincher_description)
[1.330s] INFO:colcon.colcon_ros.task.ament_cmake.build:Building ROS package in '/home/santiago/ros2_ws/phantom_ws/src/phantomx_pincher/phantomx_pincher_moveit_config' with build type 'ament_cmake'
[1.330s] INFO:colcon.colcon_cmake.task.cmake.build:Building CMake package in '/home/santiago/ros2_ws/phantom_ws/src/phantomx_pincher/phantomx_pincher_moveit_config'
[1.330s] INFO:colcon.colcon_core.shell:Skip shell extension 'powershell' for command environment: Not usable outside of PowerShell
[1.330s] DEBUG:colcon.colcon_core.shell:Skip shell extension 'dsv' for command environment
[1.370s] DEBUG:colcon.colcon_core.event_handler.log_command:Invoking command in '/home/santiago/ros2_ws/phantom_ws/build/phantomx_pincher_moveit_config': CMAKE_PREFIX_PATH=/home/santiago/ros2_ws/phantom_ws/install/phantomx_pincher_description:/home/santiago/ros2_ws/phantom_ws/install/phantomx_pincher_moveit_config:/home/santiago/ros2_ws/phantom_ws/install/phantomx_pincher_demos:/home/santiago/ros2_ws/phantom_ws/install/phantomx_pincher:/home/santiago/ros2_ws/phantom_ws/install/pincher_control:/opt/ros/humble /usr/bin/cmake --build /home/santiago/ros2_ws/phantom_ws/build/phantomx_pincher_moveit_config -- -j4 -l4
[1.501s] DEBUG:colcon.colcon_core.event_handler.log_command:Invoked command in '/home/santiago/ros2_ws/phantom_ws/build/phantomx_pincher_moveit_config' returned '0': CMAKE_PREFIX_PATH=/home/santiago/ros2_ws/phantom_ws/install/phantomx_pincher_description:/home/santiago/ros2_ws/phantom_ws/install/phantomx_pincher_moveit_config:/home/santiago/ros2_ws/phantom_ws/install/phantomx_pincher_demos:/home/santiago/ros2_ws/phantom_ws/install/phantomx_pincher:/home/santiago/ros2_ws/phantom_ws/install/pincher_control:/opt/ros/humble /usr/bin/cmake --build /home/santiago/ros2_ws/phantom_ws/build/phantomx_pincher_moveit_config -- -j4 -l4
[1.503s] DEBUG:colcon.colcon_core.event_handler.log_command:Invoking command in '/home/santiago/ros2_ws/phantom_ws/build/phantomx_pincher_moveit_config': CMAKE_PREFIX_PATH=/home/santiago/ros2_ws/phantom_ws/install/phantomx_pincher_description:/home/santiago/ros2_ws/phantom_ws/install/phantomx_pincher_moveit_config:/home/santiago/ros2_ws/phantom_ws/install/phantomx_pincher_demos:/home/santiago/ros2_ws/phantom_ws/install/phantomx_pincher:/home/santiago/ros2_ws/phantom_ws/install/pincher_control:/opt/ros/humble /usr/bin/cmake --install /home/santiago/ros2_ws/phantom_ws/build/phantomx_pincher_moveit_config
[1.544s] Level 1:colcon.colcon_core.environment:create_environment_scripts_only(phantomx_pincher_moveit_config)
[1.544s] Level 1:colcon.colcon_core.environment:checking '/home/santiago/ros2_ws/phantom_ws/install/phantomx_pincher_moveit_config' for CMake module files
[1.544s] Level 1:colcon.colcon_core.environment:checking '/home/santiago/ros2_ws/phantom_ws/install/phantomx_pincher_moveit_config' for CMake config files
[1.545s] DEBUG:colcon.colcon_core.event_handler.log_command:Invoked command in '/home/santiago/ros2_ws/phantom_ws/build/phantomx_pincher_moveit_config' returned '0': CMAKE_PREFIX_PATH=/home/santiago/ros2_ws/phantom_ws/install/phantomx_pincher_description:/home/santiago/ros2_ws/phantom_ws/install/phantomx_pincher_moveit_config:/home/santiago/ros2_ws/phantom_ws/install/phantomx_pincher_demos:/home/santiago/ros2_ws/phantom_ws/install/phantomx_pincher:/home/santiago/ros2_ws/phantom_ws/install/pincher_control:/opt/ros/humble /usr/bin/cmake --install /home/santiago/ros2_ws/phantom_ws/build/phantomx_pincher_moveit_config
[1.545s] Level 1:colcon.colcon_core.shell:create_environment_hook('phantomx_pincher_moveit_config', 'cmake_prefix_path')
[1.546s] INFO:colcon.colcon_core.shell:Creating environment hook '/home/santiago/ros2_ws/phantom_ws/install/phantomx_pincher_moveit_config/share/phantomx_pincher_moveit_config/hook/cmake_prefix_path.ps1'
[1.546s] INFO:colcon.colcon_core.shell:Creating environment descriptor '/home/santiago/ros2_ws/phantom_ws/install/phantomx_pincher_moveit_config/share/phantomx_pincher_moveit_config/hook/cmake_prefix_path.dsv'
[1.547s] INFO:colcon.colcon_core.shell:Creating environment hook '/home/santiago/ros2_ws/phantom_ws/install/phantomx_pincher_moveit_config/share/phantomx_pincher_moveit_config/hook/cmake_prefix_path.sh'
[1.549s] Level 1:colcon.colcon_core.environment:checking '/home/santiago/ros2_ws/phantom_ws/install/phantomx_pincher_moveit_config/bin'
[1.549s] Level 1:colcon.colcon_core.environment:checking '/home/santiago/ros2_ws/phantom_ws/install/phantomx_pincher_moveit_config/lib/pkgconfig/phantomx_pincher_moveit_config.pc'
[1.550s] Level 1:colcon.colcon_core.environment:checking '/home/santiago/ros2_ws/phantom_ws/install/phantomx_pincher_moveit_config/lib/python3.10/site-packages'
[1.550s] Level 1:colcon.colcon_core.environment:checking '/home/santiago/ros2_ws/phantom_ws/install/phantomx_pincher_moveit_config/bin'
[1.550s] INFO:colcon.colcon_core.shell:Creating package script '/home/santiago/ros2_ws/phantom_ws/install/phantomx_pincher_moveit_config/share/phantomx_pincher_moveit_config/package.ps1'
[1.551s] INFO:colcon.colcon_core.shell:Creating package descriptor '/home/santiago/ros2_ws/phantom_ws/install/phantomx_pincher_moveit_config/share/phantomx_pincher_moveit_config/package.dsv'
[1.552s] INFO:colcon.colcon_core.shell:Creating package script '/home/santiago/ros2_ws/phantom_ws/install/phantomx_pincher_moveit_config/share/phantomx_pincher_moveit_config/package.sh'
[1.553s] INFO:colcon.colcon_core.shell:Creating package script '/home/santiago/ros2_ws/phantom_ws/install/phantomx_pincher_moveit_config/share/phantomx_pincher_moveit_config/package.bash'
[1.554s] INFO:colcon.colcon_core.shell:Creating package script '/home/santiago/ros2_ws/phantom_ws/install/phantomx_pincher_moveit_config/share/phantomx_pincher_moveit_config/package.zsh'
[1.556s] Level 1:colcon.colcon_core.environment:create_file_with_runtime_dependencies(/home/santiago/ros2_ws/phantom_ws/install/phantomx_pincher_moveit_config/share/colcon-core/packages/phantomx_pincher_moveit_config)
[1.558s] Level 1:colcon.colcon_core.environment:create_environment_scripts_only(phantomx_pincher_moveit_config)
[1.558s] Level 1:colcon.colcon_core.environment:checking '/home/santiago/ros2_ws/phantom_ws/install/phantomx_pincher_moveit_config' for CMake module files
[1.559s] Level 1:colcon.colcon_core.environment:checking '/home/santiago/ros2_ws/phantom_ws/install/phantomx_pincher_moveit_config' for CMake config files
[1.559s] Level 1:colcon.colcon_core.shell:create_environment_hook('phantomx_pincher_moveit_config', 'cmake_prefix_path')
[1.559s] INFO:colcon.colcon_core.shell:Creating environment hook '/home/santiago/ros2_ws/phantom_ws/install/phantomx_pincher_moveit_config/share/phantomx_pincher_moveit_config/hook/cmake_prefix_path.ps1'
[1.560s] INFO:colcon.colcon_core.shell:Creating environment descriptor '/home/santiago/ros2_ws/phantom_ws/install/phantomx_pincher_moveit_config/share/phantomx_pincher_moveit_config/hook/cmake_prefix_path.dsv'
[1.561s] INFO:colcon.colcon_core.shell:Creating environment hook '/home/santiago/ros2_ws/phantom_ws/install/phantomx_pincher_moveit_config/share/phantomx_pincher_moveit_config/hook/cmake_prefix_path.sh'
[1.563s] Level 1:colcon.colcon_core.environment:checking '/home/santiago/ros2_ws/phantom_ws/install/phantomx_pincher_moveit_config/bin'
[1.563s] Level 1:colcon.colcon_core.environment:checking '/home/santiago/ros2_ws/phantom_ws/install/phantomx_pincher_moveit_config/lib/pkgconfig/phantomx_pincher_moveit_config.pc'
[1.564s] Level 1:colcon.colcon_core.environment:checking '/home/santiago/ros2_ws/phantom_ws/install/phantomx_pincher_moveit_config/lib/python3.10/site-packages'
[1.564s] Level 1:colcon.colcon_core.environment:checking '/home/santiago/ros2_ws/phantom_ws/install/phantomx_pincher_moveit_config/bin'
[1.565s] INFO:colcon.colcon_core.shell:Creating package script '/home/santiago/ros2_ws/phantom_ws/install/phantomx_pincher_moveit_config/share/phantomx_pincher_moveit_config/package.ps1'
[1.566s] INFO:colcon.colcon_core.shell:Creating package descriptor '/home/santiago/ros2_ws/phantom_ws/install/phantomx_pincher_moveit_config/share/phantomx_pincher_moveit_config/package.dsv'
[1.567s] INFO:colcon.colcon_core.shell:Creating package script '/home/santiago/ros2_ws/phantom_ws/install/phantomx_pincher_moveit_config/share/phantomx_pincher_moveit_config/package.sh'
[1.569s] INFO:colcon.colcon_core.shell:Creating package script '/home/santiago/ros2_ws/phantom_ws/install/phantomx_pincher_moveit_config/share/phantomx_pincher_moveit_config/package.bash'
[1.570s] INFO:colcon.colcon_core.shell:Creating package script '/home/santiago/ros2_ws/phantom_ws/install/phantomx_pincher_moveit_config/share/phantomx_pincher_moveit_config/package.zsh'
[1.572s] Level 1:colcon.colcon_core.environment:create_file_with_runtime_dependencies(/home/santiago/ros2_ws/phantom_ws/install/phantomx_pincher_moveit_config/share/colcon-core/packages/phantomx_pincher_moveit_config)
[1.575s] INFO:colcon.colcon_ros.task.ament_cmake.build:Building ROS package in '/home/santiago/ros2_ws/phantom_ws/src/phantomx_pincher/phantomx_pincher' with build type 'ament_cmake'
[1.575s] INFO:colcon.colcon_cmake.task.cmake.build:Building CMake package in '/home/santiago/ros2_ws/phantom_ws/src/phantomx_pincher/phantomx_pincher'
[1.576s] INFO:colcon.colcon_core.shell:Skip shell extension 'powershell' for command environment: Not usable outside of PowerShell
[1.576s] DEBUG:colcon.colcon_core.shell:Skip shell extension 'dsv' for command environment
[1.643s] DEBUG:colcon.colcon_core.event_handler.log_command:Invoking command in '/home/santiago/ros2_ws/phantom_ws/build/phantomx_pincher': CMAKE_PREFIX_PATH=${CMAKE_PREFIX_PATH}:/home/santiago/ros2_ws/phantom_ws/install/pincher_control:/opt/ros/humble /usr/bin/cmake --build /home/santiago/ros2_ws/phantom_ws/build/phantomx_pincher -- -j4 -l4
[1.771s] DEBUG:colcon.colcon_core.event_handler.log_command:Invoking command in '/home/santiago/ros2_ws/phantom_ws/src/pincher_control': PYTHONPATH=/home/santiago/ros2_ws/phantom_ws/build/pincher_control/prefix_override:/usr/lib/python3/dist-packages/colcon_core/task/python/colcon_distutils_commands:/home/santiago/ros2_ws/phantom_ws/install/pincher_control/lib/python3.10/site-packages:${PYTHONPATH} /usr/bin/python3 -W ignore:setup.py install is deprecated -W ignore:easy_install command is deprecated setup.py egg_info --egg-base ../../build/pincher_control build --build-base /home/santiago/ros2_ws/phantom_ws/build/pincher_control/build install --record /home/santiago/ros2_ws/phantom_ws/build/pincher_control/install.log --single-version-externally-managed install_data
[1.902s] DEBUG:colcon.colcon_core.event_handler.log_command:Invoked command in '/home/santiago/ros2_ws/phantom_ws/build/phantomx_pincher' returned '0': CMAKE_PREFIX_PATH=${CMAKE_PREFIX_PATH}:/home/santiago/ros2_ws/phantom_ws/install/pincher_control:/opt/ros/humble /usr/bin/cmake --build /home/santiago/ros2_ws/phantom_ws/build/phantomx_pincher -- -j4 -l4
[1.906s] DEBUG:colcon.colcon_core.event_handler.log_command:Invoking command in '/home/santiago/ros2_ws/phantom_ws/build/phantomx_pincher': CMAKE_PREFIX_PATH=${CMAKE_PREFIX_PATH}:/home/santiago/ros2_ws/phantom_ws/install/pincher_control:/opt/ros/humble /usr/bin/cmake --install /home/santiago/ros2_ws/phantom_ws/build/phantomx_pincher
[1.994s] Level 1:colcon.colcon_core.environment:create_environment_scripts_only(phantomx_pincher)
[1.994s] Level 1:colcon.colcon_core.environment:checking '/home/santiago/ros2_ws/phantom_ws/install/phantomx_pincher' for CMake module files
[1.995s] Level 1:colcon.colcon_core.environment:checking '/home/santiago/ros2_ws/phantom_ws/install/phantomx_pincher' for CMake config files
[1.995s] Level 1:colcon.colcon_core.shell:create_environment_hook('phantomx_pincher', 'cmake_prefix_path')
[1.996s] INFO:colcon.colcon_core.shell:Creating environment hook '/home/santiago/ros2_ws/phantom_ws/install/phantomx_pincher/share/phantomx_pincher/hook/cmake_prefix_path.ps1'
[1.998s] DEBUG:colcon.colcon_core.event_handler.log_command:Invoked command in '/home/santiago/ros2_ws/phantom_ws/build/phantomx_pincher' returned '0': CMAKE_PREFIX_PATH=${CMAKE_PREFIX_PATH}:/home/santiago/ros2_ws/phantom_ws/install/pincher_control:/opt/ros/humble /usr/bin/cmake --install /home/santiago/ros2_ws/phantom_ws/build/phantomx_pincher
[1.999s] INFO:colcon.colcon_core.shell:Creating environment descriptor '/home/santiago/ros2_ws/phantom_ws/install/phantomx_pincher/share/phantomx_pincher/hook/cmake_prefix_path.dsv'
[2.001s] INFO:colcon.colcon_core.shell:Creating environment hook '/home/santiago/ros2_ws/phantom_ws/install/phantomx_pincher/share/phantomx_pincher/hook/cmake_prefix_path.sh'
[2.005s] Level 1:colcon.colcon_core.environment:checking '/home/santiago/ros2_ws/phantom_ws/install/phantomx_pincher/bin'
[2.006s] Level 1:colcon.colcon_core.environment:checking '/home/santiago/ros2_ws/phantom_ws/install/phantomx_pincher/lib/pkgconfig/phantomx_pincher.pc'
[2.006s] Level 1:colcon.colcon_core.environment:checking '/home/santiago/ros2_ws/phantom_ws/install/phantomx_pincher/lib/python3.10/site-packages'
[2.006s] Level 1:colcon.colcon_core.environment:checking '/home/santiago/ros2_ws/phantom_ws/install/phantomx_pincher/bin'
[2.007s] INFO:colcon.colcon_core.shell:Creating package script '/home/santiago/ros2_ws/phantom_ws/install/phantomx_pincher/share/phantomx_pincher/package.ps1'
[2.016s] INFO:colcon.colcon_core.shell:Creating package descriptor '/home/santiago/ros2_ws/phantom_ws/install/phantomx_pincher/share/phantomx_pincher/package.dsv'
[2.017s] INFO:colcon.colcon_core.shell:Creating package script '/home/santiago/ros2_ws/phantom_ws/install/phantomx_pincher/share/phantomx_pincher/package.sh'
[2.026s] INFO:colcon.colcon_core.shell:Creating package script '/home/santiago/ros2_ws/phantom_ws/install/phantomx_pincher/share/phantomx_pincher/package.bash'
[2.027s] INFO:colcon.colcon_core.shell:Creating package script '/home/santiago/ros2_ws/phantom_ws/install/phantomx_pincher/share/phantomx_pincher/package.zsh'
[2.029s] Level 1:colcon.colcon_core.environment:create_file_with_runtime_dependencies(/home/santiago/ros2_ws/phantom_ws/install/phantomx_pincher/share/colcon-core/packages/phantomx_pincher)
[2.030s] Level 1:colcon.colcon_core.environment:create_environment_scripts_only(phantomx_pincher)
[2.031s] Level 1:colcon.colcon_core.environment:checking '/home/santiago/ros2_ws/phantom_ws/install/phantomx_pincher' for CMake module files
[2.031s] Level 1:colcon.colcon_core.environment:checking '/home/santiago/ros2_ws/phantom_ws/install/phantomx_pincher' for CMake config files
[2.031s] Level 1:colcon.colcon_core.shell:create_environment_hook('phantomx_pincher', 'cmake_prefix_path')
[2.032s] INFO:colcon.colcon_core.shell:Creating environment hook '/home/santiago/ros2_ws/phantom_ws/install/phantomx_pincher/share/phantomx_pincher/hook/cmake_prefix_path.ps1'
[2.033s] INFO:colcon.colcon_core.shell:Creating environment descriptor '/home/santiago/ros2_ws/phantom_ws/install/phantomx_pincher/share/phantomx_pincher/hook/cmake_prefix_path.dsv'
[2.034s] INFO:colcon.colcon_core.shell:Creating environment hook '/home/santiago/ros2_ws/phantom_ws/install/phantomx_pincher/share/phantomx_pincher/hook/cmake_prefix_path.sh'
[2.036s] Level 1:colcon.colcon_core.environment:checking '/home/santiago/ros2_ws/phantom_ws/install/phantomx_pincher/bin'
[2.036s] Level 1:colcon.colcon_core.environment:checking '/home/santiago/ros2_ws/phantom_ws/install/phantomx_pincher/lib/pkgconfig/phantomx_pincher.pc'
[2.036s] Level 1:colcon.colcon_core.environment:checking '/home/santiago/ros2_ws/phantom_ws/install/phantomx_pincher/lib/python3.10/site-packages'
[2.036s] Level 1:colcon.colcon_core.environment:checking '/home/santiago/ros2_ws/phantom_ws/install/phantomx_pincher/bin'
[2.037s] INFO:colcon.colcon_core.shell:Creating package script '/home/santiago/ros2_ws/phantom_ws/install/phantomx_pincher/share/phantomx_pincher/package.ps1'
[2.038s] INFO:colcon.colcon_core.shell:Creating package descriptor '/home/santiago/ros2_ws/phantom_ws/install/phantomx_pincher/share/phantomx_pincher/package.dsv'
[2.039s] INFO:colcon.colcon_core.shell:Creating package script '/home/santiago/ros2_ws/phantom_ws/install/phantomx_pincher/share/phantomx_pincher/package.sh'
[2.040s] INFO:colcon.colcon_core.shell:Creating package script '/home/santiago/ros2_ws/phantom_ws/install/phantomx_pincher/share/phantomx_pincher/package.bash'
[2.041s] INFO:colcon.colcon_core.shell:Creating package script '/home/santiago/ros2_ws/phantom_ws/install/phantomx_pincher/share/phantomx_pincher/package.zsh'
[2.043s] Level 1:colcon.colcon_core.environment:create_file_with_runtime_dependencies(/home/santiago/ros2_ws/phantom_ws/install/phantomx_pincher/share/colcon-core/packages/phantomx_pincher)
[2.043s] INFO:colcon.colcon_ros.task.ament_cmake.build:Building ROS package in '/home/santiago/ros2_ws/phantom_ws/src/phantomx_pincher/phantomx_pincher_demos' with build type 'ament_cmake'
[2.044s] INFO:colcon.colcon_cmake.task.cmake.build:Building CMake package in '/home/santiago/ros2_ws/phantom_ws/src/phantomx_pincher/phantomx_pincher_demos'
[2.044s] INFO:colcon.colcon_core.shell:Skip shell extension 'powershell' for command environment: Not usable outside of PowerShell
[2.044s] DEBUG:colcon.colcon_core.shell:Skip shell extension 'dsv' for command environment
[2.086s] DEBUG:colcon.colcon_core.event_handler.log_command:Invoking command in '/home/santiago/ros2_ws/phantom_ws/build/phantomx_pincher_demos': CMAKE_PREFIX_PATH=/home/santiago/ros2_ws/phantom_ws/install/phantomx_pincher:/home/santiago/ros2_ws/phantom_ws/install/phantomx_pincher_moveit_config:/home/santiago/ros2_ws/phantom_ws/install/phantomx_pincher_description:/home/santiago/ros2_ws/phantom_ws/install/phantomx_pincher_demos:/home/santiago/ros2_ws/phantom_ws/install/pincher_control:/opt/ros/humble /usr/bin/cmake --build /home/santiago/ros2_ws/phantom_ws/build/phantomx_pincher_demos -- -j4 -l4
[2.179s] DEBUG:colcon.colcon_core.event_handler.log_command:Invoked command in '/home/santiago/ros2_ws/phantom_ws/build/phantomx_pincher_demos' returned '0': CMAKE_PREFIX_PATH=/home/santiago/ros2_ws/phantom_ws/install/phantomx_pincher:/home/santiago/ros2_ws/phantom_ws/install/phantomx_pincher_moveit_config:/home/santiago/ros2_ws/phantom_ws/install/phantomx_pincher_description:/home/santiago/ros2_ws/phantom_ws/install/phantomx_pincher_demos:/home/santiago/ros2_ws/phantom_ws/install/pincher_control:/opt/ros/humble /usr/bin/cmake --build /home/santiago/ros2_ws/phantom_ws/build/phantomx_pincher_demos -- -j4 -l4
[2.180s] DEBUG:colcon.colcon_core.event_handler.log_command:Invoking command in '/home/santiago/ros2_ws/phantom_ws/build/phantomx_pincher_demos': CMAKE_PREFIX_PATH=/home/santiago/ros2_ws/phantom_ws/install/phantomx_pincher:/home/santiago/ros2_ws/phantom_ws/install/phantomx_pincher_moveit_config:/home/santiago/ros2_ws/phantom_ws/install/phantomx_pincher_description:/home/santiago/ros2_ws/phantom_ws/install/phantomx_pincher_demos:/home/santiago/ros2_ws/phantom_ws/install/pincher_control:/opt/ros/humble /usr/bin/cmake --install /home/santiago/ros2_ws/phantom_ws/build/phantomx_pincher_demos
[2.220s] Level 1:colcon.colcon_core.environment:create_environment_scripts_only(phantomx_pincher_demos)
[2.220s] Level 1:colcon.colcon_core.environment:checking '/home/santiago/ros2_ws/phantom_ws/install/phantomx_pincher_demos' for CMake module files
[2.221s] Level 1:colcon.colcon_core.environment:checking '/home/santiago/ros2_ws/phantom_ws/install/phantomx_pincher_demos' for CMake config files
[2.222s] DEBUG:colcon.colcon_core.event_handler.log_command:Invoked command in '/home/santiago/ros2_ws/phantom_ws/build/phantomx_pincher_demos' returned '0': CMAKE_PREFIX_PATH=/home/santiago/ros2_ws/phantom_ws/install/phantomx_pincher:/home/santiago/ros2_ws/phantom_ws/install/phantomx_pincher_moveit_config:/home/santiago/ros2_ws/phantom_ws/install/phantomx_pincher_description:/home/santiago/ros2_ws/phantom_ws/install/phantomx_pincher_demos:/home/santiago/ros2_ws/phantom_ws/install/pincher_control:/opt/ros/humble /usr/bin/cmake --install /home/santiago/ros2_ws/phantom_ws/build/phantomx_pincher_demos
[2.222s] Level 1:colcon.colcon_core.shell:create_environment_hook('phantomx_pincher_demos', 'cmake_prefix_path')
[2.222s] INFO:colcon.colcon_core.shell:Creating environment hook '/home/santiago/ros2_ws/phantom_ws/install/phantomx_pincher_demos/share/phantomx_pincher_demos/hook/cmake_prefix_path.ps1'
[2.223s] INFO:colcon.colcon_core.shell:Creating environment descriptor '/home/santiago/ros2_ws/phantom_ws/install/phantomx_pincher_demos/share/phantomx_pincher_demos/hook/cmake_prefix_path.dsv'
[2.224s] INFO:colcon.colcon_core.shell:Creating environment hook '/home/santiago/ros2_ws/phantom_ws/install/phantomx_pincher_demos/share/phantomx_pincher_demos/hook/cmake_prefix_path.sh'
[2.226s] Level 1:colcon.colcon_core.environment:checking '/home/santiago/ros2_ws/phantom_ws/install/phantomx_pincher_demos/lib'
[2.226s] Level 1:colcon.colcon_core.environment:checking '/home/santiago/ros2_ws/phantom_ws/install/phantomx_pincher_demos/bin'
[2.226s] Level 1:colcon.colcon_core.environment:checking '/home/santiago/ros2_ws/phantom_ws/install/phantomx_pincher_demos/lib/pkgconfig/phantomx_pincher_demos.pc'
[2.226s] Level 1:colcon.colcon_core.environment:checking '/home/santiago/ros2_ws/phantom_ws/install/phantomx_pincher_demos/lib/python3.10/site-packages'
[2.227s] Level 1:colcon.colcon_core.environment:checking '/home/santiago/ros2_ws/phantom_ws/install/phantomx_pincher_demos/bin'
[2.227s] INFO:colcon.colcon_core.shell:Creating package script '/home/santiago/ros2_ws/phantom_ws/install/phantomx_pincher_demos/share/phantomx_pincher_demos/package.ps1'
[2.228s] INFO:colcon.colcon_core.shell:Creating package descriptor '/home/santiago/ros2_ws/phantom_ws/install/phantomx_pincher_demos/share/phantomx_pincher_demos/package.dsv'
[2.229s] INFO:colcon.colcon_core.shell:Creating package script '/home/santiago/ros2_ws/phantom_ws/install/phantomx_pincher_demos/share/phantomx_pincher_demos/package.sh'
[2.230s] INFO:colcon.colcon_core.shell:Creating package script '/home/santiago/ros2_ws/phantom_ws/install/phantomx_pincher_demos/share/phantomx_pincher_demos/package.bash'
[2.231s] INFO:colcon.colcon_core.shell:Creating package script '/home/santiago/ros2_ws/phantom_ws/install/phantomx_pincher_demos/share/phantomx_pincher_demos/package.zsh'
[2.232s] Level 1:colcon.colcon_core.environment:create_file_with_runtime_dependencies(/home/santiago/ros2_ws/phantom_ws/install/phantomx_pincher_demos/share/colcon-core/packages/phantomx_pincher_demos)
[2.233s] Level 1:colcon.colcon_core.environment:create_environment_scripts_only(phantomx_pincher_demos)
[2.234s] Level 1:colcon.colcon_core.environment:checking '/home/santiago/ros2_ws/phantom_ws/install/phantomx_pincher_demos' for CMake module files
[2.234s] Level 1:colcon.colcon_core.environment:checking '/home/santiago/ros2_ws/phantom_ws/install/phantomx_pincher_demos' for CMake config files
[2.235s] Level 1:colcon.colcon_core.shell:create_environment_hook('phantomx_pincher_demos', 'cmake_prefix_path')
[2.235s] INFO:colcon.colcon_core.shell:Creating environment hook '/home/santiago/ros2_ws/phantom_ws/install/phantomx_pincher_demos/share/phantomx_pincher_demos/hook/cmake_prefix_path.ps1'
[2.236s] INFO:colcon.colcon_core.shell:Creating environment descriptor '/home/santiago/ros2_ws/phantom_ws/install/phantomx_pincher_demos/share/phantomx_pincher_demos/hook/cmake_prefix_path.dsv'
[2.237s] INFO:colcon.colcon_core.shell:Creating environment hook '/home/santiago/ros2_ws/phantom_ws/install/phantomx_pincher_demos/share/phantomx_pincher_demos/hook/cmake_prefix_path.sh'
[2.238s] Level 1:colcon.colcon_core.environment:checking '/home/santiago/ros2_ws/phantom_ws/install/phantomx_pincher_demos/lib'
[2.238s] Level 1:colcon.colcon_core.environment:checking '/home/santiago/ros2_ws/phantom_ws/install/phantomx_pincher_demos/bin'
[2.238s] Level 1:colcon.colcon_core.environment:checking '/home/santiago/ros2_ws/phantom_ws/install/phantomx_pincher_demos/lib/pkgconfig/phantomx_pincher_demos.pc'
[2.238s] Level 1:colcon.colcon_core.environment:checking '/home/santiago/ros2_ws/phantom_ws/install/phantomx_pincher_demos/lib/python3.10/site-packages'
[2.239s] Level 1:colcon.colcon_core.environment:checking '/home/santiago/ros2_ws/phantom_ws/install/phantomx_pincher_demos/bin'
[2.239s] INFO:colcon.colcon_core.shell:Creating package script '/home/santiago/ros2_ws/phantom_ws/install/phantomx_pincher_demos/share/phantomx_pincher_demos/package.ps1'
[2.240s] INFO:colcon.colcon_core.shell:Creating package descriptor '/home/santiago/ros2_ws/phantom_ws/install/phantomx_pincher_demos/share/phantomx_pincher_demos/package.dsv'
[2.240s] INFO:colcon.colcon_core.shell:Creating package script '/home/santiago/ros2_ws/phantom_ws/install/phantomx_pincher_demos/share/phantomx_pincher_demos/package.sh'
[2.241s] INFO:colcon.colcon_core.shell:Creating package script '/home/santiago/ros2_ws/phantom_ws/install/phantomx_pincher_demos/share/phantomx_pincher_demos/package.bash'
[2.242s] INFO:colcon.colcon_core.shell:Creating package script '/home/santiago/ros2_ws/phantom_ws/install/phantomx_pincher_demos/share/phantomx_pincher_demos/package.zsh'
[2.242s] Level 1:colcon.colcon_core.environment:create_file_with_runtime_dependencies(/home/santiago/ros2_ws/phantom_ws/install/phantomx_pincher_demos/share/colcon-core/packages/phantomx_pincher_demos)
[2.342s] Level 1:colcon.colcon_core.environment:checking '/home/santiago/ros2_ws/phantom_ws/install/pincher_control' for CMake module files
[2.343s] Level 1:colcon.colcon_core.environment:checking '/home/santiago/ros2_ws/phantom_ws/install/pincher_control' for CMake config files
[2.346s] DEBUG:colcon.colcon_core.event_handler.log_command:Invoked command in '/home/santiago/ros2_ws/phantom_ws/src/pincher_control' returned '0': PYTHONPATH=/home/santiago/ros2_ws/phantom_ws/build/pincher_control/prefix_override:/usr/lib/python3/dist-packages/colcon_core/task/python/colcon_distutils_commands:/home/santiago/ros2_ws/phantom_ws/install/pincher_control/lib/python3.10/site-packages:${PYTHONPATH} /usr/bin/python3 -W ignore:setup.py install is deprecated -W ignore:easy_install command is deprecated setup.py egg_info --egg-base ../../build/pincher_control build --build-base /home/santiago/ros2_ws/phantom_ws/build/pincher_control/build install --record /home/santiago/ros2_ws/phantom_ws/build/pincher_control/install.log --single-version-externally-managed install_data
[2.346s] Level 1:colcon.colcon_core.environment:checking '/home/santiago/ros2_ws/phantom_ws/install/pincher_control/lib'
[2.347s] Level 1:colcon.colcon_core.environment:checking '/home/santiago/ros2_ws/phantom_ws/install/pincher_control/bin'
[2.347s] Level 1:colcon.colcon_core.environment:checking '/home/santiago/ros2_ws/phantom_ws/install/pincher_control/lib/pkgconfig/pincher_control.pc'
[2.347s] Level 1:colcon.colcon_core.environment:checking '/home/santiago/ros2_ws/phantom_ws/install/pincher_control/lib/python3.10/site-packages'
[2.347s] Level 1:colcon.colcon_core.shell:create_environment_hook('pincher_control', 'pythonpath')
[2.348s] INFO:colcon.colcon_core.shell:Creating environment hook '/home/santiago/ros2_ws/phantom_ws/install/pincher_control/share/pincher_control/hook/pythonpath.ps1'
[2.349s] INFO:colcon.colcon_core.shell:Creating environment descriptor '/home/santiago/ros2_ws/phantom_ws/install/pincher_control/share/pincher_control/hook/pythonpath.dsv'
[2.351s] INFO:colcon.colcon_core.shell:Creating environment hook '/home/santiago/ros2_ws/phantom_ws/install/pincher_control/share/pincher_control/hook/pythonpath.sh'
[2.383s] Level 1:colcon.colcon_core.environment:checking '/home/santiago/ros2_ws/phantom_ws/install/pincher_control/bin'
[2.385s] Level 1:colcon.colcon_core.environment:create_environment_scripts_only(pincher_control)
[2.386s] INFO:colcon.colcon_core.shell:Creating package script '/home/santiago/ros2_ws/phantom_ws/install/pincher_control/share/pincher_control/package.ps1'
[2.393s] INFO:colcon.colcon_core.shell:Creating package descriptor '/home/santiago/ros2_ws/phantom_ws/install/pincher_control/share/pincher_control/package.dsv'
[2.396s] INFO:colcon.colcon_core.shell:Creating package script '/home/santiago/ros2_ws/phantom_ws/install/pincher_control/share/pincher_control/package.sh'
[2.397s] INFO:colcon.colcon_core.shell:Creating package script '/home/santiago/ros2_ws/phantom_ws/install/pincher_control/share/pincher_control/package.bash'
[2.401s] INFO:colcon.colcon_core.shell:Creating package script '/home/santiago/ros2_ws/phantom_ws/install/pincher_control/share/pincher_control/package.zsh'
[2.405s] Level 1:colcon.colcon_core.environment:create_file_with_runtime_dependencies(/home/santiago/ros2_ws/phantom_ws/install/pincher_control/share/colcon-core/packages/pincher_control)
[2.412s] DEBUG:colcon.colcon_parallel_executor.executor.parallel:closing loop
[2.420s] DEBUG:colcon.colcon_parallel_executor.executor.parallel:loop closed
[2.431s] DEBUG:colcon.colcon_parallel_executor.executor.parallel:run_until_complete finished with '0'
[2.443s] DEBUG:colcon.colcon_core.event_reactor:joining thread
[2.502s] INFO:colcon.colcon_core.plugin_system:Skipping extension 'colcon_notification.desktop_notification.terminal_notifier': Not used on non-Darwin systems
[2.503s] INFO:colcon.colcon_core.plugin_system:Skipping extension 'colcon_notification.desktop_notification.win32': Not used on non-Windows systems
[2.503s] INFO:colcon.colcon_notification.desktop_notification:Sending desktop notification using 'notify2'
[2.588s] DEBUG:colcon.colcon_core.event_reactor:joined thread
[2.593s] INFO:colcon.colcon_core.shell:Creating prefix script '/home/santiago/ros2_ws/phantom_ws/install/local_setup.ps1'
[2.602s] INFO:colcon.colcon_core.shell:Creating prefix util module '/home/santiago/ros2_ws/phantom_ws/install/_local_setup_util_ps1.py'
[2.635s] INFO:colcon.colcon_core.shell:Creating prefix chain script '/home/santiago/ros2_ws/phantom_ws/install/setup.ps1'
[2.645s] INFO:colcon.colcon_core.shell:Creating prefix script '/home/santiago/ros2_ws/phantom_ws/install/local_setup.sh'
[2.652s] INFO:colcon.colcon_core.shell:Creating prefix util module '/home/santiago/ros2_ws/phantom_ws/install/_local_setup_util_sh.py'
[2.663s] INFO:colcon.colcon_core.shell:Creating prefix chain script '/home/santiago/ros2_ws/phantom_ws/install/setup.sh'
[2.673s] INFO:colcon.colcon_core.shell:Creating prefix script '/home/santiago/ros2_ws/phantom_ws/install/local_setup.bash'
[2.678s] INFO:colcon.colcon_core.shell:Creating prefix chain script '/home/santiago/ros2_ws/phantom_ws/install/setup.bash'
[2.685s] INFO:colcon.colcon_core.shell:Creating prefix script '/home/santiago/ros2_ws/phantom_ws/install/local_setup.zsh'
[2.689s] INFO:colcon.colcon_core.shell:Creating prefix chain script '/home/santiago/ros2_ws/phantom_ws/install/setup.zsh'
