[0.128s] DEBUG:colcon:Command line arguments: ['/usr/bin/colcon', 'build']
[0.128s] DEBUG:colcon:Parsed command line arguments: Namespace(log_base=None, log_level=None, verb_name='build', build_base='build', install_base='install', merge_install=False, symlink_install=False, test_result_base=None, continue_on_error=False, executor='parallel', parallel_workers=4, event_handlers=None, ignore_user_meta=False, metas=['./colcon.meta'], base_paths=['.'], packages_ignore=None, packages_ignore_regex=None, paths=None, packages_up_to=None, packages_up_to_regex=None, packages_above=None, packages_above_and_dependencies=None, packages_above_depth=None, packages_select_by_dep=None, packages_skip_by_dep=None, packages_skip_up_to=None, packages_select_build_failed=False, packages_skip_build_finished=False, packages_select_test_failures=False, packages_skip_test_passed=False, packages_select=None, packages_skip=None, packages_select_regex=None, packages_skip_regex=None, packages_start=None, packages_end=None, allow_overriding=[], cmake_args=None, cmake_target=None, cmake_target_skip_unavailable=False, cmake_clean_cache=False, cmake_clean_first=False, cmake_force_configure=False, ament_cmake_args=None, catkin_cmake_args=None, catkin_skip_building_tests=False, verb_parser=<colcon_defaults.argument_parser.defaults.DefaultArgumentsDecorator object at 0x77f9ecf50340>, verb_extension=<colcon_core.verb.build.BuildVerb object at 0x77f9ecf1f2e0>, main=<bound method BuildVerb.main of <colcon_core.verb.build.BuildVerb object at 0x77f9ecf1f2e0>>)
[0.299s] Level 1:colcon.colcon_core.package_discovery:discover_packages(colcon_meta) check parameters
[0.299s] Level 1:colcon.colcon_core.package_discovery:discover_packages(recursive) check parameters
[0.299s] Level 1:colcon.colcon_core.package_discovery:discover_packages(ignore) check parameters
[0.299s] Level 1:colcon.colcon_core.package_discovery:discover_packages(path) check parameters
[0.299s] Level 1:colcon.colcon_core.package_discovery:discover_packages(colcon_meta) discover
[0.299s] Level 1:colcon.colcon_core.package_discovery:discover_packages(recursive) discover
[0.299s] INFO:colcon.colcon_core.package_discovery:Crawling recursively for packages in '/home/santiago/ros2_ws/phantom_ws'
[0.299s] Level 1:colcon.colcon_core.package_identification:_identify(.) by extensions ['ignore', 'ignore_ament_install']
[0.299s] Level 1:colcon.colcon_core.package_identification:_identify(.) by extension 'ignore'
[0.299s] Level 1:colcon.colcon_core.package_identification:_identify(.) by extension 'ignore_ament_install'
[0.299s] Level 1:colcon.colcon_core.package_identification:_identify(.) by extensions ['colcon_pkg']
[0.299s] Level 1:colcon.colcon_core.package_identification:_identify(.) by extension 'colcon_pkg'
[0.299s] Level 1:colcon.colcon_core.package_identification:_identify(.) by extensions ['colcon_meta']
[0.299s] Level 1:colcon.colcon_core.package_identification:_identify(.) by extension 'colcon_meta'
[0.299s] Level 1:colcon.colcon_core.package_identification:_identify(.) by extensions ['ros']
[0.299s] Level 1:colcon.colcon_core.package_identification:_identify(.) by extension 'ros'
[0.314s] Level 1:colcon.colcon_core.package_identification:_identify(.) by extensions ['cmake', 'python']
[0.314s] Level 1:colcon.colcon_core.package_identification:_identify(.) by extension 'cmake'
[0.314s] Level 1:colcon.colcon_core.package_identification:_identify(.) by extension 'python'
[0.314s] Level 1:colcon.colcon_core.package_identification:_identify(.) by extensions ['python_setup_py']
[0.314s] Level 1:colcon.colcon_core.package_identification:_identify(.) by extension 'python_setup_py'
[0.315s] Level 1:colcon.colcon_core.package_identification:_identify(build) by extensions ['ignore', 'ignore_ament_install']
[0.315s] Level 1:colcon.colcon_core.package_identification:_identify(build) by extension 'ignore'
[0.315s] Level 1:colcon.colcon_core.package_identification:_identify(build) ignored
[0.315s] Level 1:colcon.colcon_core.package_identification:_identify(install) by extensions ['ignore', 'ignore_ament_install']
[0.315s] Level 1:colcon.colcon_core.package_identification:_identify(install) by extension 'ignore'
[0.315s] Level 1:colcon.colcon_core.package_identification:_identify(install) ignored
[0.316s] Level 1:colcon.colcon_core.package_identification:_identify(log) by extensions ['ignore', 'ignore_ament_install']
[0.316s] Level 1:colcon.colcon_core.package_identification:_identify(log) by extension 'ignore'
[0.316s] Level 1:colcon.colcon_core.package_identification:_identify(log) ignored
[0.316s] Level 1:colcon.colcon_core.package_identification:_identify(src) by extensions ['ignore', 'ignore_ament_install']
[0.316s] Level 1:colcon.colcon_core.package_identification:_identify(src) by extension 'ignore'
[0.316s] Level 1:colcon.colcon_core.package_identification:_identify(src) by extension 'ignore_ament_install'
[0.316s] Level 1:colcon.colcon_core.package_identification:_identify(src) by extensions ['colcon_pkg']
[0.316s] Level 1:colcon.colcon_core.package_identification:_identify(src) by extension 'colcon_pkg'
[0.316s] Level 1:colcon.colcon_core.package_identification:_identify(src) by extensions ['colcon_meta']
[0.316s] Level 1:colcon.colcon_core.package_identification:_identify(src) by extension 'colcon_meta'
[0.316s] Level 1:colcon.colcon_core.package_identification:_identify(src) by extensions ['ros']
[0.316s] Level 1:colcon.colcon_core.package_identification:_identify(src) by extension 'ros'
[0.317s] Level 1:colcon.colcon_core.package_identification:_identify(src) by extensions ['cmake', 'python']
[0.317s] Level 1:colcon.colcon_core.package_identification:_identify(src) by extension 'cmake'
[0.317s] Level 1:colcon.colcon_core.package_identification:_identify(src) by extension 'python'
[0.317s] Level 1:colcon.colcon_core.package_identification:_identify(src) by extensions ['python_setup_py']
[0.317s] Level 1:colcon.colcon_core.package_identification:_identify(src) by extension 'python_setup_py'
[0.317s] Level 1:colcon.colcon_core.package_identification:_identify(src/build) by extensions ['ignore', 'ignore_ament_install']
[0.317s] Level 1:colcon.colcon_core.package_identification:_identify(src/build) by extension 'ignore'
[0.317s] Level 1:colcon.colcon_core.package_identification:_identify(src/build) ignored
[0.317s] Level 1:colcon.colcon_core.package_identification:_identify(src/install) by extensions ['ignore', 'ignore_ament_install']
[0.317s] Level 1:colcon.colcon_core.package_identification:_identify(src/install) by extension 'ignore'
[0.317s] Level 1:colcon.colcon_core.package_identification:_identify(src/install) ignored
[0.318s] Level 1:colcon.colcon_core.package_identification:_identify(src/log) by extensions ['ignore', 'ignore_ament_install']
[0.318s] Level 1:colcon.colcon_core.package_identification:_identify(src/log) by extension 'ignore'
[0.318s] Level 1:colcon.colcon_core.package_identification:_identify(src/log) ignored
[0.318s] Level 1:colcon.colcon_core.package_identification:_identify(src/phantomx_pincher) by extensions ['ignore', 'ignore_ament_install']
[0.318s] Level 1:colcon.colcon_core.package_identification:_identify(src/phantomx_pincher) by extension 'ignore'
[0.318s] Level 1:colcon.colcon_core.package_identification:_identify(src/phantomx_pincher) by extension 'ignore_ament_install'
[0.318s] Level 1:colcon.colcon_core.package_identification:_identify(src/phantomx_pincher) by extensions ['colcon_pkg']
[0.318s] Level 1:colcon.colcon_core.package_identification:_identify(src/phantomx_pincher) by extension 'colcon_pkg'
[0.318s] Level 1:colcon.colcon_core.package_identification:_identify(src/phantomx_pincher) by extensions ['colcon_meta']
[0.318s] Level 1:colcon.colcon_core.package_identification:_identify(src/phantomx_pincher) by extension 'colcon_meta'
[0.318s] Level 1:colcon.colcon_core.package_identification:_identify(src/phantomx_pincher) by extensions ['ros']
[0.318s] Level 1:colcon.colcon_core.package_identification:_identify(src/phantomx_pincher) by extension 'ros'
[0.318s] Level 1:colcon.colcon_core.package_identification:_identify(src/phantomx_pincher) by extensions ['cmake', 'python']
[0.318s] Level 1:colcon.colcon_core.package_identification:_identify(src/phantomx_pincher) by extension 'cmake'
[0.319s] Level 1:colcon.colcon_core.package_identification:_identify(src/phantomx_pincher) by extension 'python'
[0.319s] Level 1:colcon.colcon_core.package_identification:_identify(src/phantomx_pincher) by extensions ['python_setup_py']
[0.319s] Level 1:colcon.colcon_core.package_identification:_identify(src/phantomx_pincher) by extension 'python_setup_py'
[0.319s] Level 1:colcon.colcon_core.package_identification:_identify(src/phantomx_pincher/phantomx_pincher) by extensions ['ignore', 'ignore_ament_install']
[0.319s] Level 1:colcon.colcon_core.package_identification:_identify(src/phantomx_pincher/phantomx_pincher) by extension 'ignore'
[0.319s] Level 1:colcon.colcon_core.package_identification:_identify(src/phantomx_pincher/phantomx_pincher) by extension 'ignore_ament_install'
[0.319s] Level 1:colcon.colcon_core.package_identification:_identify(src/phantomx_pincher/phantomx_pincher) by extensions ['colcon_pkg']
[0.319s] Level 1:colcon.colcon_core.package_identification:_identify(src/phantomx_pincher/phantomx_pincher) by extension 'colcon_pkg'
[0.319s] Level 1:colcon.colcon_core.package_identification:_identify(src/phantomx_pincher/phantomx_pincher) by extensions ['colcon_meta']
[0.319s] Level 1:colcon.colcon_core.package_identification:_identify(src/phantomx_pincher/phantomx_pincher) by extension 'colcon_meta'
[0.319s] Level 1:colcon.colcon_core.package_identification:_identify(src/phantomx_pincher/phantomx_pincher) by extensions ['ros']
[0.319s] Level 1:colcon.colcon_core.package_identification:_identify(src/phantomx_pincher/phantomx_pincher) by extension 'ros'
[0.323s] DEBUG:colcon.colcon_core.package_identification:Package 'src/phantomx_pincher/phantomx_pincher' with type 'ros.ament_cmake' and name 'phantomx_pincher'
[0.323s] Level 1:colcon.colcon_core.package_identification:_identify(src/phantomx_pincher/phantomx_pincher_demos) by extensions ['ignore', 'ignore_ament_install']
[0.323s] Level 1:colcon.colcon_core.package_identification:_identify(src/phantomx_pincher/phantomx_pincher_demos) by extension 'ignore'
[0.323s] Level 1:colcon.colcon_core.package_identification:_identify(src/phantomx_pincher/phantomx_pincher_demos) by extension 'ignore_ament_install'
[0.323s] Level 1:colcon.colcon_core.package_identification:_identify(src/phantomx_pincher/phantomx_pincher_demos) by extensions ['colcon_pkg']
[0.323s] Level 1:colcon.colcon_core.package_identification:_identify(src/phantomx_pincher/phantomx_pincher_demos) by extension 'colcon_pkg'
[0.323s] Level 1:colcon.colcon_core.package_identification:_identify(src/phantomx_pincher/phantomx_pincher_demos) by extensions ['colcon_meta']
[0.323s] Level 1:colcon.colcon_core.package_identification:_identify(src/phantomx_pincher/phantomx_pincher_demos) by extension 'colcon_meta'
[0.323s] Level 1:colcon.colcon_core.package_identification:_identify(src/phantomx_pincher/phantomx_pincher_demos) by extensions ['ros']
[0.323s] Level 1:colcon.colcon_core.package_identification:_identify(src/phantomx_pincher/phantomx_pincher_demos) by extension 'ros'
[0.324s] DEBUG:colcon.colcon_core.package_identification:Package 'src/phantomx_pincher/phantomx_pincher_demos' with type 'ros.ament_cmake' and name 'phantomx_pincher_demos'
[0.324s] Level 1:colcon.colcon_core.package_identification:_identify(src/phantomx_pincher/phantomx_pincher_description) by extensions ['ignore', 'ignore_ament_install']
[0.324s] Level 1:colcon.colcon_core.package_identification:_identify(src/phantomx_pincher/phantomx_pincher_description) by extension 'ignore'
[0.324s] Level 1:colcon.colcon_core.package_identification:_identify(src/phantomx_pincher/phantomx_pincher_description) by extension 'ignore_ament_install'
[0.324s] Level 1:colcon.colcon_core.package_identification:_identify(src/phantomx_pincher/phantomx_pincher_description) by extensions ['colcon_pkg']
[0.324s] Level 1:colcon.colcon_core.package_identification:_identify(src/phantomx_pincher/phantomx_pincher_description) by extension 'colcon_pkg'
[0.324s] Level 1:colcon.colcon_core.package_identification:_identify(src/phantomx_pincher/phantomx_pincher_description) by extensions ['colcon_meta']
[0.324s] Level 1:colcon.colcon_core.package_identification:_identify(src/phantomx_pincher/phantomx_pincher_description) by extension 'colcon_meta'
[0.324s] Level 1:colcon.colcon_core.package_identification:_identify(src/phantomx_pincher/phantomx_pincher_description) by extensions ['ros']
[0.324s] Level 1:colcon.colcon_core.package_identification:_identify(src/phantomx_pincher/phantomx_pincher_description) by extension 'ros'
[0.325s] DEBUG:colcon.colcon_core.package_identification:Package 'src/phantomx_pincher/phantomx_pincher_description' with type 'ros.ament_cmake' and name 'phantomx_pincher_description'
[0.325s] Level 1:colcon.colcon_core.package_identification:_identify(src/phantomx_pincher/phantomx_pincher_moveit_config) by extensions ['ignore', 'ignore_ament_install']
[0.325s] Level 1:colcon.colcon_core.package_identification:_identify(src/phantomx_pincher/phantomx_pincher_moveit_config) by extension 'ignore'
[0.325s] Level 1:colcon.colcon_core.package_identification:_identify(src/phantomx_pincher/phantomx_pincher_moveit_config) by extension 'ignore_ament_install'
[0.325s] Level 1:colcon.colcon_core.package_identification:_identify(src/phantomx_pincher/phantomx_pincher_moveit_config) by extensions ['colcon_pkg']
[0.325s] Level 1:colcon.colcon_core.package_identification:_identify(src/phantomx_pincher/phantomx_pincher_moveit_config) by extension 'colcon_pkg'
[0.325s] Level 1:colcon.colcon_core.package_identification:_identify(src/phantomx_pincher/phantomx_pincher_moveit_config) by extensions ['colcon_meta']
[0.325s] Level 1:colcon.colcon_core.package_identification:_identify(src/phantomx_pincher/phantomx_pincher_moveit_config) by extension 'colcon_meta'
[0.325s] Level 1:colcon.colcon_core.package_identification:_identify(src/phantomx_pincher/phantomx_pincher_moveit_config) by extensions ['ros']
[0.325s] Level 1:colcon.colcon_core.package_identification:_identify(src/phantomx_pincher/phantomx_pincher_moveit_config) by extension 'ros'
[0.326s] DEBUG:colcon.colcon_core.package_identification:Package 'src/phantomx_pincher/phantomx_pincher_moveit_config' with type 'ros.ament_cmake' and name 'phantomx_pincher_moveit_config'
[0.326s] Level 1:colcon.colcon_core.package_identification:_identify(src/pincher_control) by extensions ['ignore', 'ignore_ament_install']
[0.326s] Level 1:colcon.colcon_core.package_identification:_identify(src/pincher_control) by extension 'ignore'
[0.326s] Level 1:colcon.colcon_core.package_identification:_identify(src/pincher_control) by extension 'ignore_ament_install'
[0.326s] Level 1:colcon.colcon_core.package_identification:_identify(src/pincher_control) by extensions ['colcon_pkg']
[0.326s] Level 1:colcon.colcon_core.package_identification:_identify(src/pincher_control) by extension 'colcon_pkg'
[0.326s] Level 1:colcon.colcon_core.package_identification:_identify(src/pincher_control) by extensions ['colcon_meta']
[0.326s] Level 1:colcon.colcon_core.package_identification:_identify(src/pincher_control) by extension 'colcon_meta'
[0.326s] Level 1:colcon.colcon_core.package_identification:_identify(src/pincher_control) by extensions ['ros']
[0.326s] Level 1:colcon.colcon_core.package_identification:_identify(src/pincher_control) by extension 'ros'
[0.327s] DEBUG:colcon.colcon_core.package_identification:Package 'src/pincher_control' with type 'ros.ament_python' and name 'pincher_control'
[0.327s] Level 1:colcon.colcon_core.package_discovery:discover_packages(recursive) using defaults
[0.327s] Level 1:colcon.colcon_core.package_discovery:discover_packages(ignore) discover
[0.327s] Level 1:colcon.colcon_core.package_discovery:discover_packages(ignore) using defaults
[0.327s] Level 1:colcon.colcon_core.package_discovery:discover_packages(path) discover
[0.327s] Level 1:colcon.colcon_core.package_discovery:discover_packages(path) using defaults
[0.367s] Level 1:colcon.colcon_core.package_discovery:discover_packages(prefix_path) check parameters
[0.367s] Level 1:colcon.colcon_core.package_discovery:discover_packages(prefix_path) discover
[0.371s] DEBUG:colcon.colcon_installed_package_information.package_discovery:Found 5 installed packages in /home/santiago/ros2_ws/phantom_ws/install
[0.374s] DEBUG:colcon.colcon_installed_package_information.package_discovery:Found 296 installed packages in /opt/ros/humble
[0.376s] Level 1:colcon.colcon_core.package_discovery:discover_packages(prefix_path) using defaults
[0.425s] Level 5:colcon.colcon_core.verb:set package 'phantomx_pincher_description' build argument 'cmake_args' from command line to 'None'
[0.425s] Level 5:colcon.colcon_core.verb:set package 'phantomx_pincher_description' build argument 'cmake_target' from command line to 'None'
[0.425s] Level 5:colcon.colcon_core.verb:set package 'phantomx_pincher_description' build argument 'cmake_target_skip_unavailable' from command line to 'False'
[0.425s] Level 5:colcon.colcon_core.verb:set package 'phantomx_pincher_description' build argument 'cmake_clean_cache' from command line to 'False'
[0.425s] Level 5:colcon.colcon_core.verb:set package 'phantomx_pincher_description' build argument 'cmake_clean_first' from command line to 'False'
[0.425s] Level 5:colcon.colcon_core.verb:set package 'phantomx_pincher_description' build argument 'cmake_force_configure' from command line to 'False'
[0.425s] Level 5:colcon.colcon_core.verb:set package 'phantomx_pincher_description' build argument 'ament_cmake_args' from command line to 'None'
[0.425s] Level 5:colcon.colcon_core.verb:set package 'phantomx_pincher_description' build argument 'catkin_cmake_args' from command line to 'None'
[0.425s] Level 5:colcon.colcon_core.verb:set package 'phantomx_pincher_description' build argument 'catkin_skip_building_tests' from command line to 'False'
[0.425s] DEBUG:colcon.colcon_core.verb:Building package 'phantomx_pincher_description' with the following arguments: {'ament_cmake_args': None, 'build_base': '/home/santiago/ros2_ws/phantom_ws/build/phantomx_pincher_description', 'catkin_cmake_args': None, 'catkin_skip_building_tests': False, 'cmake_args': None, 'cmake_clean_cache': False, 'cmake_clean_first': False, 'cmake_force_configure': False, 'cmake_target': None, 'cmake_target_skip_unavailable': False, 'install_base': '/home/santiago/ros2_ws/phantom_ws/install/phantomx_pincher_description', 'merge_install': False, 'path': '/home/santiago/ros2_ws/phantom_ws/src/phantomx_pincher/phantomx_pincher_description', 'symlink_install': False, 'test_result_base': None}
[0.425s] Level 5:colcon.colcon_core.verb:set package 'pincher_control' build argument 'cmake_args' from command line to 'None'
[0.425s] Level 5:colcon.colcon_core.verb:set package 'pincher_control' build argument 'cmake_target' from command line to 'None'
[0.425s] Level 5:colcon.colcon_core.verb:set package 'pincher_control' build argument 'cmake_target_skip_unavailable' from command line to 'False'
[0.425s] Level 5:colcon.colcon_core.verb:set package 'pincher_control' build argument 'cmake_clean_cache' from command line to 'False'
[0.425s] Level 5:colcon.colcon_core.verb:set package 'pincher_control' build argument 'cmake_clean_first' from command line to 'False'
[0.425s] Level 5:colcon.colcon_core.verb:set package 'pincher_control' build argument 'cmake_force_configure' from command line to 'False'
[0.425s] Level 5:colcon.colcon_core.verb:set package 'pincher_control' build argument 'ament_cmake_args' from command line to 'None'
[0.425s] Level 5:colcon.colcon_core.verb:set package 'pincher_control' build argument 'catkin_cmake_args' from command line to 'None'
[0.425s] Level 5:colcon.colcon_core.verb:set package 'pincher_control' build argument 'catkin_skip_building_tests' from command line to 'False'
[0.425s] DEBUG:colcon.colcon_core.verb:Building package 'pincher_control' with the following arguments: {'ament_cmake_args': None, 'build_base': '/home/santiago/ros2_ws/phantom_ws/build/pincher_control', 'catkin_cmake_args': None, 'catkin_skip_building_tests': False, 'cmake_args': None, 'cmake_clean_cache': False, 'cmake_clean_first': False, 'cmake_force_configure': False, 'cmake_target': None, 'cmake_target_skip_unavailable': False, 'install_base': '/home/santiago/ros2_ws/phantom_ws/install/pincher_control', 'merge_install': False, 'path': '/home/santiago/ros2_ws/phantom_ws/src/pincher_control', 'symlink_install': False, 'test_result_base': None}
[0.426s] Level 5:colcon.colcon_core.verb:set package 'phantomx_pincher_moveit_config' build argument 'cmake_args' from command line to 'None'
[0.426s] Level 5:colcon.colcon_core.verb:set package 'phantomx_pincher_moveit_config' build argument 'cmake_target' from command line to 'None'
[0.426s] Level 5:colcon.colcon_core.verb:set package 'phantomx_pincher_moveit_config' build argument 'cmake_target_skip_unavailable' from command line to 'False'
[0.426s] Level 5:colcon.colcon_core.verb:set package 'phantomx_pincher_moveit_config' build argument 'cmake_clean_cache' from command line to 'False'
[0.426s] Level 5:colcon.colcon_core.verb:set package 'phantomx_pincher_moveit_config' build argument 'cmake_clean_first' from command line to 'False'
[0.426s] Level 5:colcon.colcon_core.verb:set package 'phantomx_pincher_moveit_config' build argument 'cmake_force_configure' from command line to 'False'
[0.426s] Level 5:colcon.colcon_core.verb:set package 'phantomx_pincher_moveit_config' build argument 'ament_cmake_args' from command line to 'None'
[0.426s] Level 5:colcon.colcon_core.verb:set package 'phantomx_pincher_moveit_config' build argument 'catkin_cmake_args' from command line to 'None'
[0.426s] Level 5:colcon.colcon_core.verb:set package 'phantomx_pincher_moveit_config' build argument 'catkin_skip_building_tests' from command line to 'False'
[0.426s] DEBUG:colcon.colcon_core.verb:Building package 'phantomx_pincher_moveit_config' with the following arguments: {'ament_cmake_args': None, 'build_base': '/home/santiago/ros2_ws/phantom_ws/build/phantomx_pincher_moveit_config', 'catkin_cmake_args': None, 'catkin_skip_building_tests': False, 'cmake_args': None, 'cmake_clean_cache': False, 'cmake_clean_first': False, 'cmake_force_configure': False, 'cmake_target': None, 'cmake_target_skip_unavailable': False, 'install_base': '/home/santiago/ros2_ws/phantom_ws/install/phantomx_pincher_moveit_config', 'merge_install': False, 'path': '/home/santiago/ros2_ws/phantom_ws/src/phantomx_pincher/phantomx_pincher_moveit_config', 'symlink_install': False, 'test_result_base': None}
[0.426s] Level 5:colcon.colcon_core.verb:set package 'phantomx_pincher' build argument 'cmake_args' from command line to 'None'
[0.426s] Level 5:colcon.colcon_core.verb:set package 'phantomx_pincher' build argument 'cmake_target' from command line to 'None'
[0.426s] Level 5:colcon.colcon_core.verb:set package 'phantomx_pincher' build argument 'cmake_target_skip_unavailable' from command line to 'False'
[0.426s] Level 5:colcon.colcon_core.verb:set package 'phantomx_pincher' build argument 'cmake_clean_cache' from command line to 'False'
[0.426s] Level 5:colcon.colcon_core.verb:set package 'phantomx_pincher' build argument 'cmake_clean_first' from command line to 'False'
[0.426s] Level 5:colcon.colcon_core.verb:set package 'phantomx_pincher' build argument 'cmake_force_configure' from command line to 'False'
[0.426s] Level 5:colcon.colcon_core.verb:set package 'phantomx_pincher' build argument 'ament_cmake_args' from command line to 'None'
[0.426s] Level 5:colcon.colcon_core.verb:set package 'phantomx_pincher' build argument 'catkin_cmake_args' from command line to 'None'
[0.426s] Level 5:colcon.colcon_core.verb:set package 'phantomx_pincher' build argument 'catkin_skip_building_tests' from command line to 'False'
[0.426s] DEBUG:colcon.colcon_core.verb:Building package 'phantomx_pincher' with the following arguments: {'ament_cmake_args': None, 'build_base': '/home/santiago/ros2_ws/phantom_ws/build/phantomx_pincher', 'catkin_cmake_args': None, 'catkin_skip_building_tests': False, 'cmake_args': None, 'cmake_clean_cache': False, 'cmake_clean_first': False, 'cmake_force_configure': False, 'cmake_target': None, 'cmake_target_skip_unavailable': False, 'install_base': '/home/santiago/ros2_ws/phantom_ws/install/phantomx_pincher', 'merge_install': False, 'path': '/home/santiago/ros2_ws/phantom_ws/src/phantomx_pincher/phantomx_pincher', 'symlink_install': False, 'test_result_base': None}
[0.426s] Level 5:colcon.colcon_core.verb:set package 'phantomx_pincher_demos' build argument 'cmake_args' from command line to 'None'
[0.426s] Level 5:colcon.colcon_core.verb:set package 'phantomx_pincher_demos' build argument 'cmake_target' from command line to 'None'
[0.426s] Level 5:colcon.colcon_core.verb:set package 'phantomx_pincher_demos' build argument 'cmake_target_skip_unavailable' from command line to 'False'
[0.426s] Level 5:colcon.colcon_core.verb:set package 'phantomx_pincher_demos' build argument 'cmake_clean_cache' from command line to 'False'
[0.426s] Level 5:colcon.colcon_core.verb:set package 'phantomx_pincher_demos' build argument 'cmake_clean_first' from command line to 'False'
[0.426s] Level 5:colcon.colcon_core.verb:set package 'phantomx_pincher_demos' build argument 'cmake_force_configure' from command line to 'False'
[0.426s] Level 5:colcon.colcon_core.verb:set package 'phantomx_pincher_demos' build argument 'ament_cmake_args' from command line to 'None'
[0.426s] Level 5:colcon.colcon_core.verb:set package 'phantomx_pincher_demos' build argument 'catkin_cmake_args' from command line to 'None'
[0.426s] Level 5:colcon.colcon_core.verb:set package 'phantomx_pincher_demos' build argument 'catkin_skip_building_tests' from command line to 'False'
[0.427s] DEBUG:colcon.colcon_core.verb:Building package 'phantomx_pincher_demos' with the following arguments: {'ament_cmake_args': None, 'build_base': '/home/santiago/ros2_ws/phantom_ws/build/phantomx_pincher_demos', 'catkin_cmake_args': None, 'catkin_skip_building_tests': False, 'cmake_args': None, 'cmake_clean_cache': False, 'cmake_clean_first': False, 'cmake_force_configure': False, 'cmake_target': None, 'cmake_target_skip_unavailable': False, 'install_base': '/home/santiago/ros2_ws/phantom_ws/install/phantomx_pincher_demos', 'merge_install': False, 'path': '/home/santiago/ros2_ws/phantom_ws/src/phantomx_pincher/phantomx_pincher_demos', 'symlink_install': False, 'test_result_base': None}
[0.427s] INFO:colcon.colcon_core.executor:Executing jobs using 'parallel' executor
[0.429s] DEBUG:colcon.colcon_parallel_executor.executor.parallel:run_until_complete
[0.429s] INFO:colcon.colcon_ros.task.ament_cmake.build:Building ROS package in '/home/santiago/ros2_ws/phantom_ws/src/phantomx_pincher/phantomx_pincher_description' with build type 'ament_cmake'
[0.429s] INFO:colcon.colcon_cmake.task.cmake.build:Building CMake package in '/home/santiago/ros2_ws/phantom_ws/src/phantomx_pincher/phantomx_pincher_description'
[0.432s] INFO:colcon.colcon_core.plugin_system:Skipping extension 'colcon_core.shell.bat': Not used on non-Windows systems
[0.432s] INFO:colcon.colcon_core.shell:Skip shell extension 'powershell' for command environment: Not usable outside of PowerShell
[0.432s] DEBUG:colcon.colcon_core.shell:Skip shell extension 'dsv' for command environment
[0.436s] INFO:colcon.colcon_ros.task.ament_python.build:Building ROS package in '/home/santiago/ros2_ws/phantom_ws/src/pincher_control' with build type 'ament_python'
[0.437s] Level 1:colcon.colcon_core.shell:create_environment_hook('pincher_control', 'ament_prefix_path')
[0.437s] INFO:colcon.colcon_core.shell:Creating environment hook '/home/santiago/ros2_ws/phantom_ws/install/pincher_control/share/pincher_control/hook/ament_prefix_path.ps1'
[0.439s] INFO:colcon.colcon_core.shell:Creating environment descriptor '/home/santiago/ros2_ws/phantom_ws/install/pincher_control/share/pincher_control/hook/ament_prefix_path.dsv'
[0.440s] INFO:colcon.colcon_core.shell:Creating environment hook '/home/santiago/ros2_ws/phantom_ws/install/pincher_control/share/pincher_control/hook/ament_prefix_path.sh'
[0.441s] INFO:colcon.colcon_core.shell:Skip shell extension 'powershell' for command environment: Not usable outside of PowerShell
[0.441s] DEBUG:colcon.colcon_core.shell:Skip shell extension 'dsv' for command environment
[0.459s] DEBUG:colcon.colcon_core.event_handler.log_command:Invoking command in '/home/santiago/ros2_ws/phantom_ws/build/phantomx_pincher_description': CMAKE_PREFIX_PATH=${CMAKE_PREFIX_PATH}:/home/santiago/ros2_ws/phantom_ws/install/pincher_control:/opt/ros/humble /usr/bin/cmake --build /home/santiago/ros2_ws/phantom_ws/build/phantomx_pincher_description -- -j4 -l4
[0.726s] INFO:colcon.colcon_core.task.python.build:Building Python package in '/home/santiago/ros2_ws/phantom_ws/src/pincher_control'
[0.726s] INFO:colcon.colcon_core.shell:Skip shell extension 'powershell' for command environment: Not usable outside of PowerShell
[0.726s] DEBUG:colcon.colcon_core.shell:Skip shell extension 'dsv' for command environment
[0.733s] DEBUG:colcon.colcon_core.event_handler.log_command:Invoked command in '/home/santiago/ros2_ws/phantom_ws/build/phantomx_pincher_description' returned '0': CMAKE_PREFIX_PATH=${CMAKE_PREFIX_PATH}:/home/santiago/ros2_ws/phantom_ws/install/pincher_control:/opt/ros/humble /usr/bin/cmake --build /home/santiago/ros2_ws/phantom_ws/build/phantomx_pincher_description -- -j4 -l4
[0.756s] DEBUG:colcon.colcon_core.event_handler.log_command:Invoking command in '/home/santiago/ros2_ws/phantom_ws/build/phantomx_pincher_description': CMAKE_PREFIX_PATH=${CMAKE_PREFIX_PATH}:/home/santiago/ros2_ws/phantom_ws/install/pincher_control:/opt/ros/humble /usr/bin/cmake --install /home/santiago/ros2_ws/phantom_ws/build/phantomx_pincher_description
[0.771s] Level 1:colcon.colcon_core.environment:create_environment_scripts_only(phantomx_pincher_description)
[0.773s] Level 1:colcon.colcon_core.environment:checking '/home/santiago/ros2_ws/phantom_ws/install/phantomx_pincher_description' for CMake module files
[0.774s] Level 1:colcon.colcon_core.environment:checking '/home/santiago/ros2_ws/phantom_ws/install/phantomx_pincher_description' for CMake config files
[0.774s] DEBUG:colcon.colcon_core.event_handler.log_command:Invoked command in '/home/santiago/ros2_ws/phantom_ws/build/phantomx_pincher_description' returned '0': CMAKE_PREFIX_PATH=${CMAKE_PREFIX_PATH}:/home/santiago/ros2_ws/phantom_ws/install/pincher_control:/opt/ros/humble /usr/bin/cmake --install /home/santiago/ros2_ws/phantom_ws/build/phantomx_pincher_description
[0.774s] Level 1:colcon.colcon_core.shell:create_environment_hook('phantomx_pincher_description', 'cmake_prefix_path')
[0.775s] INFO:colcon.colcon_core.shell:Creating environment hook '/home/santiago/ros2_ws/phantom_ws/install/phantomx_pincher_description/share/phantomx_pincher_description/hook/cmake_prefix_path.ps1'
[0.775s] INFO:colcon.colcon_core.shell:Creating environment descriptor '/home/santiago/ros2_ws/phantom_ws/install/phantomx_pincher_description/share/phantomx_pincher_description/hook/cmake_prefix_path.dsv'
[0.776s] INFO:colcon.colcon_core.shell:Creating environment hook '/home/santiago/ros2_ws/phantom_ws/install/phantomx_pincher_description/share/phantomx_pincher_description/hook/cmake_prefix_path.sh'
[0.777s] Level 1:colcon.colcon_core.environment:checking '/home/santiago/ros2_ws/phantom_ws/install/phantomx_pincher_description/lib'
[0.778s] Level 1:colcon.colcon_core.environment:checking '/home/santiago/ros2_ws/phantom_ws/install/phantomx_pincher_description/bin'
[0.778s] Level 1:colcon.colcon_core.environment:checking '/home/santiago/ros2_ws/phantom_ws/install/phantomx_pincher_description/lib/pkgconfig/phantomx_pincher_description.pc'
[0.778s] Level 1:colcon.colcon_core.environment:checking '/home/santiago/ros2_ws/phantom_ws/install/phantomx_pincher_description/lib/python3.10/site-packages'
[0.778s] Level 1:colcon.colcon_core.environment:checking '/home/santiago/ros2_ws/phantom_ws/install/phantomx_pincher_description/bin'
[0.778s] INFO:colcon.colcon_core.shell:Creating package script '/home/santiago/ros2_ws/phantom_ws/install/phantomx_pincher_description/share/phantomx_pincher_description/package.ps1'
[0.779s] INFO:colcon.colcon_core.shell:Creating package descriptor '/home/santiago/ros2_ws/phantom_ws/install/phantomx_pincher_description/share/phantomx_pincher_description/package.dsv'
[0.780s] INFO:colcon.colcon_core.shell:Creating package script '/home/santiago/ros2_ws/phantom_ws/install/phantomx_pincher_description/share/phantomx_pincher_description/package.sh'
[0.781s] INFO:colcon.colcon_core.shell:Creating package script '/home/santiago/ros2_ws/phantom_ws/install/phantomx_pincher_description/share/phantomx_pincher_description/package.bash'
[0.782s] INFO:colcon.colcon_core.shell:Creating package script '/home/santiago/ros2_ws/phantom_ws/install/phantomx_pincher_description/share/phantomx_pincher_description/package.zsh'
[0.783s] Level 1:colcon.colcon_core.environment:create_file_with_runtime_dependencies(/home/santiago/ros2_ws/phantom_ws/install/phantomx_pincher_description/share/colcon-core/packages/phantomx_pincher_description)
[0.784s] Level 1:colcon.colcon_core.environment:create_environment_scripts_only(phantomx_pincher_description)
[0.784s] Level 1:colcon.colcon_core.environment:checking '/home/santiago/ros2_ws/phantom_ws/install/phantomx_pincher_description' for CMake module files
[0.784s] Level 1:colcon.colcon_core.environment:checking '/home/santiago/ros2_ws/phantom_ws/install/phantomx_pincher_description' for CMake config files
[0.784s] Level 1:colcon.colcon_core.shell:create_environment_hook('phantomx_pincher_description', 'cmake_prefix_path')
[0.785s] INFO:colcon.colcon_core.shell:Creating environment hook '/home/santiago/ros2_ws/phantom_ws/install/phantomx_pincher_description/share/phantomx_pincher_description/hook/cmake_prefix_path.ps1'
[0.785s] INFO:colcon.colcon_core.shell:Creating environment descriptor '/home/santiago/ros2_ws/phantom_ws/install/phantomx_pincher_description/share/phantomx_pincher_description/hook/cmake_prefix_path.dsv'
[0.786s] INFO:colcon.colcon_core.shell:Creating environment hook '/home/santiago/ros2_ws/phantom_ws/install/phantomx_pincher_description/share/phantomx_pincher_description/hook/cmake_prefix_path.sh'
[0.787s] Level 1:colcon.colcon_core.environment:checking '/home/santiago/ros2_ws/phantom_ws/install/phantomx_pincher_description/lib'
[0.787s] Level 1:colcon.colcon_core.environment:checking '/home/santiago/ros2_ws/phantom_ws/install/phantomx_pincher_description/bin'
[0.787s] Level 1:colcon.colcon_core.environment:checking '/home/santiago/ros2_ws/phantom_ws/install/phantomx_pincher_description/lib/pkgconfig/phantomx_pincher_description.pc'
[0.788s] Level 1:colcon.colcon_core.environment:checking '/home/santiago/ros2_ws/phantom_ws/install/phantomx_pincher_description/lib/python3.10/site-packages'
[0.788s] Level 1:colcon.colcon_core.environment:checking '/home/santiago/ros2_ws/phantom_ws/install/phantomx_pincher_description/bin'
[0.788s] INFO:colcon.colcon_core.shell:Creating package script '/home/santiago/ros2_ws/phantom_ws/install/phantomx_pincher_description/share/phantomx_pincher_description/package.ps1'
[0.789s] INFO:colcon.colcon_core.shell:Creating package descriptor '/home/santiago/ros2_ws/phantom_ws/install/phantomx_pincher_description/share/phantomx_pincher_description/package.dsv'
[0.789s] INFO:colcon.colcon_core.shell:Creating package script '/home/santiago/ros2_ws/phantom_ws/install/phantomx_pincher_description/share/phantomx_pincher_description/package.sh'
[0.790s] INFO:colcon.colcon_core.shell:Creating package script '/home/santiago/ros2_ws/phantom_ws/install/phantomx_pincher_description/share/phantomx_pincher_description/package.bash'
[0.791s] INFO:colcon.colcon_core.shell:Creating package script '/home/santiago/ros2_ws/phantom_ws/install/phantomx_pincher_description/share/phantomx_pincher_description/package.zsh'
[0.792s] Level 1:colcon.colcon_core.environment:create_file_with_runtime_dependencies(/home/santiago/ros2_ws/phantom_ws/install/phantomx_pincher_description/share/colcon-core/packages/phantomx_pincher_description)
[0.794s] INFO:colcon.colcon_ros.task.ament_cmake.build:Building ROS package in '/home/santiago/ros2_ws/phantom_ws/src/phantomx_pincher/phantomx_pincher_moveit_config' with build type 'ament_cmake'
[0.795s] INFO:colcon.colcon_cmake.task.cmake.build:Building CMake package in '/home/santiago/ros2_ws/phantom_ws/src/phantomx_pincher/phantomx_pincher_moveit_config'
[0.795s] INFO:colcon.colcon_core.shell:Skip shell extension 'powershell' for command environment: Not usable outside of PowerShell
[0.795s] DEBUG:colcon.colcon_core.shell:Skip shell extension 'dsv' for command environment
[0.826s] DEBUG:colcon.colcon_core.event_handler.log_command:Invoking command in '/home/santiago/ros2_ws/phantom_ws/build/phantomx_pincher_moveit_config': CMAKE_PREFIX_PATH=/home/santiago/ros2_ws/phantom_ws/install/phantomx_pincher_description:/home/santiago/ros2_ws/phantom_ws/install/phantomx_pincher_moveit_config:/home/santiago/ros2_ws/phantom_ws/install/phantomx_pincher_demos:/home/santiago/ros2_ws/phantom_ws/install/phantomx_pincher:/home/santiago/ros2_ws/phantom_ws/install/pincher_control:/opt/ros/humble /usr/bin/cmake --build /home/santiago/ros2_ws/phantom_ws/build/phantomx_pincher_moveit_config -- -j4 -l4
[0.921s] DEBUG:colcon.colcon_core.event_handler.log_command:Invoked command in '/home/santiago/ros2_ws/phantom_ws/build/phantomx_pincher_moveit_config' returned '0': CMAKE_PREFIX_PATH=/home/santiago/ros2_ws/phantom_ws/install/phantomx_pincher_description:/home/santiago/ros2_ws/phantom_ws/install/phantomx_pincher_moveit_config:/home/santiago/ros2_ws/phantom_ws/install/phantomx_pincher_demos:/home/santiago/ros2_ws/phantom_ws/install/phantomx_pincher:/home/santiago/ros2_ws/phantom_ws/install/pincher_control:/opt/ros/humble /usr/bin/cmake --build /home/santiago/ros2_ws/phantom_ws/build/phantomx_pincher_moveit_config -- -j4 -l4
[0.921s] DEBUG:colcon.colcon_core.event_handler.log_command:Invoking command in '/home/santiago/ros2_ws/phantom_ws/build/phantomx_pincher_moveit_config': CMAKE_PREFIX_PATH=/home/santiago/ros2_ws/phantom_ws/install/phantomx_pincher_description:/home/santiago/ros2_ws/phantom_ws/install/phantomx_pincher_moveit_config:/home/santiago/ros2_ws/phantom_ws/install/phantomx_pincher_demos:/home/santiago/ros2_ws/phantom_ws/install/phantomx_pincher:/home/santiago/ros2_ws/phantom_ws/install/pincher_control:/opt/ros/humble /usr/bin/cmake --install /home/santiago/ros2_ws/phantom_ws/build/phantomx_pincher_moveit_config
[0.949s] Level 1:colcon.colcon_core.environment:create_environment_scripts_only(phantomx_pincher_moveit_config)
[0.950s] Level 1:colcon.colcon_core.environment:checking '/home/santiago/ros2_ws/phantom_ws/install/phantomx_pincher_moveit_config' for CMake module files
[0.950s] Level 1:colcon.colcon_core.environment:checking '/home/santiago/ros2_ws/phantom_ws/install/phantomx_pincher_moveit_config' for CMake config files
[0.951s] Level 1:colcon.colcon_core.shell:create_environment_hook('phantomx_pincher_moveit_config', 'cmake_prefix_path')
[0.951s] DEBUG:colcon.colcon_core.event_handler.log_command:Invoked command in '/home/santiago/ros2_ws/phantom_ws/build/phantomx_pincher_moveit_config' returned '0': CMAKE_PREFIX_PATH=/home/santiago/ros2_ws/phantom_ws/install/phantomx_pincher_description:/home/santiago/ros2_ws/phantom_ws/install/phantomx_pincher_moveit_config:/home/santiago/ros2_ws/phantom_ws/install/phantomx_pincher_demos:/home/santiago/ros2_ws/phantom_ws/install/phantomx_pincher:/home/santiago/ros2_ws/phantom_ws/install/pincher_control:/opt/ros/humble /usr/bin/cmake --install /home/santiago/ros2_ws/phantom_ws/build/phantomx_pincher_moveit_config
[0.951s] INFO:colcon.colcon_core.shell:Creating environment hook '/home/santiago/ros2_ws/phantom_ws/install/phantomx_pincher_moveit_config/share/phantomx_pincher_moveit_config/hook/cmake_prefix_path.ps1'
[0.952s] INFO:colcon.colcon_core.shell:Creating environment descriptor '/home/santiago/ros2_ws/phantom_ws/install/phantomx_pincher_moveit_config/share/phantomx_pincher_moveit_config/hook/cmake_prefix_path.dsv'
[0.953s] INFO:colcon.colcon_core.shell:Creating environment hook '/home/santiago/ros2_ws/phantom_ws/install/phantomx_pincher_moveit_config/share/phantomx_pincher_moveit_config/hook/cmake_prefix_path.sh'
[0.954s] Level 1:colcon.colcon_core.environment:checking '/home/santiago/ros2_ws/phantom_ws/install/phantomx_pincher_moveit_config/bin'
[0.954s] Level 1:colcon.colcon_core.environment:checking '/home/santiago/ros2_ws/phantom_ws/install/phantomx_pincher_moveit_config/lib/pkgconfig/phantomx_pincher_moveit_config.pc'
[0.954s] Level 1:colcon.colcon_core.environment:checking '/home/santiago/ros2_ws/phantom_ws/install/phantomx_pincher_moveit_config/lib/python3.10/site-packages'
[0.954s] Level 1:colcon.colcon_core.environment:checking '/home/santiago/ros2_ws/phantom_ws/install/phantomx_pincher_moveit_config/bin'
[0.955s] INFO:colcon.colcon_core.shell:Creating package script '/home/santiago/ros2_ws/phantom_ws/install/phantomx_pincher_moveit_config/share/phantomx_pincher_moveit_config/package.ps1'
[0.955s] INFO:colcon.colcon_core.shell:Creating package descriptor '/home/santiago/ros2_ws/phantom_ws/install/phantomx_pincher_moveit_config/share/phantomx_pincher_moveit_config/package.dsv'
[0.956s] INFO:colcon.colcon_core.shell:Creating package script '/home/santiago/ros2_ws/phantom_ws/install/phantomx_pincher_moveit_config/share/phantomx_pincher_moveit_config/package.sh'
[0.957s] INFO:colcon.colcon_core.shell:Creating package script '/home/santiago/ros2_ws/phantom_ws/install/phantomx_pincher_moveit_config/share/phantomx_pincher_moveit_config/package.bash'
[0.957s] INFO:colcon.colcon_core.shell:Creating package script '/home/santiago/ros2_ws/phantom_ws/install/phantomx_pincher_moveit_config/share/phantomx_pincher_moveit_config/package.zsh'
[0.958s] Level 1:colcon.colcon_core.environment:create_file_with_runtime_dependencies(/home/santiago/ros2_ws/phantom_ws/install/phantomx_pincher_moveit_config/share/colcon-core/packages/phantomx_pincher_moveit_config)
[0.959s] Level 1:colcon.colcon_core.environment:create_environment_scripts_only(phantomx_pincher_moveit_config)
[0.959s] Level 1:colcon.colcon_core.environment:checking '/home/santiago/ros2_ws/phantom_ws/install/phantomx_pincher_moveit_config' for CMake module files
[0.959s] Level 1:colcon.colcon_core.environment:checking '/home/santiago/ros2_ws/phantom_ws/install/phantomx_pincher_moveit_config' for CMake config files
[0.959s] Level 1:colcon.colcon_core.shell:create_environment_hook('phantomx_pincher_moveit_config', 'cmake_prefix_path')
[0.960s] INFO:colcon.colcon_core.shell:Creating environment hook '/home/santiago/ros2_ws/phantom_ws/install/phantomx_pincher_moveit_config/share/phantomx_pincher_moveit_config/hook/cmake_prefix_path.ps1'
[0.960s] INFO:colcon.colcon_core.shell:Creating environment descriptor '/home/santiago/ros2_ws/phantom_ws/install/phantomx_pincher_moveit_config/share/phantomx_pincher_moveit_config/hook/cmake_prefix_path.dsv'
[0.961s] INFO:colcon.colcon_core.shell:Creating environment hook '/home/santiago/ros2_ws/phantom_ws/install/phantomx_pincher_moveit_config/share/phantomx_pincher_moveit_config/hook/cmake_prefix_path.sh'
[0.963s] Level 1:colcon.colcon_core.environment:checking '/home/santiago/ros2_ws/phantom_ws/install/phantomx_pincher_moveit_config/bin'
[0.963s] Level 1:colcon.colcon_core.environment:checking '/home/santiago/ros2_ws/phantom_ws/install/phantomx_pincher_moveit_config/lib/pkgconfig/phantomx_pincher_moveit_config.pc'
[0.963s] Level 1:colcon.colcon_core.environment:checking '/home/santiago/ros2_ws/phantom_ws/install/phantomx_pincher_moveit_config/lib/python3.10/site-packages'
[0.963s] Level 1:colcon.colcon_core.environment:checking '/home/santiago/ros2_ws/phantom_ws/install/phantomx_pincher_moveit_config/bin'
[0.963s] INFO:colcon.colcon_core.shell:Creating package script '/home/santiago/ros2_ws/phantom_ws/install/phantomx_pincher_moveit_config/share/phantomx_pincher_moveit_config/package.ps1'
[0.964s] INFO:colcon.colcon_core.shell:Creating package descriptor '/home/santiago/ros2_ws/phantom_ws/install/phantomx_pincher_moveit_config/share/phantomx_pincher_moveit_config/package.dsv'
[0.965s] INFO:colcon.colcon_core.shell:Creating package script '/home/santiago/ros2_ws/phantom_ws/install/phantomx_pincher_moveit_config/share/phantomx_pincher_moveit_config/package.sh'
[0.965s] INFO:colcon.colcon_core.shell:Creating package script '/home/santiago/ros2_ws/phantom_ws/install/phantomx_pincher_moveit_config/share/phantomx_pincher_moveit_config/package.bash'
[0.966s] INFO:colcon.colcon_core.shell:Creating package script '/home/santiago/ros2_ws/phantom_ws/install/phantomx_pincher_moveit_config/share/phantomx_pincher_moveit_config/package.zsh'
[0.966s] Level 1:colcon.colcon_core.environment:create_file_with_runtime_dependencies(/home/santiago/ros2_ws/phantom_ws/install/phantomx_pincher_moveit_config/share/colcon-core/packages/phantomx_pincher_moveit_config)
[0.968s] INFO:colcon.colcon_ros.task.ament_cmake.build:Building ROS package in '/home/santiago/ros2_ws/phantom_ws/src/phantomx_pincher/phantomx_pincher' with build type 'ament_cmake'
[0.968s] INFO:colcon.colcon_cmake.task.cmake.build:Building CMake package in '/home/santiago/ros2_ws/phantom_ws/src/phantomx_pincher/phantomx_pincher'
[0.969s] INFO:colcon.colcon_core.shell:Skip shell extension 'powershell' for command environment: Not usable outside of PowerShell
[0.969s] DEBUG:colcon.colcon_core.shell:Skip shell extension 'dsv' for command environment
[0.982s] DEBUG:colcon.colcon_core.event_handler.log_command:Invoking command in '/home/santiago/ros2_ws/phantom_ws/build/phantomx_pincher': CMAKE_PREFIX_PATH=${CMAKE_PREFIX_PATH}:/home/santiago/ros2_ws/phantom_ws/install/pincher_control:/opt/ros/humble /usr/bin/cmake --build /home/santiago/ros2_ws/phantom_ws/build/phantomx_pincher -- -j4 -l4
[1.059s] DEBUG:colcon.colcon_core.event_handler.log_command:Invoked command in '/home/santiago/ros2_ws/phantom_ws/build/phantomx_pincher' returned '0': CMAKE_PREFIX_PATH=${CMAKE_PREFIX_PATH}:/home/santiago/ros2_ws/phantom_ws/install/pincher_control:/opt/ros/humble /usr/bin/cmake --build /home/santiago/ros2_ws/phantom_ws/build/phantomx_pincher -- -j4 -l4
[1.059s] DEBUG:colcon.colcon_core.event_handler.log_command:Invoking command in '/home/santiago/ros2_ws/phantom_ws/build/phantomx_pincher': CMAKE_PREFIX_PATH=${CMAKE_PREFIX_PATH}:/home/santiago/ros2_ws/phantom_ws/install/pincher_control:/opt/ros/humble /usr/bin/cmake --install /home/santiago/ros2_ws/phantom_ws/build/phantomx_pincher
[1.080s] Level 1:colcon.colcon_core.environment:create_environment_scripts_only(phantomx_pincher)
[1.080s] Level 1:colcon.colcon_core.environment:checking '/home/santiago/ros2_ws/phantom_ws/install/phantomx_pincher' for CMake module files
[1.081s] Level 1:colcon.colcon_core.environment:checking '/home/santiago/ros2_ws/phantom_ws/install/phantomx_pincher' for CMake config files
[1.081s] Level 1:colcon.colcon_core.shell:create_environment_hook('phantomx_pincher', 'cmake_prefix_path')
[1.082s] INFO:colcon.colcon_core.shell:Creating environment hook '/home/santiago/ros2_ws/phantom_ws/install/phantomx_pincher/share/phantomx_pincher/hook/cmake_prefix_path.ps1'
[1.084s] INFO:colcon.colcon_core.shell:Creating environment descriptor '/home/santiago/ros2_ws/phantom_ws/install/phantomx_pincher/share/phantomx_pincher/hook/cmake_prefix_path.dsv'
[1.085s] DEBUG:colcon.colcon_core.event_handler.log_command:Invoked command in '/home/santiago/ros2_ws/phantom_ws/build/phantomx_pincher' returned '0': CMAKE_PREFIX_PATH=${CMAKE_PREFIX_PATH}:/home/santiago/ros2_ws/phantom_ws/install/pincher_control:/opt/ros/humble /usr/bin/cmake --install /home/santiago/ros2_ws/phantom_ws/build/phantomx_pincher
[1.086s] INFO:colcon.colcon_core.shell:Creating environment hook '/home/santiago/ros2_ws/phantom_ws/install/phantomx_pincher/share/phantomx_pincher/hook/cmake_prefix_path.sh'
[1.088s] Level 1:colcon.colcon_core.environment:checking '/home/santiago/ros2_ws/phantom_ws/install/phantomx_pincher/bin'
[1.088s] Level 1:colcon.colcon_core.environment:checking '/home/santiago/ros2_ws/phantom_ws/install/phantomx_pincher/lib/pkgconfig/phantomx_pincher.pc'
[1.088s] Level 1:colcon.colcon_core.environment:checking '/home/santiago/ros2_ws/phantom_ws/install/phantomx_pincher/lib/python3.10/site-packages'
[1.088s] Level 1:colcon.colcon_core.environment:checking '/home/santiago/ros2_ws/phantom_ws/install/phantomx_pincher/bin'
[1.089s] INFO:colcon.colcon_core.shell:Creating package script '/home/santiago/ros2_ws/phantom_ws/install/phantomx_pincher/share/phantomx_pincher/package.ps1'
[1.090s] INFO:colcon.colcon_core.shell:Creating package descriptor '/home/santiago/ros2_ws/phantom_ws/install/phantomx_pincher/share/phantomx_pincher/package.dsv'
[1.091s] INFO:colcon.colcon_core.shell:Creating package script '/home/santiago/ros2_ws/phantom_ws/install/phantomx_pincher/share/phantomx_pincher/package.sh'
[1.093s] INFO:colcon.colcon_core.shell:Creating package script '/home/santiago/ros2_ws/phantom_ws/install/phantomx_pincher/share/phantomx_pincher/package.bash'
[1.094s] INFO:colcon.colcon_core.shell:Creating package script '/home/santiago/ros2_ws/phantom_ws/install/phantomx_pincher/share/phantomx_pincher/package.zsh'
[1.095s] Level 1:colcon.colcon_core.environment:create_file_with_runtime_dependencies(/home/santiago/ros2_ws/phantom_ws/install/phantomx_pincher/share/colcon-core/packages/phantomx_pincher)
[1.096s] Level 1:colcon.colcon_core.environment:create_environment_scripts_only(phantomx_pincher)
[1.097s] Level 1:colcon.colcon_core.environment:checking '/home/santiago/ros2_ws/phantom_ws/install/phantomx_pincher' for CMake module files
[1.097s] Level 1:colcon.colcon_core.environment:checking '/home/santiago/ros2_ws/phantom_ws/install/phantomx_pincher' for CMake config files
[1.097s] Level 1:colcon.colcon_core.shell:create_environment_hook('phantomx_pincher', 'cmake_prefix_path')
[1.098s] INFO:colcon.colcon_core.shell:Creating environment hook '/home/santiago/ros2_ws/phantom_ws/install/phantomx_pincher/share/phantomx_pincher/hook/cmake_prefix_path.ps1'
[1.099s] INFO:colcon.colcon_core.shell:Creating environment descriptor '/home/santiago/ros2_ws/phantom_ws/install/phantomx_pincher/share/phantomx_pincher/hook/cmake_prefix_path.dsv'
[1.100s] INFO:colcon.colcon_core.shell:Creating environment hook '/home/santiago/ros2_ws/phantom_ws/install/phantomx_pincher/share/phantomx_pincher/hook/cmake_prefix_path.sh'
[1.102s] Level 1:colcon.colcon_core.environment:checking '/home/santiago/ros2_ws/phantom_ws/install/phantomx_pincher/bin'
[1.102s] Level 1:colcon.colcon_core.environment:checking '/home/santiago/ros2_ws/phantom_ws/install/phantomx_pincher/lib/pkgconfig/phantomx_pincher.pc'
[1.102s] Level 1:colcon.colcon_core.environment:checking '/home/santiago/ros2_ws/phantom_ws/install/phantomx_pincher/lib/python3.10/site-packages'
[1.102s] Level 1:colcon.colcon_core.environment:checking '/home/santiago/ros2_ws/phantom_ws/install/phantomx_pincher/bin'
[1.103s] INFO:colcon.colcon_core.shell:Creating package script '/home/santiago/ros2_ws/phantom_ws/install/phantomx_pincher/share/phantomx_pincher/package.ps1'
[1.104s] INFO:colcon.colcon_core.shell:Creating package descriptor '/home/santiago/ros2_ws/phantom_ws/install/phantomx_pincher/share/phantomx_pincher/package.dsv'
[1.105s] INFO:colcon.colcon_core.shell:Creating package script '/home/santiago/ros2_ws/phantom_ws/install/phantomx_pincher/share/phantomx_pincher/package.sh'
[1.106s] INFO:colcon.colcon_core.shell:Creating package script '/home/santiago/ros2_ws/phantom_ws/install/phantomx_pincher/share/phantomx_pincher/package.bash'
[1.108s] INFO:colcon.colcon_core.shell:Creating package script '/home/santiago/ros2_ws/phantom_ws/install/phantomx_pincher/share/phantomx_pincher/package.zsh'
[1.109s] Level 1:colcon.colcon_core.environment:create_file_with_runtime_dependencies(/home/santiago/ros2_ws/phantom_ws/install/phantomx_pincher/share/colcon-core/packages/phantomx_pincher)
[1.110s] INFO:colcon.colcon_ros.task.ament_cmake.build:Building ROS package in '/home/santiago/ros2_ws/phantom_ws/src/phantomx_pincher/phantomx_pincher_demos' with build type 'ament_cmake'
[1.110s] INFO:colcon.colcon_cmake.task.cmake.build:Building CMake package in '/home/santiago/ros2_ws/phantom_ws/src/phantomx_pincher/phantomx_pincher_demos'
[1.110s] INFO:colcon.colcon_core.shell:Skip shell extension 'powershell' for command environment: Not usable outside of PowerShell
[1.111s] DEBUG:colcon.colcon_core.shell:Skip shell extension 'dsv' for command environment
[1.150s] DEBUG:colcon.colcon_core.event_handler.log_command:Invoking command in '/home/santiago/ros2_ws/phantom_ws/build/phantomx_pincher_demos': CMAKE_PREFIX_PATH=/home/santiago/ros2_ws/phantom_ws/install/phantomx_pincher:/home/santiago/ros2_ws/phantom_ws/install/phantomx_pincher_moveit_config:/home/santiago/ros2_ws/phantom_ws/install/phantomx_pincher_description:/home/santiago/ros2_ws/phantom_ws/install/phantomx_pincher_demos:/home/santiago/ros2_ws/phantom_ws/install/pincher_control:/opt/ros/humble /usr/bin/cmake --build /home/santiago/ros2_ws/phantom_ws/build/phantomx_pincher_demos -- -j4 -l4
[1.159s] DEBUG:colcon.colcon_core.event_handler.log_command:Invoking command in '/home/santiago/ros2_ws/phantom_ws/src/pincher_control': PYTHONPATH=/home/santiago/ros2_ws/phantom_ws/build/pincher_control/prefix_override:/usr/lib/python3/dist-packages/colcon_core/task/python/colcon_distutils_commands:/home/santiago/ros2_ws/phantom_ws/install/pincher_control/lib/python3.10/site-packages:${PYTHONPATH} /usr/bin/python3 -W ignore:setup.py install is deprecated -W ignore:easy_install command is deprecated setup.py egg_info --egg-base ../../build/pincher_control build --build-base /home/santiago/ros2_ws/phantom_ws/build/pincher_control/build install --record /home/santiago/ros2_ws/phantom_ws/build/pincher_control/install.log --single-version-externally-managed install_data
[1.236s] DEBUG:colcon.colcon_core.event_handler.log_command:Invoked command in '/home/santiago/ros2_ws/phantom_ws/build/phantomx_pincher_demos' returned '0': CMAKE_PREFIX_PATH=/home/santiago/ros2_ws/phantom_ws/install/phantomx_pincher:/home/santiago/ros2_ws/phantom_ws/install/phantomx_pincher_moveit_config:/home/santiago/ros2_ws/phantom_ws/install/phantomx_pincher_description:/home/santiago/ros2_ws/phantom_ws/install/phantomx_pincher_demos:/home/santiago/ros2_ws/phantom_ws/install/pincher_control:/opt/ros/humble /usr/bin/cmake --build /home/santiago/ros2_ws/phantom_ws/build/phantomx_pincher_demos -- -j4 -l4
[1.242s] DEBUG:colcon.colcon_core.event_handler.log_command:Invoking command in '/home/santiago/ros2_ws/phantom_ws/build/phantomx_pincher_demos': CMAKE_PREFIX_PATH=/home/santiago/ros2_ws/phantom_ws/install/phantomx_pincher:/home/santiago/ros2_ws/phantom_ws/install/phantomx_pincher_moveit_config:/home/santiago/ros2_ws/phantom_ws/install/phantomx_pincher_description:/home/santiago/ros2_ws/phantom_ws/install/phantomx_pincher_demos:/home/santiago/ros2_ws/phantom_ws/install/pincher_control:/opt/ros/humble /usr/bin/cmake --install /home/santiago/ros2_ws/phantom_ws/build/phantomx_pincher_demos
[1.264s] Level 1:colcon.colcon_core.environment:create_environment_scripts_only(phantomx_pincher_demos)
[1.265s] Level 1:colcon.colcon_core.environment:checking '/home/santiago/ros2_ws/phantom_ws/install/phantomx_pincher_demos' for CMake module files
[1.268s] Level 1:colcon.colcon_core.environment:checking '/home/santiago/ros2_ws/phantom_ws/install/phantomx_pincher_demos' for CMake config files
[1.268s] DEBUG:colcon.colcon_core.event_handler.log_command:Invoked command in '/home/santiago/ros2_ws/phantom_ws/build/phantomx_pincher_demos' returned '0': CMAKE_PREFIX_PATH=/home/santiago/ros2_ws/phantom_ws/install/phantomx_pincher:/home/santiago/ros2_ws/phantom_ws/install/phantomx_pincher_moveit_config:/home/santiago/ros2_ws/phantom_ws/install/phantomx_pincher_description:/home/santiago/ros2_ws/phantom_ws/install/phantomx_pincher_demos:/home/santiago/ros2_ws/phantom_ws/install/pincher_control:/opt/ros/humble /usr/bin/cmake --install /home/santiago/ros2_ws/phantom_ws/build/phantomx_pincher_demos
[1.269s] Level 1:colcon.colcon_core.shell:create_environment_hook('phantomx_pincher_demos', 'cmake_prefix_path')
[1.269s] INFO:colcon.colcon_core.shell:Creating environment hook '/home/santiago/ros2_ws/phantom_ws/install/phantomx_pincher_demos/share/phantomx_pincher_demos/hook/cmake_prefix_path.ps1'
[1.270s] INFO:colcon.colcon_core.shell:Creating environment descriptor '/home/santiago/ros2_ws/phantom_ws/install/phantomx_pincher_demos/share/phantomx_pincher_demos/hook/cmake_prefix_path.dsv'
[1.271s] INFO:colcon.colcon_core.shell:Creating environment hook '/home/santiago/ros2_ws/phantom_ws/install/phantomx_pincher_demos/share/phantomx_pincher_demos/hook/cmake_prefix_path.sh'
[1.273s] Level 1:colcon.colcon_core.environment:checking '/home/santiago/ros2_ws/phantom_ws/install/phantomx_pincher_demos/lib'
[1.273s] Level 1:colcon.colcon_core.environment:checking '/home/santiago/ros2_ws/phantom_ws/install/phantomx_pincher_demos/bin'
[1.273s] Level 1:colcon.colcon_core.environment:checking '/home/santiago/ros2_ws/phantom_ws/install/phantomx_pincher_demos/lib/pkgconfig/phantomx_pincher_demos.pc'
[1.273s] Level 1:colcon.colcon_core.environment:checking '/home/santiago/ros2_ws/phantom_ws/install/phantomx_pincher_demos/lib/python3.10/site-packages'
[1.273s] Level 1:colcon.colcon_core.environment:checking '/home/santiago/ros2_ws/phantom_ws/install/phantomx_pincher_demos/bin'
[1.273s] INFO:colcon.colcon_core.shell:Creating package script '/home/santiago/ros2_ws/phantom_ws/install/phantomx_pincher_demos/share/phantomx_pincher_demos/package.ps1'
[1.274s] INFO:colcon.colcon_core.shell:Creating package descriptor '/home/santiago/ros2_ws/phantom_ws/install/phantomx_pincher_demos/share/phantomx_pincher_demos/package.dsv'
[1.275s] INFO:colcon.colcon_core.shell:Creating package script '/home/santiago/ros2_ws/phantom_ws/install/phantomx_pincher_demos/share/phantomx_pincher_demos/package.sh'
[1.276s] INFO:colcon.colcon_core.shell:Creating package script '/home/santiago/ros2_ws/phantom_ws/install/phantomx_pincher_demos/share/phantomx_pincher_demos/package.bash'
[1.276s] INFO:colcon.colcon_core.shell:Creating package script '/home/santiago/ros2_ws/phantom_ws/install/phantomx_pincher_demos/share/phantomx_pincher_demos/package.zsh'
[1.277s] Level 1:colcon.colcon_core.environment:create_file_with_runtime_dependencies(/home/santiago/ros2_ws/phantom_ws/install/phantomx_pincher_demos/share/colcon-core/packages/phantomx_pincher_demos)
[1.279s] Level 1:colcon.colcon_core.environment:create_environment_scripts_only(phantomx_pincher_demos)
[1.279s] Level 1:colcon.colcon_core.environment:checking '/home/santiago/ros2_ws/phantom_ws/install/phantomx_pincher_demos' for CMake module files
[1.279s] Level 1:colcon.colcon_core.environment:checking '/home/santiago/ros2_ws/phantom_ws/install/phantomx_pincher_demos' for CMake config files
[1.279s] Level 1:colcon.colcon_core.shell:create_environment_hook('phantomx_pincher_demos', 'cmake_prefix_path')
[1.280s] INFO:colcon.colcon_core.shell:Creating environment hook '/home/santiago/ros2_ws/phantom_ws/install/phantomx_pincher_demos/share/phantomx_pincher_demos/hook/cmake_prefix_path.ps1'
[1.280s] INFO:colcon.colcon_core.shell:Creating environment descriptor '/home/santiago/ros2_ws/phantom_ws/install/phantomx_pincher_demos/share/phantomx_pincher_demos/hook/cmake_prefix_path.dsv'
[1.281s] INFO:colcon.colcon_core.shell:Creating environment hook '/home/santiago/ros2_ws/phantom_ws/install/phantomx_pincher_demos/share/phantomx_pincher_demos/hook/cmake_prefix_path.sh'
[1.282s] Level 1:colcon.colcon_core.environment:checking '/home/santiago/ros2_ws/phantom_ws/install/phantomx_pincher_demos/lib'
[1.282s] Level 1:colcon.colcon_core.environment:checking '/home/santiago/ros2_ws/phantom_ws/install/phantomx_pincher_demos/bin'
[1.282s] Level 1:colcon.colcon_core.environment:checking '/home/santiago/ros2_ws/phantom_ws/install/phantomx_pincher_demos/lib/pkgconfig/phantomx_pincher_demos.pc'
[1.283s] Level 1:colcon.colcon_core.environment:checking '/home/santiago/ros2_ws/phantom_ws/install/phantomx_pincher_demos/lib/python3.10/site-packages'
[1.283s] Level 1:colcon.colcon_core.environment:checking '/home/santiago/ros2_ws/phantom_ws/install/phantomx_pincher_demos/bin'
[1.283s] INFO:colcon.colcon_core.shell:Creating package script '/home/santiago/ros2_ws/phantom_ws/install/phantomx_pincher_demos/share/phantomx_pincher_demos/package.ps1'
[1.284s] INFO:colcon.colcon_core.shell:Creating package descriptor '/home/santiago/ros2_ws/phantom_ws/install/phantomx_pincher_demos/share/phantomx_pincher_demos/package.dsv'
[1.285s] INFO:colcon.colcon_core.shell:Creating package script '/home/santiago/ros2_ws/phantom_ws/install/phantomx_pincher_demos/share/phantomx_pincher_demos/package.sh'
[1.286s] INFO:colcon.colcon_core.shell:Creating package script '/home/santiago/ros2_ws/phantom_ws/install/phantomx_pincher_demos/share/phantomx_pincher_demos/package.bash'
[1.286s] INFO:colcon.colcon_core.shell:Creating package script '/home/santiago/ros2_ws/phantom_ws/install/phantomx_pincher_demos/share/phantomx_pincher_demos/package.zsh'
[1.287s] Level 1:colcon.colcon_core.environment:create_file_with_runtime_dependencies(/home/santiago/ros2_ws/phantom_ws/install/phantomx_pincher_demos/share/colcon-core/packages/phantomx_pincher_demos)
[1.467s] Level 1:colcon.colcon_core.environment:checking '/home/santiago/ros2_ws/phantom_ws/install/pincher_control' for CMake module files
[1.468s] DEBUG:colcon.colcon_core.event_handler.log_command:Invoked command in '/home/santiago/ros2_ws/phantom_ws/src/pincher_control' returned '0': PYTHONPATH=/home/santiago/ros2_ws/phantom_ws/build/pincher_control/prefix_override:/usr/lib/python3/dist-packages/colcon_core/task/python/colcon_distutils_commands:/home/santiago/ros2_ws/phantom_ws/install/pincher_control/lib/python3.10/site-packages:${PYTHONPATH} /usr/bin/python3 -W ignore:setup.py install is deprecated -W ignore:easy_install command is deprecated setup.py egg_info --egg-base ../../build/pincher_control build --build-base /home/santiago/ros2_ws/phantom_ws/build/pincher_control/build install --record /home/santiago/ros2_ws/phantom_ws/build/pincher_control/install.log --single-version-externally-managed install_data
[1.468s] Level 1:colcon.colcon_core.environment:checking '/home/santiago/ros2_ws/phantom_ws/install/pincher_control' for CMake config files
[1.469s] Level 1:colcon.colcon_core.environment:checking '/home/santiago/ros2_ws/phantom_ws/install/pincher_control/lib'
[1.469s] Level 1:colcon.colcon_core.environment:checking '/home/santiago/ros2_ws/phantom_ws/install/pincher_control/bin'
[1.469s] Level 1:colcon.colcon_core.environment:checking '/home/santiago/ros2_ws/phantom_ws/install/pincher_control/lib/pkgconfig/pincher_control.pc'
[1.469s] Level 1:colcon.colcon_core.environment:checking '/home/santiago/ros2_ws/phantom_ws/install/pincher_control/lib/python3.10/site-packages'
[1.469s] Level 1:colcon.colcon_core.shell:create_environment_hook('pincher_control', 'pythonpath')
[1.470s] INFO:colcon.colcon_core.shell:Creating environment hook '/home/santiago/ros2_ws/phantom_ws/install/pincher_control/share/pincher_control/hook/pythonpath.ps1'
[1.470s] INFO:colcon.colcon_core.shell:Creating environment descriptor '/home/santiago/ros2_ws/phantom_ws/install/pincher_control/share/pincher_control/hook/pythonpath.dsv'
[1.471s] INFO:colcon.colcon_core.shell:Creating environment hook '/home/santiago/ros2_ws/phantom_ws/install/pincher_control/share/pincher_control/hook/pythonpath.sh'
[1.472s] Level 1:colcon.colcon_core.environment:checking '/home/santiago/ros2_ws/phantom_ws/install/pincher_control/bin'
[1.472s] Level 1:colcon.colcon_core.environment:create_environment_scripts_only(pincher_control)
[1.473s] INFO:colcon.colcon_core.shell:Creating package script '/home/santiago/ros2_ws/phantom_ws/install/pincher_control/share/pincher_control/package.ps1'
[1.473s] INFO:colcon.colcon_core.shell:Creating package descriptor '/home/santiago/ros2_ws/phantom_ws/install/pincher_control/share/pincher_control/package.dsv'
[1.474s] INFO:colcon.colcon_core.shell:Creating package script '/home/santiago/ros2_ws/phantom_ws/install/pincher_control/share/pincher_control/package.sh'
[1.475s] INFO:colcon.colcon_core.shell:Creating package script '/home/santiago/ros2_ws/phantom_ws/install/pincher_control/share/pincher_control/package.bash'
[1.475s] INFO:colcon.colcon_core.shell:Creating package script '/home/santiago/ros2_ws/phantom_ws/install/pincher_control/share/pincher_control/package.zsh'
[1.476s] Level 1:colcon.colcon_core.environment:create_file_with_runtime_dependencies(/home/santiago/ros2_ws/phantom_ws/install/pincher_control/share/colcon-core/packages/pincher_control)
[1.477s] DEBUG:colcon.colcon_parallel_executor.executor.parallel:closing loop
[1.477s] DEBUG:colcon.colcon_parallel_executor.executor.parallel:loop closed
[1.477s] DEBUG:colcon.colcon_parallel_executor.executor.parallel:run_until_complete finished with '0'
[1.478s] DEBUG:colcon.colcon_core.event_reactor:joining thread
[1.485s] INFO:colcon.colcon_core.plugin_system:Skipping extension 'colcon_notification.desktop_notification.terminal_notifier': Not used on non-Darwin systems
[1.485s] INFO:colcon.colcon_core.plugin_system:Skipping extension 'colcon_notification.desktop_notification.win32': Not used on non-Windows systems
[1.485s] INFO:colcon.colcon_notification.desktop_notification:Sending desktop notification using 'notify2'
[1.522s] DEBUG:colcon.colcon_core.event_reactor:joined thread
[1.522s] INFO:colcon.colcon_core.shell:Creating prefix script '/home/santiago/ros2_ws/phantom_ws/install/local_setup.ps1'
[1.525s] INFO:colcon.colcon_core.shell:Creating prefix util module '/home/santiago/ros2_ws/phantom_ws/install/_local_setup_util_ps1.py'
[1.532s] INFO:colcon.colcon_core.shell:Creating prefix chain script '/home/santiago/ros2_ws/phantom_ws/install/setup.ps1'
[1.534s] INFO:colcon.colcon_core.shell:Creating prefix script '/home/santiago/ros2_ws/phantom_ws/install/local_setup.sh'
[1.535s] INFO:colcon.colcon_core.shell:Creating prefix util module '/home/santiago/ros2_ws/phantom_ws/install/_local_setup_util_sh.py'
[1.536s] INFO:colcon.colcon_core.shell:Creating prefix chain script '/home/santiago/ros2_ws/phantom_ws/install/setup.sh'
[1.537s] INFO:colcon.colcon_core.shell:Creating prefix script '/home/santiago/ros2_ws/phantom_ws/install/local_setup.bash'
[1.538s] INFO:colcon.colcon_core.shell:Creating prefix chain script '/home/santiago/ros2_ws/phantom_ws/install/setup.bash'
[1.542s] INFO:colcon.colcon_core.shell:Creating prefix script '/home/santiago/ros2_ws/phantom_ws/install/local_setup.zsh'
[1.543s] INFO:colcon.colcon_core.shell:Creating prefix chain script '/home/santiago/ros2_ws/phantom_ws/install/setup.zsh'
